<?xml version="1.0" encoding="UTF-8"?>
<testsuite xmlns:xsi="http://www.w3.org/2001/XMLSchema-instance" xsi:noNamespaceSchemaLocation="https://maven.apache.org/surefire/maven-failsafe-plugin/xsd/failsafe-test-report.xsd" name="hrm.LoginRunner" time="310.062" tests="13" errors="12" skipped="0" failures="0">
  <properties>
    <property name="sun.desktop" value="windows"/>
    <property name="awt.toolkit" value="sun.awt.windows.WToolkit"/>
    <property name="file.encoding.pkg" value="sun.io"/>
    <property name="java.specification.version" value="1.8"/>
    <property name="sun.cpu.isalist" value="amd64"/>
    <property name="sun.jnu.encoding" value="Cp1252"/>
    <property name="java.class.path" value="D:\Automation test\hrm\target\test-classes;D:\Automation test\hrm\target\hrmv1-1.0-SNAPSHOT.jar;C:\Users\ngocn\.m2\repository\net\serenity-bdd\serenity-core\2.0.77\serenity-core-2.0.77.jar;C:\Users\ngocn\.m2\repository\net\bytebuddy\byte-buddy\1.10.1\byte-buddy-1.10.1.jar;C:\Users\ngocn\.m2\repository\net\bytebuddy\byte-buddy-agent\1.10.1\byte-buddy-agent-1.10.1.jar;C:\Users\ngocn\.m2\repository\com\google\guava\guava\25.0-jre\guava-25.0-jre.jar;C:\Users\ngocn\.m2\repository\com\google\code\findbugs\jsr305\1.3.9\jsr305-1.3.9.jar;C:\Users\ngocn\.m2\repository\org\checkerframework\checker-compat-qual\2.0.0\checker-compat-qual-2.0.0.jar;C:\Users\ngocn\.m2\repository\com\google\errorprone\error_prone_annotations\2.1.3\error_prone_annotations-2.1.3.jar;C:\Users\ngocn\.m2\repository\com\google\j2objc\j2objc-annotations\1.1\j2objc-annotations-1.1.jar;C:\Users\ngocn\.m2\repository\org\codehaus\mojo\animal-sniffer-annotations\1.14\animal-sniffer-annotations-1.14.jar;C:\Users\ngocn\.m2\repository\com\google\inject\guice\4.2.2\guice-4.2.2.jar;C:\Users\ngocn\.m2\repository\javax\inject\javax.inject\1\javax.inject-1.jar;C:\Users\ngocn\.m2\repository\aopalliance\aopalliance\1.0\aopalliance-1.0.jar;C:\Users\ngocn\.m2\repository\cglib\cglib\3.3.0\cglib-3.3.0.jar;C:\Users\ngocn\.m2\repository\org\ow2\asm\asm\7.2\asm-7.2.jar;C:\Users\ngocn\.m2\repository\commons-codec\commons-codec\1.10\commons-codec-1.10.jar;C:\Users\ngocn\.m2\repository\org\objenesis\objenesis\3.0.1\objenesis-3.0.1.jar;C:\Users\ngocn\.m2\repository\org\slf4j\slf4j-api\1.7.26\slf4j-api-1.7.26.jar;C:\Users\ngocn\.m2\repository\xml-apis\xml-apis\1.4.01\xml-apis-1.4.01.jar;C:\Users\ngocn\.m2\repository\io\cucumber\cucumber-core\2.4.0\cucumber-core-2.4.0.jar;C:\Users\ngocn\.m2\repository\info\cukes\cucumber-html\0.2.6\cucumber-html-0.2.6.jar;C:\Users\ngocn\.m2\repository\io\cucumber\cucumber-jvm-deps\1.0.6\cucumber-jvm-deps-1.0.6.jar;C:\Users\ngocn\.m2\repository\io\cucumber\gherkin\5.0.0\gherkin-5.0.0.jar;C:\Users\ngocn\.m2\repository\io\cucumber\tag-expressions\1.1.1\tag-expressions-1.1.1.jar;C:\Users\ngocn\.m2\repository\commons-logging\commons-logging\1.2\commons-logging-1.2.jar;C:\Users\ngocn\.m2\repository\io\vavr\vavr\0.9.0\vavr-0.9.0.jar;C:\Users\ngocn\.m2\repository\io\vavr\vavr-match\0.9.0\vavr-match-0.9.0.jar;C:\Users\ngocn\.m2\repository\javax\xml\bind\jaxb-api\2.2.12\jaxb-api-2.2.12.jar;C:\Users\ngocn\.m2\repository\com\sun\xml\bind\jaxb-core\2.3.0.1\jaxb-core-2.3.0.1.jar;C:\Users\ngocn\.m2\repository\com\sun\xml\bind\jaxb-impl\2.3.0.1\jaxb-impl-2.3.0.1.jar;C:\Users\ngocn\.m2\repository\javax\activation\activation\1.1.1\activation-1.1.1.jar;C:\Users\ngocn\.m2\repository\org\mockito\mockito-core\3.1.0\mockito-core-3.1.0.jar;C:\Users\ngocn\.m2\repository\net\serenity-bdd\serenity-report-resources\2.0.77\serenity-report-resources-2.0.77.jar;C:\Users\ngocn\.m2\repository\net\serenity-bdd\serenity-model\2.0.77\serenity-model-2.0.77.jar;C:\Users\ngocn\.m2\repository\commons-net\commons-net\3.6\commons-net-3.6.jar;C:\Users\ngocn\.m2\repository\org\apache\commons\commons-text\1.6\commons-text-1.6.jar;C:\Users\ngocn\.m2\repository\es\nitaur\markdown\txtmark\0.16\txtmark-0.16.jar;C:\Users\ngocn\.m2\repository\net\serenity-bdd\serenity-reports\2.0.77\serenity-reports-2.0.77.jar;C:\Users\ngocn\.m2\repository\net\serenity-bdd\serenity-stats\2.0.77\serenity-stats-2.0.77.jar;C:\Users\ngocn\.m2\repository\org\jetbrains\kotlin\kotlin-stdlib\1.3.31\kotlin-stdlib-1.3.31.jar;C:\Users\ngocn\.m2\repository\org\jetbrains\kotlin\kotlin-stdlib-common\1.3.31\kotlin-stdlib-common-1.3.31.jar;C:\Users\ngocn\.m2\repository\org\jetbrains\annotations\13.0\annotations-13.0.jar;C:\Users\ngocn\.m2\repository\com\google\code\gson\gson\2.8.4\gson-2.8.4.jar;C:\Users\ngocn\.m2\repository\commons-io\commons-io\2.6\commons-io-2.6.jar;C:\Users\ngocn\.m2\repository\org\seleniumhq\selenium\selenium-server\3.141.59\selenium-server-3.141.59.jar;C:\Users\ngocn\.m2\repository\org\seleniumhq\selenium\selenium-firefox-driver\3.141.59\selenium-firefox-driver-3.141.59.jar;C:\Users\ngocn\.m2\repository\org\seleniumhq\selenium\selenium-ie-driver\3.141.59\selenium-ie-driver-3.141.59.jar;C:\Users\ngocn\.m2\repository\com\beust\jcommander\1.72\jcommander-1.72.jar;C:\Users\ngocn\.m2\repository\org\apache\commons\commons-exec\1.3\commons-exec-1.3.jar;C:\Users\ngocn\.m2\repository\net\jcip\jcip-annotations\1.0\jcip-annotations-1.0.jar;C:\Users\ngocn\.m2\repository\org\seleniumhq\selenium\jetty-repacked\9.4.12.v20180830\jetty-repacked-9.4.12.v20180830.jar;C:\Users\ngocn\.m2\repository\com\squareup\okhttp3\okhttp\3.11.0\okhttp-3.11.0.jar;C:\Users\ngocn\.m2\repository\com\squareup\okio\okio\1.14.0\okio-1.14.0.jar;C:\Users\ngocn\.m2\repository\javax\servlet\javax.servlet-api\3.1.0\javax.servlet-api-3.1.0.jar;C:\Users\ngocn\.m2\repository\org\yaml\snakeyaml\1.19\snakeyaml-1.19.jar;C:\Users\ngocn\.m2\repository\org\seleniumhq\selenium\selenium-java\3.141.59\selenium-java-3.141.59.jar;C:\Users\ngocn\.m2\repository\org\seleniumhq\selenium\selenium-api\3.141.59\selenium-api-3.141.59.jar;C:\Users\ngocn\.m2\repository\org\seleniumhq\selenium\selenium-chrome-driver\3.141.59\selenium-chrome-driver-3.141.59.jar;C:\Users\ngocn\.m2\repository\org\seleniumhq\selenium\selenium-edge-driver\3.141.59\selenium-edge-driver-3.141.59.jar;C:\Users\ngocn\.m2\repository\org\seleniumhq\selenium\selenium-remote-driver\3.141.59\selenium-remote-driver-3.141.59.jar;C:\Users\ngocn\.m2\repository\org\seleniumhq\selenium\selenium-safari-driver\3.141.59\selenium-safari-driver-3.141.59.jar;C:\Users\ngocn\.m2\repository\org\seleniumhq\selenium\selenium-opera-driver\3.141.59\selenium-opera-driver-3.141.59.jar;C:\Users\ngocn\.m2\repository\org\seleniumhq\selenium\selenium-support\3.141.59\selenium-support-3.141.59.jar;C:\Users\ngocn\.m2\repository\com\paulhammant\ngwebdriver\1.1.4\ngwebdriver-1.1.4.jar;C:\Users\ngocn\.m2\repository\com\codeborne\phantomjsdriver\1.4.4\phantomjsdriver-1.4.4.jar;C:\Users\ngocn\.m2\repository\org\seleniumhq\selenium\htmlunit-driver\2.36.0\htmlunit-driver-2.36.0.jar;C:\Users\ngocn\.m2\repository\io\appium\java-client\7.2.0\java-client-7.2.0.jar;C:\Users\ngocn\.m2\repository\commons-validator\commons-validator\1.6\commons-validator-1.6.jar;C:\Users\ngocn\.m2\repository\commons-beanutils\commons-beanutils\1.9.2\commons-beanutils-1.9.2.jar;C:\Users\ngocn\.m2\repository\commons-digester\commons-digester\1.8.1\commons-digester-1.8.1.jar;C:\Users\ngocn\.m2\repository\org\aspectj\aspectjweaver\1.9.4\aspectjweaver-1.9.4.jar;C:\Users\ngocn\.m2\repository\org\springframework\spring-context-support\5.1.2.RELEASE\spring-context-support-5.1.2.RELEASE.jar;C:\Users\ngocn\.m2\repository\org\springframework\spring-beans\5.1.2.RELEASE\spring-beans-5.1.2.RELEASE.jar;C:\Users\ngocn\.m2\repository\org\springframework\spring-context\5.1.2.RELEASE\spring-context-5.1.2.RELEASE.jar;C:\Users\ngocn\.m2\repository\org\springframework\spring-aop\5.1.2.RELEASE\spring-aop-5.1.2.RELEASE.jar;C:\Users\ngocn\.m2\repository\org\springframework\spring-expression\5.1.2.RELEASE\spring-expression-5.1.2.RELEASE.jar;C:\Users\ngocn\.m2\repository\org\springframework\spring-core\5.1.2.RELEASE\spring-core-5.1.2.RELEASE.jar;C:\Users\ngocn\.m2\repository\org\springframework\spring-jcl\5.1.2.RELEASE\spring-jcl-5.1.2.RELEASE.jar;C:\Users\ngocn\.m2\repository\org\codehaus\groovy\groovy\2.5.5\groovy-2.5.5.jar;C:\Users\ngocn\.m2\repository\net\sf\opencsv\opencsv\2.0\opencsv-2.0.jar;C:\Users\ngocn\.m2\repository\commons-beanutils\commons-beanutils-core\1.8.3\commons-beanutils-core-1.8.3.jar;C:\Users\ngocn\.m2\repository\joda-time\joda-time\2.7\joda-time-2.7.jar;C:\Users\ngocn\.m2\repository\com\thoughtworks\xstream\xstream\1.4.9\xstream-1.4.9.jar;C:\Users\ngocn\.m2\repository\xmlpull\xmlpull\1.1.3.1\xmlpull-1.1.3.1.jar;C:\Users\ngocn\.m2\repository\xpp3\xpp3_min\1.1.4c\xpp3_min-1.1.4c.jar;C:\Users\ngocn\.m2\repository\org\apache\commons\commons-lang3\3.8.1\commons-lang3-3.8.1.jar;C:\Users\ngocn\.m2\repository\commons-collections\commons-collections\3.2.2\commons-collections-3.2.2.jar;C:\Users\ngocn\.m2\repository\org\freemarker\freemarker\2.3.28\freemarker-2.3.28.jar;C:\Users\ngocn\.m2\repository\net\sourceforge\jexcelapi\jxl\2.6.12\jxl-2.6.12.jar;C:\Users\ngocn\.m2\repository\org\hamcrest\hamcrest-core\1.3\hamcrest-core-1.3.jar;C:\Users\ngocn\.m2\repository\org\hamcrest\hamcrest-library\1.3\hamcrest-library-1.3.jar;C:\Users\ngocn\.m2\repository\net\sourceforge\htmlunit\htmlunit\2.36.0\htmlunit-2.36.0.jar;C:\Users\ngocn\.m2\repository\net\sourceforge\htmlunit\htmlunit-core-js\2.36.0\htmlunit-core-js-2.36.0.jar;C:\Users\ngocn\.m2\repository\net\sourceforge\htmlunit\neko-htmlunit\2.36.0\neko-htmlunit-2.36.0.jar;C:\Users\ngocn\.m2\repository\xerces\xercesImpl\2.12.0\xercesImpl-2.12.0.jar;C:\Users\ngocn\.m2\repository\net\sourceforge\htmlunit\htmlunit-cssparser\1.5.0\htmlunit-cssparser-1.5.0.jar;C:\Users\ngocn\.m2\repository\org\brotli\dec\0.1.2\dec-0.1.2.jar;C:\Users\ngocn\.m2\repository\org\eclipse\jetty\websocket\websocket-client\9.4.20.v20190813\websocket-client-9.4.20.v20190813.jar;C:\Users\ngocn\.m2\repository\org\eclipse\jetty\jetty-client\9.4.20.v20190813\jetty-client-9.4.20.v20190813.jar;C:\Users\ngocn\.m2\repository\org\eclipse\jetty\jetty-http\9.4.20.v20190813\jetty-http-9.4.20.v20190813.jar;C:\Users\ngocn\.m2\repository\org\eclipse\jetty\jetty-xml\9.4.20.v20190813\jetty-xml-9.4.20.v20190813.jar;C:\Users\ngocn\.m2\repository\org\eclipse\jetty\jetty-util\9.4.20.v20190813\jetty-util-9.4.20.v20190813.jar;C:\Users\ngocn\.m2\repository\org\eclipse\jetty\jetty-io\9.4.20.v20190813\jetty-io-9.4.20.v20190813.jar;C:\Users\ngocn\.m2\repository\org\eclipse\jetty\websocket\websocket-common\9.4.20.v20190813\websocket-common-9.4.20.v20190813.jar;C:\Users\ngocn\.m2\repository\org\eclipse\jetty\websocket\websocket-api\9.4.20.v20190813\websocket-api-9.4.20.v20190813.jar;C:\Users\ngocn\.m2\repository\org\apache\httpcomponents\httpclient\4.5.5\httpclient-4.5.5.jar;C:\Users\ngocn\.m2\repository\org\apache\httpcomponents\httpcore\4.4.9\httpcore-4.4.9.jar;C:\Users\ngocn\.m2\repository\org\apache\httpcomponents\httpmime\4.5.5\httpmime-4.5.5.jar;C:\Users\ngocn\.m2\repository\org\fluentlenium\fluentlenium-core\0.10.2\fluentlenium-core-0.10.2.jar;C:\Users\ngocn\.m2\repository\com\jhlabs\filters\2.0.235\filters-2.0.235.jar;C:\Users\ngocn\.m2\repository\org\asciidoctor\asciidoctorj\1.5.6\asciidoctorj-1.5.6.jar;C:\Users\ngocn\.m2\repository\org\jruby\jruby-complete\1.7.26\jruby-complete-1.7.26.jar;C:\Users\ngocn\.m2\repository\org\imgscalr\imgscalr-lib\4.2\imgscalr-lib-4.2.jar;C:\Users\ngocn\.m2\repository\javax\el\javax.el-api\2.2.4\javax.el-api-2.2.4.jar;C:\Users\ngocn\.m2\repository\org\glassfish\web\javax.el\2.2.4\javax.el-2.2.4.jar;C:\Users\ngocn\.m2\repository\xalan\xalan\2.7.2\xalan-2.7.2.jar;C:\Users\ngocn\.m2\repository\xalan\serializer\2.7.2\serializer-2.7.2.jar;C:\Users\ngocn\.m2\repository\org\awaitility\awaitility\4.0.1\awaitility-4.0.1.jar;C:\Users\ngocn\.m2\repository\org\hamcrest\hamcrest\2.1\hamcrest-2.1.jar;C:\Users\ngocn\.m2\repository\com\typesafe\config\1.3.1\config-1.3.1.jar;C:\Users\ngocn\.m2\repository\org\jsoup\jsoup\1.10.3\jsoup-1.10.3.jar;C:\Users\ngocn\.m2\repository\com\google\jimfs\jimfs\1.1\jimfs-1.1.jar;C:\Users\ngocn\.m2\repository\com\vladsch\flexmark\flexmark-all\0.34.30\flexmark-all-0.34.30.jar;C:\Users\ngocn\.m2\repository\com\vladsch\flexmark\flexmark\0.34.30\flexmark-0.34.30.jar;C:\Users\ngocn\.m2\repository\com\vladsch\flexmark\flexmark-ext-abbreviation\0.34.30\flexmark-ext-abbreviation-0.34.30.jar;C:\Users\ngocn\.m2\repository\com\vladsch\flexmark\flexmark-ext-admonition\0.34.30\flexmark-ext-admonition-0.34.30.jar;C:\Users\ngocn\.m2\repository\com\vladsch\flexmark\flexmark-ext-anchorlink\0.34.30\flexmark-ext-anchorlink-0.34.30.jar;C:\Users\ngocn\.m2\repository\com\vladsch\flexmark\flexmark-ext-aside\0.34.30\flexmark-ext-aside-0.34.30.jar;C:\Users\ngocn\.m2\repository\com\vladsch\flexmark\flexmark-ext-attributes\0.34.30\flexmark-ext-attributes-0.34.30.jar;C:\Users\ngocn\.m2\repository\com\vladsch\flexmark\flexmark-ext-autolink\0.34.30\flexmark-ext-autolink-0.34.30.jar;C:\Users\ngocn\.m2\repository\org\nibor\autolink\autolink\0.6.0\autolink-0.6.0.jar;C:\Users\ngocn\.m2\repository\com\vladsch\flexmark\flexmark-ext-definition\0.34.30\flexmark-ext-definition-0.34.30.jar;C:\Users\ngocn\.m2\repository\com\vladsch\flexmark\flexmark-ext-emoji\0.34.30\flexmark-ext-emoji-0.34.30.jar;C:\Users\ngocn\.m2\repository\com\vladsch\flexmark\flexmark-ext-enumerated-reference\0.34.30\flexmark-ext-enumerated-reference-0.34.30.jar;C:\Users\ngocn\.m2\repository\com\vladsch\flexmark\flexmark-ext-escaped-character\0.34.30\flexmark-ext-escaped-character-0.34.30.jar;C:\Users\ngocn\.m2\repository\com\vladsch\flexmark\flexmark-ext-footnotes\0.34.30\flexmark-ext-footnotes-0.34.30.jar;C:\Users\ngocn\.m2\repository\com\vladsch\flexmark\flexmark-ext-gfm-issues\0.34.30\flexmark-ext-gfm-issues-0.34.30.jar;C:\Users\ngocn\.m2\repository\com\vladsch\flexmark\flexmark-ext-gfm-strikethrough\0.34.30\flexmark-ext-gfm-strikethrough-0.34.30.jar;C:\Users\ngocn\.m2\repository\com\vladsch\flexmark\flexmark-ext-gfm-tables\0.34.30\flexmark-ext-gfm-tables-0.34.30.jar;C:\Users\ngocn\.m2\repository\com\vladsch\flexmark\flexmark-ext-gfm-tasklist\0.34.30\flexmark-ext-gfm-tasklist-0.34.30.jar;C:\Users\ngocn\.m2\repository\com\vladsch\flexmark\flexmark-ext-gfm-users\0.34.30\flexmark-ext-gfm-users-0.34.30.jar;C:\Users\ngocn\.m2\repository\com\vladsch\flexmark\flexmark-ext-gitlab\0.34.30\flexmark-ext-gitlab-0.34.30.jar;C:\Users\ngocn\.m2\repository\com\vladsch\flexmark\flexmark-ext-jekyll-front-matter\0.34.30\flexmark-ext-jekyll-front-matter-0.34.30.jar;C:\Users\ngocn\.m2\repository\com\vladsch\flexmark\flexmark-ext-jekyll-tag\0.34.30\flexmark-ext-jekyll-tag-0.34.30.jar;C:\Users\ngocn\.m2\repository\com\vladsch\flexmark\flexmark-ext-media-tags\0.34.30\flexmark-ext-media-tags-0.34.30.jar;C:\Users\ngocn\.m2\repository\com\vladsch\flexmark\flexmark-test-util\0.34.30\flexmark-test-util-0.34.30.jar;C:\Users\ngocn\.m2\repository\com\vladsch\flexmark\flexmark-ext-ins\0.34.30\flexmark-ext-ins-0.34.30.jar;C:\Users\ngocn\.m2\repository\com\vladsch\flexmark\flexmark-ext-xwiki-macros\0.34.30\flexmark-ext-xwiki-macros-0.34.30.jar;C:\Users\ngocn\.m2\repository\com\vladsch\flexmark\flexmark-ext-superscript\0.34.30\flexmark-ext-superscript-0.34.30.jar;C:\Users\ngocn\.m2\repository\com\vladsch\flexmark\flexmark-ext-tables\0.34.30\flexmark-ext-tables-0.34.30.jar;C:\Users\ngocn\.m2\repository\com\vladsch\flexmark\flexmark-ext-toc\0.34.30\flexmark-ext-toc-0.34.30.jar;C:\Users\ngocn\.m2\repository\com\vladsch\flexmark\flexmark-ext-typographic\0.34.30\flexmark-ext-typographic-0.34.30.jar;C:\Users\ngocn\.m2\repository\com\vladsch\flexmark\flexmark-ext-wikilink\0.34.30\flexmark-ext-wikilink-0.34.30.jar;C:\Users\ngocn\.m2\repository\com\vladsch\flexmark\flexmark-ext-yaml-front-matter\0.34.30\flexmark-ext-yaml-front-matter-0.34.30.jar;C:\Users\ngocn\.m2\repository\com\vladsch\flexmark\flexmark-ext-youtube-embedded\0.34.30\flexmark-ext-youtube-embedded-0.34.30.jar;C:\Users\ngocn\.m2\repository\com\vladsch\flexmark\flexmark-formatter\0.34.30\flexmark-formatter-0.34.30.jar;C:\Users\ngocn\.m2\repository\com\vladsch\flexmark\flexmark-html-parser\0.34.30\flexmark-html-parser-0.34.30.jar;C:\Users\ngocn\.m2\repository\com\vladsch\flexmark\flexmark-jira-converter\0.34.30\flexmark-jira-converter-0.34.30.jar;C:\Users\ngocn\.m2\repository\com\vladsch\flexmark\flexmark-pdf-converter\0.34.30\flexmark-pdf-converter-0.34.30.jar;C:\Users\ngocn\.m2\repository\com\openhtmltopdf\openhtmltopdf-core\0.0.1-RC13\openhtmltopdf-core-0.0.1-RC13.jar;C:\Users\ngocn\.m2\repository\com\openhtmltopdf\openhtmltopdf-pdfbox\0.0.1-RC13\openhtmltopdf-pdfbox-0.0.1-RC13.jar;C:\Users\ngocn\.m2\repository\org\apache\pdfbox\pdfbox\2.0.8\pdfbox-2.0.8.jar;C:\Users\ngocn\.m2\repository\org\apache\pdfbox\fontbox\2.0.8\fontbox-2.0.8.jar;C:\Users\ngocn\.m2\repository\org\apache\pdfbox\xmpbox\2.0.8\xmpbox-2.0.8.jar;C:\Users\ngocn\.m2\repository\de\rototor\pdfbox\graphics2d\0.12\graphics2d-0.12.jar;C:\Users\ngocn\.m2\repository\com\openhtmltopdf\openhtmltopdf-rtl-support\0.0.1-RC13\openhtmltopdf-rtl-support-0.0.1-RC13.jar;C:\Users\ngocn\.m2\repository\com\ibm\icu\icu4j\59.1\icu4j-59.1.jar;C:\Users\ngocn\.m2\repository\com\openhtmltopdf\openhtmltopdf-jsoup-dom-converter\0.0.1-RC13\openhtmltopdf-jsoup-dom-converter-0.0.1-RC13.jar;C:\Users\ngocn\.m2\repository\com\vladsch\flexmark\flexmark-profile-pegdown\0.34.30\flexmark-profile-pegdown-0.34.30.jar;C:\Users\ngocn\.m2\repository\com\vladsch\flexmark\flexmark-util\0.34.30\flexmark-util-0.34.30.jar;C:\Users\ngocn\.m2\repository\com\vladsch\flexmark\flexmark-youtrack-converter\0.34.30\flexmark-youtrack-converter-0.34.30.jar;C:\Users\ngocn\.m2\repository\net\serenity-bdd\serenity-cucumber\1.9.45\serenity-cucumber-1.9.45.jar;C:\Users\ngocn\.m2\repository\net\serenity-bdd\serenity-screenplay\2.0.64\serenity-screenplay-2.0.64.jar;C:\Users\ngocn\.m2\repository\uk\com\robust-it\cloning\1.9.10\cloning-1.9.10.jar;C:\Users\ngocn\.m2\repository\net\serenity-bdd\serenity-screenplay-webdriver\2.0.64\serenity-screenplay-webdriver-2.0.64.jar;C:\Users\ngocn\.m2\repository\io\cucumber\cucumber-java\2.4.0\cucumber-java-2.4.0.jar;C:\Users\ngocn\.m2\repository\io\cucumber\cucumber-junit\2.4.0\cucumber-junit-2.4.0.jar;C:\Users\ngocn\.m2\repository\org\apache\commons\commons-csv\1.5\commons-csv-1.5.jar;C:\Users\ngocn\.m2\repository\org\slf4j\slf4j-simple\1.7.7\slf4j-simple-1.7.7.jar;C:\Users\ngocn\.m2\repository\junit\junit\4.12\junit-4.12.jar;C:\Users\ngocn\.m2\repository\org\assertj\assertj-core\3.8.0\assertj-core-3.8.0.jar;C:\Users\ngocn\.m2\repository\org\apache\commons\commons-collections4\4.4\commons-collections4-4.4.jar;C:\Users\ngocn\.m2\repository\org\apache\xmlbeans\xmlbeans\3.1.0\xmlbeans-3.1.0.jar;C:\Users\ngocn\.m2\repository\org\apache\poi\poi-ooxml\4.1.1\poi-ooxml-4.1.1.jar;C:\Users\ngocn\.m2\repository\org\apache\poi\poi\4.1.1\poi-4.1.1.jar;C:\Users\ngocn\.m2\repository\org\apache\commons\commons-math3\3.6.1\commons-math3-3.6.1.jar;C:\Users\ngocn\.m2\repository\org\apache\poi\poi-ooxml-schemas\4.1.1\poi-ooxml-schemas-4.1.1.jar;C:\Users\ngocn\.m2\repository\org\apache\commons\commons-compress\1.19\commons-compress-1.19.jar;C:\Users\ngocn\.m2\repository\com\github\virtuald\curvesapi\1.06\curvesapi-1.06.jar;"/>
    <property name="java.vm.vendor" value="Oracle Corporation"/>
    <property name="sun.arch.data.model" value="64"/>
    <property name="user.variant" value=""/>
    <property name="java.vendor.url" value="http://java.oracle.com/"/>
    <property name="user.timezone" value="Asia/Bangkok"/>
    <property name="java.vm.specification.version" value="1.8"/>
    <property name="os.name" value="Windows 10"/>
    <property name="user.country" value="US"/>
    <property name="sun.java.launcher" value="SUN_STANDARD"/>
    <property name="sun.boot.library.path" value="C:\Program Files\Java\jdk1.8.0_111\jre\bin"/>
    <property name="sun.java.command" value="C:\Users\ngocn\AppData\Local\Temp\surefire5979170543516881749\surefirebooter9096546654292927261.jar C:\Users\ngocn\AppData\Local\Temp\surefire5979170543516881749 2019-12-12T00-56-14_218-jvmRun1 surefire3771425892102566740tmp surefire_06138758511369470820tmp"/>
    <property name="surefire.test.class.path" value="D:\Automation test\hrm\target\test-classes;D:\Automation test\hrm\target\hrmv1-1.0-SNAPSHOT.jar;C:\Users\ngocn\.m2\repository\net\serenity-bdd\serenity-core\2.0.77\serenity-core-2.0.77.jar;C:\Users\ngocn\.m2\repository\net\bytebuddy\byte-buddy\1.10.1\byte-buddy-1.10.1.jar;C:\Users\ngocn\.m2\repository\net\bytebuddy\byte-buddy-agent\1.10.1\byte-buddy-agent-1.10.1.jar;C:\Users\ngocn\.m2\repository\com\google\guava\guava\25.0-jre\guava-25.0-jre.jar;C:\Users\ngocn\.m2\repository\com\google\code\findbugs\jsr305\1.3.9\jsr305-1.3.9.jar;C:\Users\ngocn\.m2\repository\org\checkerframework\checker-compat-qual\2.0.0\checker-compat-qual-2.0.0.jar;C:\Users\ngocn\.m2\repository\com\google\errorprone\error_prone_annotations\2.1.3\error_prone_annotations-2.1.3.jar;C:\Users\ngocn\.m2\repository\com\google\j2objc\j2objc-annotations\1.1\j2objc-annotations-1.1.jar;C:\Users\ngocn\.m2\repository\org\codehaus\mojo\animal-sniffer-annotations\1.14\animal-sniffer-annotations-1.14.jar;C:\Users\ngocn\.m2\repository\com\google\inject\guice\4.2.2\guice-4.2.2.jar;C:\Users\ngocn\.m2\repository\javax\inject\javax.inject\1\javax.inject-1.jar;C:\Users\ngocn\.m2\repository\aopalliance\aopalliance\1.0\aopalliance-1.0.jar;C:\Users\ngocn\.m2\repository\cglib\cglib\3.3.0\cglib-3.3.0.jar;C:\Users\ngocn\.m2\repository\org\ow2\asm\asm\7.2\asm-7.2.jar;C:\Users\ngocn\.m2\repository\commons-codec\commons-codec\1.10\commons-codec-1.10.jar;C:\Users\ngocn\.m2\repository\org\objenesis\objenesis\3.0.1\objenesis-3.0.1.jar;C:\Users\ngocn\.m2\repository\org\slf4j\slf4j-api\1.7.26\slf4j-api-1.7.26.jar;C:\Users\ngocn\.m2\repository\xml-apis\xml-apis\1.4.01\xml-apis-1.4.01.jar;C:\Users\ngocn\.m2\repository\io\cucumber\cucumber-core\2.4.0\cucumber-core-2.4.0.jar;C:\Users\ngocn\.m2\repository\info\cukes\cucumber-html\0.2.6\cucumber-html-0.2.6.jar;C:\Users\ngocn\.m2\repository\io\cucumber\cucumber-jvm-deps\1.0.6\cucumber-jvm-deps-1.0.6.jar;C:\Users\ngocn\.m2\repository\io\cucumber\gherkin\5.0.0\gherkin-5.0.0.jar;C:\Users\ngocn\.m2\repository\io\cucumber\tag-expressions\1.1.1\tag-expressions-1.1.1.jar;C:\Users\ngocn\.m2\repository\commons-logging\commons-logging\1.2\commons-logging-1.2.jar;C:\Users\ngocn\.m2\repository\io\vavr\vavr\0.9.0\vavr-0.9.0.jar;C:\Users\ngocn\.m2\repository\io\vavr\vavr-match\0.9.0\vavr-match-0.9.0.jar;C:\Users\ngocn\.m2\repository\javax\xml\bind\jaxb-api\2.2.12\jaxb-api-2.2.12.jar;C:\Users\ngocn\.m2\repository\com\sun\xml\bind\jaxb-core\2.3.0.1\jaxb-core-2.3.0.1.jar;C:\Users\ngocn\.m2\repository\com\sun\xml\bind\jaxb-impl\2.3.0.1\jaxb-impl-2.3.0.1.jar;C:\Users\ngocn\.m2\repository\javax\activation\activation\1.1.1\activation-1.1.1.jar;C:\Users\ngocn\.m2\repository\org\mockito\mockito-core\3.1.0\mockito-core-3.1.0.jar;C:\Users\ngocn\.m2\repository\net\serenity-bdd\serenity-report-resources\2.0.77\serenity-report-resources-2.0.77.jar;C:\Users\ngocn\.m2\repository\net\serenity-bdd\serenity-model\2.0.77\serenity-model-2.0.77.jar;C:\Users\ngocn\.m2\repository\commons-net\commons-net\3.6\commons-net-3.6.jar;C:\Users\ngocn\.m2\repository\org\apache\commons\commons-text\1.6\commons-text-1.6.jar;C:\Users\ngocn\.m2\repository\es\nitaur\markdown\txtmark\0.16\txtmark-0.16.jar;C:\Users\ngocn\.m2\repository\net\serenity-bdd\serenity-reports\2.0.77\serenity-reports-2.0.77.jar;C:\Users\ngocn\.m2\repository\net\serenity-bdd\serenity-stats\2.0.77\serenity-stats-2.0.77.jar;C:\Users\ngocn\.m2\repository\org\jetbrains\kotlin\kotlin-stdlib\1.3.31\kotlin-stdlib-1.3.31.jar;C:\Users\ngocn\.m2\repository\org\jetbrains\kotlin\kotlin-stdlib-common\1.3.31\kotlin-stdlib-common-1.3.31.jar;C:\Users\ngocn\.m2\repository\org\jetbrains\annotations\13.0\annotations-13.0.jar;C:\Users\ngocn\.m2\repository\com\google\code\gson\gson\2.8.4\gson-2.8.4.jar;C:\Users\ngocn\.m2\repository\commons-io\commons-io\2.6\commons-io-2.6.jar;C:\Users\ngocn\.m2\repository\org\seleniumhq\selenium\selenium-server\3.141.59\selenium-server-3.141.59.jar;C:\Users\ngocn\.m2\repository\org\seleniumhq\selenium\selenium-firefox-driver\3.141.59\selenium-firefox-driver-3.141.59.jar;C:\Users\ngocn\.m2\repository\org\seleniumhq\selenium\selenium-ie-driver\3.141.59\selenium-ie-driver-3.141.59.jar;C:\Users\ngocn\.m2\repository\com\beust\jcommander\1.72\jcommander-1.72.jar;C:\Users\ngocn\.m2\repository\org\apache\commons\commons-exec\1.3\commons-exec-1.3.jar;C:\Users\ngocn\.m2\repository\net\jcip\jcip-annotations\1.0\jcip-annotations-1.0.jar;C:\Users\ngocn\.m2\repository\org\seleniumhq\selenium\jetty-repacked\9.4.12.v20180830\jetty-repacked-9.4.12.v20180830.jar;C:\Users\ngocn\.m2\repository\com\squareup\okhttp3\okhttp\3.11.0\okhttp-3.11.0.jar;C:\Users\ngocn\.m2\repository\com\squareup\okio\okio\1.14.0\okio-1.14.0.jar;C:\Users\ngocn\.m2\repository\javax\servlet\javax.servlet-api\3.1.0\javax.servlet-api-3.1.0.jar;C:\Users\ngocn\.m2\repository\org\yaml\snakeyaml\1.19\snakeyaml-1.19.jar;C:\Users\ngocn\.m2\repository\org\seleniumhq\selenium\selenium-java\3.141.59\selenium-java-3.141.59.jar;C:\Users\ngocn\.m2\repository\org\seleniumhq\selenium\selenium-api\3.141.59\selenium-api-3.141.59.jar;C:\Users\ngocn\.m2\repository\org\seleniumhq\selenium\selenium-chrome-driver\3.141.59\selenium-chrome-driver-3.141.59.jar;C:\Users\ngocn\.m2\repository\org\seleniumhq\selenium\selenium-edge-driver\3.141.59\selenium-edge-driver-3.141.59.jar;C:\Users\ngocn\.m2\repository\org\seleniumhq\selenium\selenium-remote-driver\3.141.59\selenium-remote-driver-3.141.59.jar;C:\Users\ngocn\.m2\repository\org\seleniumhq\selenium\selenium-safari-driver\3.141.59\selenium-safari-driver-3.141.59.jar;C:\Users\ngocn\.m2\repository\org\seleniumhq\selenium\selenium-opera-driver\3.141.59\selenium-opera-driver-3.141.59.jar;C:\Users\ngocn\.m2\repository\org\seleniumhq\selenium\selenium-support\3.141.59\selenium-support-3.141.59.jar;C:\Users\ngocn\.m2\repository\com\paulhammant\ngwebdriver\1.1.4\ngwebdriver-1.1.4.jar;C:\Users\ngocn\.m2\repository\com\codeborne\phantomjsdriver\1.4.4\phantomjsdriver-1.4.4.jar;C:\Users\ngocn\.m2\repository\org\seleniumhq\selenium\htmlunit-driver\2.36.0\htmlunit-driver-2.36.0.jar;C:\Users\ngocn\.m2\repository\io\appium\java-client\7.2.0\java-client-7.2.0.jar;C:\Users\ngocn\.m2\repository\commons-validator\commons-validator\1.6\commons-validator-1.6.jar;C:\Users\ngocn\.m2\repository\commons-beanutils\commons-beanutils\1.9.2\commons-beanutils-1.9.2.jar;C:\Users\ngocn\.m2\repository\commons-digester\commons-digester\1.8.1\commons-digester-1.8.1.jar;C:\Users\ngocn\.m2\repository\org\aspectj\aspectjweaver\1.9.4\aspectjweaver-1.9.4.jar;C:\Users\ngocn\.m2\repository\org\springframework\spring-context-support\5.1.2.RELEASE\spring-context-support-5.1.2.RELEASE.jar;C:\Users\ngocn\.m2\repository\org\springframework\spring-beans\5.1.2.RELEASE\spring-beans-5.1.2.RELEASE.jar;C:\Users\ngocn\.m2\repository\org\springframework\spring-context\5.1.2.RELEASE\spring-context-5.1.2.RELEASE.jar;C:\Users\ngocn\.m2\repository\org\springframework\spring-aop\5.1.2.RELEASE\spring-aop-5.1.2.RELEASE.jar;C:\Users\ngocn\.m2\repository\org\springframework\spring-expression\5.1.2.RELEASE\spring-expression-5.1.2.RELEASE.jar;C:\Users\ngocn\.m2\repository\org\springframework\spring-core\5.1.2.RELEASE\spring-core-5.1.2.RELEASE.jar;C:\Users\ngocn\.m2\repository\org\springframework\spring-jcl\5.1.2.RELEASE\spring-jcl-5.1.2.RELEASE.jar;C:\Users\ngocn\.m2\repository\org\codehaus\groovy\groovy\2.5.5\groovy-2.5.5.jar;C:\Users\ngocn\.m2\repository\net\sf\opencsv\opencsv\2.0\opencsv-2.0.jar;C:\Users\ngocn\.m2\repository\commons-beanutils\commons-beanutils-core\1.8.3\commons-beanutils-core-1.8.3.jar;C:\Users\ngocn\.m2\repository\joda-time\joda-time\2.7\joda-time-2.7.jar;C:\Users\ngocn\.m2\repository\com\thoughtworks\xstream\xstream\1.4.9\xstream-1.4.9.jar;C:\Users\ngocn\.m2\repository\xmlpull\xmlpull\1.1.3.1\xmlpull-1.1.3.1.jar;C:\Users\ngocn\.m2\repository\xpp3\xpp3_min\1.1.4c\xpp3_min-1.1.4c.jar;C:\Users\ngocn\.m2\repository\org\apache\commons\commons-lang3\3.8.1\commons-lang3-3.8.1.jar;C:\Users\ngocn\.m2\repository\commons-collections\commons-collections\3.2.2\commons-collections-3.2.2.jar;C:\Users\ngocn\.m2\repository\org\freemarker\freemarker\2.3.28\freemarker-2.3.28.jar;C:\Users\ngocn\.m2\repository\net\sourceforge\jexcelapi\jxl\2.6.12\jxl-2.6.12.jar;C:\Users\ngocn\.m2\repository\org\hamcrest\hamcrest-core\1.3\hamcrest-core-1.3.jar;C:\Users\ngocn\.m2\repository\org\hamcrest\hamcrest-library\1.3\hamcrest-library-1.3.jar;C:\Users\ngocn\.m2\repository\net\sourceforge\htmlunit\htmlunit\2.36.0\htmlunit-2.36.0.jar;C:\Users\ngocn\.m2\repository\net\sourceforge\htmlunit\htmlunit-core-js\2.36.0\htmlunit-core-js-2.36.0.jar;C:\Users\ngocn\.m2\repository\net\sourceforge\htmlunit\neko-htmlunit\2.36.0\neko-htmlunit-2.36.0.jar;C:\Users\ngocn\.m2\repository\xerces\xercesImpl\2.12.0\xercesImpl-2.12.0.jar;C:\Users\ngocn\.m2\repository\net\sourceforge\htmlunit\htmlunit-cssparser\1.5.0\htmlunit-cssparser-1.5.0.jar;C:\Users\ngocn\.m2\repository\org\brotli\dec\0.1.2\dec-0.1.2.jar;C:\Users\ngocn\.m2\repository\org\eclipse\jetty\websocket\websocket-client\9.4.20.v20190813\websocket-client-9.4.20.v20190813.jar;C:\Users\ngocn\.m2\repository\org\eclipse\jetty\jetty-client\9.4.20.v20190813\jetty-client-9.4.20.v20190813.jar;C:\Users\ngocn\.m2\repository\org\eclipse\jetty\jetty-http\9.4.20.v20190813\jetty-http-9.4.20.v20190813.jar;C:\Users\ngocn\.m2\repository\org\eclipse\jetty\jetty-xml\9.4.20.v20190813\jetty-xml-9.4.20.v20190813.jar;C:\Users\ngocn\.m2\repository\org\eclipse\jetty\jetty-util\9.4.20.v20190813\jetty-util-9.4.20.v20190813.jar;C:\Users\ngocn\.m2\repository\org\eclipse\jetty\jetty-io\9.4.20.v20190813\jetty-io-9.4.20.v20190813.jar;C:\Users\ngocn\.m2\repository\org\eclipse\jetty\websocket\websocket-common\9.4.20.v20190813\websocket-common-9.4.20.v20190813.jar;C:\Users\ngocn\.m2\repository\org\eclipse\jetty\websocket\websocket-api\9.4.20.v20190813\websocket-api-9.4.20.v20190813.jar;C:\Users\ngocn\.m2\repository\org\apache\httpcomponents\httpclient\4.5.5\httpclient-4.5.5.jar;C:\Users\ngocn\.m2\repository\org\apache\httpcomponents\httpcore\4.4.9\httpcore-4.4.9.jar;C:\Users\ngocn\.m2\repository\org\apache\httpcomponents\httpmime\4.5.5\httpmime-4.5.5.jar;C:\Users\ngocn\.m2\repository\org\fluentlenium\fluentlenium-core\0.10.2\fluentlenium-core-0.10.2.jar;C:\Users\ngocn\.m2\repository\com\jhlabs\filters\2.0.235\filters-2.0.235.jar;C:\Users\ngocn\.m2\repository\org\asciidoctor\asciidoctorj\1.5.6\asciidoctorj-1.5.6.jar;C:\Users\ngocn\.m2\repository\org\jruby\jruby-complete\1.7.26\jruby-complete-1.7.26.jar;C:\Users\ngocn\.m2\repository\org\imgscalr\imgscalr-lib\4.2\imgscalr-lib-4.2.jar;C:\Users\ngocn\.m2\repository\javax\el\javax.el-api\2.2.4\javax.el-api-2.2.4.jar;C:\Users\ngocn\.m2\repository\org\glassfish\web\javax.el\2.2.4\javax.el-2.2.4.jar;C:\Users\ngocn\.m2\repository\xalan\xalan\2.7.2\xalan-2.7.2.jar;C:\Users\ngocn\.m2\repository\xalan\serializer\2.7.2\serializer-2.7.2.jar;C:\Users\ngocn\.m2\repository\org\awaitility\awaitility\4.0.1\awaitility-4.0.1.jar;C:\Users\ngocn\.m2\repository\org\hamcrest\hamcrest\2.1\hamcrest-2.1.jar;C:\Users\ngocn\.m2\repository\com\typesafe\config\1.3.1\config-1.3.1.jar;C:\Users\ngocn\.m2\repository\org\jsoup\jsoup\1.10.3\jsoup-1.10.3.jar;C:\Users\ngocn\.m2\repository\com\google\jimfs\jimfs\1.1\jimfs-1.1.jar;C:\Users\ngocn\.m2\repository\com\vladsch\flexmark\flexmark-all\0.34.30\flexmark-all-0.34.30.jar;C:\Users\ngocn\.m2\repository\com\vladsch\flexmark\flexmark\0.34.30\flexmark-0.34.30.jar;C:\Users\ngocn\.m2\repository\com\vladsch\flexmark\flexmark-ext-abbreviation\0.34.30\flexmark-ext-abbreviation-0.34.30.jar;C:\Users\ngocn\.m2\repository\com\vladsch\flexmark\flexmark-ext-admonition\0.34.30\flexmark-ext-admonition-0.34.30.jar;C:\Users\ngocn\.m2\repository\com\vladsch\flexmark\flexmark-ext-anchorlink\0.34.30\flexmark-ext-anchorlink-0.34.30.jar;C:\Users\ngocn\.m2\repository\com\vladsch\flexmark\flexmark-ext-aside\0.34.30\flexmark-ext-aside-0.34.30.jar;C:\Users\ngocn\.m2\repository\com\vladsch\flexmark\flexmark-ext-attributes\0.34.30\flexmark-ext-attributes-0.34.30.jar;C:\Users\ngocn\.m2\repository\com\vladsch\flexmark\flexmark-ext-autolink\0.34.30\flexmark-ext-autolink-0.34.30.jar;C:\Users\ngocn\.m2\repository\org\nibor\autolink\autolink\0.6.0\autolink-0.6.0.jar;C:\Users\ngocn\.m2\repository\com\vladsch\flexmark\flexmark-ext-definition\0.34.30\flexmark-ext-definition-0.34.30.jar;C:\Users\ngocn\.m2\repository\com\vladsch\flexmark\flexmark-ext-emoji\0.34.30\flexmark-ext-emoji-0.34.30.jar;C:\Users\ngocn\.m2\repository\com\vladsch\flexmark\flexmark-ext-enumerated-reference\0.34.30\flexmark-ext-enumerated-reference-0.34.30.jar;C:\Users\ngocn\.m2\repository\com\vladsch\flexmark\flexmark-ext-escaped-character\0.34.30\flexmark-ext-escaped-character-0.34.30.jar;C:\Users\ngocn\.m2\repository\com\vladsch\flexmark\flexmark-ext-footnotes\0.34.30\flexmark-ext-footnotes-0.34.30.jar;C:\Users\ngocn\.m2\repository\com\vladsch\flexmark\flexmark-ext-gfm-issues\0.34.30\flexmark-ext-gfm-issues-0.34.30.jar;C:\Users\ngocn\.m2\repository\com\vladsch\flexmark\flexmark-ext-gfm-strikethrough\0.34.30\flexmark-ext-gfm-strikethrough-0.34.30.jar;C:\Users\ngocn\.m2\repository\com\vladsch\flexmark\flexmark-ext-gfm-tables\0.34.30\flexmark-ext-gfm-tables-0.34.30.jar;C:\Users\ngocn\.m2\repository\com\vladsch\flexmark\flexmark-ext-gfm-tasklist\0.34.30\flexmark-ext-gfm-tasklist-0.34.30.jar;C:\Users\ngocn\.m2\repository\com\vladsch\flexmark\flexmark-ext-gfm-users\0.34.30\flexmark-ext-gfm-users-0.34.30.jar;C:\Users\ngocn\.m2\repository\com\vladsch\flexmark\flexmark-ext-gitlab\0.34.30\flexmark-ext-gitlab-0.34.30.jar;C:\Users\ngocn\.m2\repository\com\vladsch\flexmark\flexmark-ext-jekyll-front-matter\0.34.30\flexmark-ext-jekyll-front-matter-0.34.30.jar;C:\Users\ngocn\.m2\repository\com\vladsch\flexmark\flexmark-ext-jekyll-tag\0.34.30\flexmark-ext-jekyll-tag-0.34.30.jar;C:\Users\ngocn\.m2\repository\com\vladsch\flexmark\flexmark-ext-media-tags\0.34.30\flexmark-ext-media-tags-0.34.30.jar;C:\Users\ngocn\.m2\repository\com\vladsch\flexmark\flexmark-test-util\0.34.30\flexmark-test-util-0.34.30.jar;C:\Users\ngocn\.m2\repository\com\vladsch\flexmark\flexmark-ext-ins\0.34.30\flexmark-ext-ins-0.34.30.jar;C:\Users\ngocn\.m2\repository\com\vladsch\flexmark\flexmark-ext-xwiki-macros\0.34.30\flexmark-ext-xwiki-macros-0.34.30.jar;C:\Users\ngocn\.m2\repository\com\vladsch\flexmark\flexmark-ext-superscript\0.34.30\flexmark-ext-superscript-0.34.30.jar;C:\Users\ngocn\.m2\repository\com\vladsch\flexmark\flexmark-ext-tables\0.34.30\flexmark-ext-tables-0.34.30.jar;C:\Users\ngocn\.m2\repository\com\vladsch\flexmark\flexmark-ext-toc\0.34.30\flexmark-ext-toc-0.34.30.jar;C:\Users\ngocn\.m2\repository\com\vladsch\flexmark\flexmark-ext-typographic\0.34.30\flexmark-ext-typographic-0.34.30.jar;C:\Users\ngocn\.m2\repository\com\vladsch\flexmark\flexmark-ext-wikilink\0.34.30\flexmark-ext-wikilink-0.34.30.jar;C:\Users\ngocn\.m2\repository\com\vladsch\flexmark\flexmark-ext-yaml-front-matter\0.34.30\flexmark-ext-yaml-front-matter-0.34.30.jar;C:\Users\ngocn\.m2\repository\com\vladsch\flexmark\flexmark-ext-youtube-embedded\0.34.30\flexmark-ext-youtube-embedded-0.34.30.jar;C:\Users\ngocn\.m2\repository\com\vladsch\flexmark\flexmark-formatter\0.34.30\flexmark-formatter-0.34.30.jar;C:\Users\ngocn\.m2\repository\com\vladsch\flexmark\flexmark-html-parser\0.34.30\flexmark-html-parser-0.34.30.jar;C:\Users\ngocn\.m2\repository\com\vladsch\flexmark\flexmark-jira-converter\0.34.30\flexmark-jira-converter-0.34.30.jar;C:\Users\ngocn\.m2\repository\com\vladsch\flexmark\flexmark-pdf-converter\0.34.30\flexmark-pdf-converter-0.34.30.jar;C:\Users\ngocn\.m2\repository\com\openhtmltopdf\openhtmltopdf-core\0.0.1-RC13\openhtmltopdf-core-0.0.1-RC13.jar;C:\Users\ngocn\.m2\repository\com\openhtmltopdf\openhtmltopdf-pdfbox\0.0.1-RC13\openhtmltopdf-pdfbox-0.0.1-RC13.jar;C:\Users\ngocn\.m2\repository\org\apache\pdfbox\pdfbox\2.0.8\pdfbox-2.0.8.jar;C:\Users\ngocn\.m2\repository\org\apache\pdfbox\fontbox\2.0.8\fontbox-2.0.8.jar;C:\Users\ngocn\.m2\repository\org\apache\pdfbox\xmpbox\2.0.8\xmpbox-2.0.8.jar;C:\Users\ngocn\.m2\repository\de\rototor\pdfbox\graphics2d\0.12\graphics2d-0.12.jar;C:\Users\ngocn\.m2\repository\com\openhtmltopdf\openhtmltopdf-rtl-support\0.0.1-RC13\openhtmltopdf-rtl-support-0.0.1-RC13.jar;C:\Users\ngocn\.m2\repository\com\ibm\icu\icu4j\59.1\icu4j-59.1.jar;C:\Users\ngocn\.m2\repository\com\openhtmltopdf\openhtmltopdf-jsoup-dom-converter\0.0.1-RC13\openhtmltopdf-jsoup-dom-converter-0.0.1-RC13.jar;C:\Users\ngocn\.m2\repository\com\vladsch\flexmark\flexmark-profile-pegdown\0.34.30\flexmark-profile-pegdown-0.34.30.jar;C:\Users\ngocn\.m2\repository\com\vladsch\flexmark\flexmark-util\0.34.30\flexmark-util-0.34.30.jar;C:\Users\ngocn\.m2\repository\com\vladsch\flexmark\flexmark-youtrack-converter\0.34.30\flexmark-youtrack-converter-0.34.30.jar;C:\Users\ngocn\.m2\repository\net\serenity-bdd\serenity-cucumber\1.9.45\serenity-cucumber-1.9.45.jar;C:\Users\ngocn\.m2\repository\net\serenity-bdd\serenity-screenplay\2.0.64\serenity-screenplay-2.0.64.jar;C:\Users\ngocn\.m2\repository\uk\com\robust-it\cloning\1.9.10\cloning-1.9.10.jar;C:\Users\ngocn\.m2\repository\net\serenity-bdd\serenity-screenplay-webdriver\2.0.64\serenity-screenplay-webdriver-2.0.64.jar;C:\Users\ngocn\.m2\repository\io\cucumber\cucumber-java\2.4.0\cucumber-java-2.4.0.jar;C:\Users\ngocn\.m2\repository\io\cucumber\cucumber-junit\2.4.0\cucumber-junit-2.4.0.jar;C:\Users\ngocn\.m2\repository\org\apache\commons\commons-csv\1.5\commons-csv-1.5.jar;C:\Users\ngocn\.m2\repository\org\slf4j\slf4j-simple\1.7.7\slf4j-simple-1.7.7.jar;C:\Users\ngocn\.m2\repository\junit\junit\4.12\junit-4.12.jar;C:\Users\ngocn\.m2\repository\org\assertj\assertj-core\3.8.0\assertj-core-3.8.0.jar;C:\Users\ngocn\.m2\repository\org\apache\commons\commons-collections4\4.4\commons-collections4-4.4.jar;C:\Users\ngocn\.m2\repository\org\apache\xmlbeans\xmlbeans\3.1.0\xmlbeans-3.1.0.jar;C:\Users\ngocn\.m2\repository\org\apache\poi\poi-ooxml\4.1.1\poi-ooxml-4.1.1.jar;C:\Users\ngocn\.m2\repository\org\apache\poi\poi\4.1.1\poi-4.1.1.jar;C:\Users\ngocn\.m2\repository\org\apache\commons\commons-math3\3.6.1\commons-math3-3.6.1.jar;C:\Users\ngocn\.m2\repository\org\apache\poi\poi-ooxml-schemas\4.1.1\poi-ooxml-schemas-4.1.1.jar;C:\Users\ngocn\.m2\repository\org\apache\commons\commons-compress\1.19\commons-compress-1.19.jar;C:\Users\ngocn\.m2\repository\com\github\virtuald\curvesapi\1.06\curvesapi-1.06.jar;"/>
    <property name="sun.cpu.endian" value="little"/>
    <property name="user.home" value="C:\Users\ngocn"/>
    <property name="user.language" value="en"/>
    <property name="java.specification.vendor" value="Oracle Corporation"/>
    <property name="java.home" value="C:\Program Files\Java\jdk1.8.0_111\jre"/>
    <property name="basedir" value="D:\Automation test\hrm"/>
    <property name="file.separator" value="\"/>
    <property name="line.separator" value="&#10;"/>
    <property name="java.vm.specification.vendor" value="Oracle Corporation"/>
    <property name="java.specification.name" value="Java Platform API Specification"/>
    <property name="java.awt.graphicsenv" value="sun.awt.Win32GraphicsEnvironment"/>
    <property name="surefire.real.class.path" value="C:\Users\ngocn\AppData\Local\Temp\surefire5979170543516881749\surefirebooter9096546654292927261.jar"/>
    <property name="sun.boot.class.path" value="C:\Program Files\Java\jdk1.8.0_111\jre\lib\resources.jar;C:\Program Files\Java\jdk1.8.0_111\jre\lib\rt.jar;C:\Program Files\Java\jdk1.8.0_111\jre\lib\sunrsasign.jar;C:\Program Files\Java\jdk1.8.0_111\jre\lib\jsse.jar;C:\Program Files\Java\jdk1.8.0_111\jre\lib\jce.jar;C:\Program Files\Java\jdk1.8.0_111\jre\lib\charsets.jar;C:\Program Files\Java\jdk1.8.0_111\jre\lib\jfr.jar;C:\Program Files\Java\jdk1.8.0_111\jre\classes"/>
    <property name="user.script" value=""/>
    <property name="sun.management.compiler" value="HotSpot 64-Bit Tiered Compilers"/>
    <property name="java.runtime.version" value="1.8.0_111-b14"/>
    <property name="user.name" value="ngocn"/>
    <property name="path.separator" value=";"/>
    <property name="os.version" value="10.0"/>
    <property name="java.endorsed.dirs" value="C:\Program Files\Java\jdk1.8.0_111\jre\lib\endorsed"/>
    <property name="java.runtime.name" value="Java(TM) SE Runtime Environment"/>
    <property name="file.encoding" value="Cp1252"/>
    <property name="java.vm.name" value="Java HotSpot(TM) 64-Bit Server VM"/>
    <property name="localRepository" value="C:\Users\ngocn\.m2\repository"/>
    <property name="java.vendor.url.bug" value="http://bugreport.sun.com/bugreport/"/>
    <property name="java.io.tmpdir" value="C:\Users\ngocn\AppData\Local\Temp\"/>
    <property name="java.version" value="1.8.0_111"/>
    <property name="user.dir" value="D:\Automation test\hrm"/>
    <property name="os.arch" value="amd64"/>
    <property name="java.vm.specification.name" value="Java Virtual Machine Specification"/>
    <property name="java.awt.printerjob" value="sun.awt.windows.WPrinterJob"/>
    <property name="sun.os.patch.level" value=""/>
    <property name="java.library.path" value="C:\Program Files\Java\jdk1.8.0_111\jre\bin;C:\WINDOWS\Sun\Java\bin;C:\WINDOWS\system32;C:\WINDOWS;C:\Program Files (x86)\Common Files\Oracle\Java\javapath;C:\ProgramData\Oracle\Java\javapath;C:\WINDOWS\system32;C:\WINDOWS;C:\WINDOWS\System32\Wbem;C:\WINDOWS\System32\WindowsPowerShell\v1.0\;C:\WINDOWS\System32\OpenSSH\;C:\Program Files\dotnet\;C:\Program Files\Git\cmd;E:\xampp\php;C:\ProgramData\ComposerSetup\bin;C:\Program Files\Java\jdk1.8.0_111\bin;C:\ProgramData\chocolatey\bin;C:\ProgramData\chocolatey\lib\maven\apache-maven-3.6.1\bin;C:\Program Files\TortoiseGit\bin;C:\Users\ngocn\AppData\Local\Microsoft\WindowsApps;;C:\Users\ngocn\AppData\Local\Programs\Microsoft VS Code\bin;C:\Users\ngocn\AppData\Roaming\Composer\vendor\bin;C:\Program Files\JetBrains\DataGrip 2019.1.3\bin;;."/>
    <property name="java.vm.info" value="mixed mode"/>
    <property name="java.vendor" value="Oracle Corporation"/>
    <property name="java.vm.version" value="25.111-b14"/>
    <property name="java.ext.dirs" value="C:\Program Files\Java\jdk1.8.0_111\jre\lib\ext;C:\WINDOWS\Sun\Java\lib\ext"/>
    <property name="sun.io.unicode.encoding" value="UnicodeLittle"/>
    <property name="java.class.version" value="52.0"/>
  </properties>
  <testcase name="Kịch bản kiểm thử chức năng Đăng ký ngày nghỉ" classname="Kịch bản kiểm thử chức năng Đăng ký ngày nghỉ" time="14.411">
    <error message="Expected condition failed: waiting for presence of element located by: By.xpath: //input[@id=&apos;login&apos;] (tried for 5 second(s) with 50 milliseconds interval)" type="org.openqa.selenium.TimeoutException">org.openqa.selenium.TimeoutException: Expected condition failed: waiting for presence of element located by: By.xpath: //input[@id='login'] (tried for 5 second(s) with 50 milliseconds interval)
Caused by: org.openqa.selenium.NoSuchElementException: 
no such element: Unable to locate element: {"method":"xpath","selector":"//input[@id='login']"}
  (Session info: chrome=78.0.3904.108)
For documentation on this error, please visit: https://www.seleniumhq.org/exceptions/no_such_element.html
Build info: version: '3.141.59', revision: 'e82be7d358', time: '2018-11-14T08:17:03'
System info: host: 'DESKTOP-BJ1JOQA', ip: '192.168.1.12', os.name: 'Windows 10', os.arch: 'amd64', os.version: '10.0', java.version: '1.8.0_111'
Driver info: org.openqa.selenium.chrome.ChromeDriver
Capabilities {acceptInsecureCerts: false, browserName: chrome, browserVersion: 78.0.3904.108, chrome: {chromedriverVersion: 78.0.3904.70 (edb9c9f3de024..., userDataDir: C:\Users\ngocn\AppData\Loca...}, goog:chromeOptions: {debuggerAddress: localhost:61663}, javascriptEnabled: true, networkConnectionEnabled: false, pageLoadStrategy: normal, platform: XP, platformName: XP, proxy: Proxy(), setWindowRect: true, strictFileInteractability: false, timeouts: {implicit: 0, pageLoad: 300000, script: 30000}, unhandledPromptBehavior: dismiss and notify}
Session ID: 4c08000c44b925ec0f40fc054a9e03b5
*** Element info: {Using=xpath, value=//input[@id='login']}
</error>
    <system-out><![CDATA[@DangKyNghi_CTR
Feature: K?ch b?n ki?m th? ch?c n?ng ??ng ký ngày ngh?

  Scenario Outline: K?ch b?n ki?m th? ch?c n?ng ??ng ký ngày ngh? &amp#27;[90m# src/test/resources/features/2_DangKyNghi_CTR_DATA.feature:4&amp#27;[0m
    &amp#27;[36mGiven Thiet lap du lieu nhu "<DATA KEY>"&amp#27;[0m
    &amp#27;[36mWhen Nguoi dung dang nhap vao he thong nhu "<LOGIN>"&amp#27;[0m
    &amp#27;[36mWhen Nguoi dung vao menu nhu "<MENU>"&amp#27;[0m
    &amp#27;[36mGiven Nhap T?O M?I ??NG KÝ NGH? nhu "<NHAP TMDKN>"&amp#27;[0m
    &amp#27;[36mWhen Thuc hien T?O M?I ??NG KÝ NGH? nhu "<THUC HIEN TMDKN>"&amp#27;[0m
    &amp#27;[36mThen Kiem tra T?O M?I ??NG KÝ NGH? nhu "<KIEM TRA TMDKN>"&amp#27;[0m
    &amp#27;[36mWhen Thuc hien MAIN PAGE nhu "<THUC HIEN MP>"&amp#27;[0m

    Examples: 

  @DangKyNghi_CTR
  Scenario Outline: K?ch b?n ki?m th? ch?c n?ng ??ng ký ngày ngh? &amp#27;[90m# src/test/resources/features/2_DangKyNghi_CTR_DATA.feature:61&amp#27;[0m
***** INFO ***** Loading data from Data Table into [SESSION_DATA]
***** INFO ***** : Add [tranngocanh@vnpt.vn] value to [EMAIL] KEY
***** INFO ***** : Add [Vnpt#123] value to [PASSWORD] KEY
    &amp#27;[32mGiven &amp#27;[0m&amp#27;[32mThiet lap du lieu nhu "&amp#27;[0m&amp#27;[32m&amp#27;[1m001&amp#27;[0m&amp#27;[32m"&amp#27;[0m                             &amp#27;[90m# CommonDefs.nguoi_dung_thiet_lap_du_lieu_nhu(String,String>>)&amp#27;[0m
***** INFO ***** Loading data from Data Table into [LOGIN]
***WARNING*** Column [Hien thi thong bao] not found in Data Table [LOGIN].
Nguoi dung dang nhap vao he thong nhu LOGIN
    &amp#27;[31mWhen &amp#27;[0m&amp#27;[31mNguoi dung dang nhap vao he thong nhu "&amp#27;[0m&amp#27;[31m&amp#27;[1m001&amp#27;[0m&amp#27;[31m"&amp#27;[0m              &amp#27;[90m# CommonDefs.nguoi_dung_dang_nhap_vao_he_thong_nhu(String,String>>)&amp#27;[0m
      &amp#27;[31morg.openqa.selenium.TimeoutException: Expected condition failed: waiting for presence of element located by: By.xpath: //input[@id='login'] (tried for 5 second(s) with 50 milliseconds interval)
	at org.openqa.selenium.support.ui.FluentWait.timeoutException(FluentWait.java:304)
	at org.openqa.selenium.support.ui.FluentWait.until(FluentWait.java:272)
	at net.serenitybdd.core.pages.RenderedPageObjectView.waitFor(RenderedPageObjectView.java:105)
	at net.serenitybdd.core.pages.PageObject.waitFor(PageObject.java:341)
	at hrm.lib.MyPageObject.waitElementToBePresentThenScrollIntoViewAndHighlight(MyPageObject.java:374)
	at hrm.lib.MyPageObject.XH(MyPageObject.java:382)
	at hrm.lib.MyPageObject.waitClearAndType(MyPageObject.java:557)
	at hrm.pages.LoginPage.enter_email(LoginPage.java:18)
	at hrm.steps.serenity.LoginSteps.enter_email(LoginSteps.java:25)
	at hrm.steps.serenity.LoginSteps$$EnhancerByCGLIB$$41aded6b.CGLIB$enter_email$11(<generated>)
	at hrm.steps.serenity.LoginSteps$$EnhancerByCGLIB$$41aded6b$$FastClassByCGLIB$$2dfddebc.invoke(<generated>)
	at net.sf.cglib.proxy.MethodProxy.invokeSuper(MethodProxy.java:228)
	at net.thucydides.core.steps.StepInterceptor.invokeMethod(StepInterceptor.java:460)
	at net.thucydides.core.steps.StepInterceptor.executeTestStepMethod(StepInterceptor.java:445)
	at net.thucydides.core.steps.StepInterceptor.runTestStep(StepInterceptor.java:420)
	at net.thucydides.core.steps.StepInterceptor.runOrSkipMethod(StepInterceptor.java:175)
	at net.thucydides.core.steps.StepInterceptor.testStepResult(StepInterceptor.java:162)
	at net.thucydides.core.steps.StepInterceptor.intercept(StepInterceptor.java:68)
	at hrm.steps.serenity.LoginSteps$$EnhancerByCGLIB$$41aded6b.enter_email(<generated>)
	at hrm.common.step.defs.CommonDefs.nguoi_dung_dang_nhap_vao_he_thong_nhu(CommonDefs.java:95)
	at ?.Nguoi dung dang nhap vao he thong nhu "001"(src/test/resources/features/2_DangKyNghi_CTR_DATA.feature:9)
Caused by: org.openqa.selenium.NoSuchElementException: no such element: Unable to locate element: {"method":"xpath","selector":"//input[@id='login']"}
  (Session info: chrome=78.0.3904.108)
For documentation on this error, please visit: https://www.seleniumhq.org/exceptions/no_such_element.html
Build info: version: '3.141.59', revision: 'e82be7d358', time: '2018-11-14T08:17:03'
System info: host: 'DESKTOP-BJ1JOQA', ip: '192.168.1.12', os.name: 'Windows 10', os.arch: 'amd64', os.version: '10.0', java.version: '1.8.0_111'
Driver info: org.openqa.selenium.chrome.ChromeDriver
Capabilities {acceptInsecureCerts: false, browserName: chrome, browserVersion: 78.0.3904.108, chrome: {chromedriverVersion: 78.0.3904.70 (edb9c9f3de024..., userDataDir: C:\Users\ngocn\AppData\Loca...}, goog:chromeOptions: {debuggerAddress: localhost:61663}, javascriptEnabled: true, networkConnectionEnabled: false, pageLoadStrategy: normal, platform: XP, platformName: XP, proxy: Proxy(), setWindowRect: true, strictFileInteractability: false, timeouts: {implicit: 0, pageLoad: 300000, script: 30000}, unhandledPromptBehavior: dismiss and notify}
Session ID: 4c08000c44b925ec0f40fc054a9e03b5
*** Element info: {Using=xpath, value=//input[@id='login']}
	at sun.reflect.NativeConstructorAccessorImpl.newInstance0(Native Method)
	at sun.reflect.NativeConstructorAccessorImpl.newInstance(NativeConstructorAccessorImpl.java:62)
	at sun.reflect.DelegatingConstructorAccessorImpl.newInstance(DelegatingConstructorAccessorImpl.java:45)
	at java.lang.reflect.Constructor.newInstance(Constructor.java:423)
	at org.openqa.selenium.remote.http.W3CHttpResponseCodec.createException(W3CHttpResponseCodec.java:187)
	at org.openqa.selenium.remote.http.W3CHttpResponseCodec.decode(W3CHttpResponseCodec.java:122)
	at org.openqa.selenium.remote.http.W3CHttpResponseCodec.decode(W3CHttpResponseCodec.java:49)
	at org.openqa.selenium.remote.HttpCommandExecutor.execute(HttpCommandExecutor.java:158)
	at org.openqa.selenium.remote.service.DriverCommandExecutor.execute(DriverCommandExecutor.java:83)
	at org.openqa.selenium.remote.RemoteWebDriver.execute(RemoteWebDriver.java:552)
	at org.openqa.selenium.remote.RemoteWebDriver.findElement(RemoteWebDriver.java:323)
	at org.openqa.selenium.remote.RemoteWebDriver.findElementByXPath(RemoteWebDriver.java:428)
	at org.openqa.selenium.By$ByXPath.findElement(By.java:353)
	at org.openqa.selenium.remote.RemoteWebDriver.findElement(RemoteWebDriver.java:315)
	at net.thucydides.core.webdriver.WebDriverFacade.findElement(WebDriverFacade.java:222)
	at org.openqa.selenium.support.ui.ExpectedConditions$6.apply(ExpectedConditions.java:182)
	at org.openqa.selenium.support.ui.ExpectedConditions$6.apply(ExpectedConditions.java:179)
	at org.openqa.selenium.support.ui.FluentWait.until(FluentWait.java:249)
	at net.serenitybdd.core.pages.RenderedPageObjectView.waitFor(RenderedPageObjectView.java:105)
	at net.serenitybdd.core.pages.PageObject.waitFor(PageObject.java:341)
	at hrm.lib.MyPageObject.waitElementToBePresentThenScrollIntoViewAndHighlight(MyPageObject.java:374)
	at hrm.lib.MyPageObject.XH(MyPageObject.java:382)
	at hrm.lib.MyPageObject.waitClearAndType(MyPageObject.java:557)
	at hrm.pages.LoginPage.enter_email(LoginPage.java:18)
	at hrm.steps.serenity.LoginSteps.enter_email(LoginSteps.java:25)
	at hrm.steps.serenity.LoginSteps$$EnhancerByCGLIB$$41aded6b.CGLIB$enter_email$11(<generated>)
	at hrm.steps.serenity.LoginSteps$$EnhancerByCGLIB$$41aded6b$$FastClassByCGLIB$$2dfddebc.invoke(<generated>)
	at net.sf.cglib.proxy.MethodProxy.invokeSuper(MethodProxy.java:228)
	at net.thucydides.core.steps.StepInterceptor.invokeMethod(StepInterceptor.java:460)
	at net.thucydides.core.steps.StepInterceptor.executeTestStepMethod(StepInterceptor.java:445)
	at net.thucydides.core.steps.StepInterceptor.runTestStep(StepInterceptor.java:420)
	at net.thucydides.core.steps.StepInterceptor.runOrSkipMethod(StepInterceptor.java:175)
	at net.thucydides.core.steps.StepInterceptor.testStepResult(StepInterceptor.java:162)
	at net.thucydides.core.steps.StepInterceptor.intercept(StepInterceptor.java:68)
	at hrm.steps.serenity.LoginSteps$$EnhancerByCGLIB$$41aded6b.enter_email(<generated>)
	at hrm.common.step.defs.CommonDefs.nguoi_dung_dang_nhap_vao_he_thong_nhu(CommonDefs.java:95)
	at sun.reflect.NativeMethodAccessorImpl.invoke0(Native Method)
	at sun.reflect.NativeMethodAccessorImpl.invoke(NativeMethodAccessorImpl.java:62)
	at sun.reflect.DelegatingMethodAccessorImpl.invoke(DelegatingMethodAccessorImpl.java:43)
	at java.lang.reflect.Method.invoke(Method.java:498)
	at cucumber.runtime.Utils$1.call(Utils.java:31)
	at cucumber.runtime.Timeout.timeout(Timeout.java:16)
	at cucumber.runtime.Utils.invoke(Utils.java:25)
	at cucumber.runtime.java.JavaStepDefinition.execute(JavaStepDefinition.java:37)
	at cucumber.runtime.StepDefinitionMatch.runStep(StepDefinitionMatch.java:40)
	at cucumber.api.TestStep.executeStep(TestStep.java:102)
	at cucumber.api.TestStep.run(TestStep.java:83)
	at cucumber.api.TestCase.run(TestCase.java:58)
	at cucumber.runner.Runner.runPickle(Runner.java:80)
	at cucumber.runtime.junit.PickleRunners$NoStepDescriptions.run(PickleRunners.java:140)
	at cucumber.runtime.junit.FeatureRunner.runChild(FeatureRunner.java:68)
	at cucumber.runtime.junit.FeatureRunner.runChild(FeatureRunner.java:23)
	at org.junit.runners.ParentRunner$3.run(ParentRunner.java:290)
	at org.junit.runners.ParentRunner$1.schedule(ParentRunner.java:71)
	at org.junit.runners.ParentRunner.runChildren(ParentRunner.java:288)
	at org.junit.runners.ParentRunner.access$000(ParentRunner.java:58)
	at org.junit.runners.ParentRunner$2.evaluate(ParentRunner.java:268)
	at org.junit.runners.ParentRunner.run(ParentRunner.java:363)
	at cucumber.runtime.junit.FeatureRunner.run(FeatureRunner.java:73)
	at cucumber.api.junit.Cucumber.runChild(Cucumber.java:118)
	at cucumber.api.junit.Cucumber.runChild(Cucumber.java:56)
	at org.junit.runners.ParentRunner$3.run(ParentRunner.java:290)
	at org.junit.runners.ParentRunner$1.schedule(ParentRunner.java:71)
	at org.junit.runners.ParentRunner.runChildren(ParentRunner.java:288)
	at org.junit.runners.ParentRunner.access$000(ParentRunner.java:58)
	at org.junit.runners.ParentRunner$2.evaluate(ParentRunner.java:268)
	at cucumber.api.junit.Cucumber$1.evaluate(Cucumber.java:127)
	at org.junit.runners.ParentRunner.run(ParentRunner.java:363)
	at org.apache.maven.surefire.junit4.JUnit4Provider.execute(JUnit4Provider.java:365)
	at org.apache.maven.surefire.junit4.JUnit4Provider.executeWithRerun(JUnit4Provider.java:273)
	at org.apache.maven.surefire.junit4.JUnit4Provider.executeTestSet(JUnit4Provider.java:238)
	at org.apache.maven.surefire.junit4.JUnit4Provider.invoke(JUnit4Provider.java:159)
	at org.apache.maven.surefire.booter.ForkedBooter.invokeProviderInSameClassLoader(ForkedBooter.java:384)
	at org.apache.maven.surefire.booter.ForkedBooter.runSuitesInProcess(ForkedBooter.java:345)
	at org.apache.maven.surefire.booter.ForkedBooter.execute(ForkedBooter.java:126)
	at org.apache.maven.surefire.booter.ForkedBooter.main(ForkedBooter.java:418)
&amp#27;[0m
    &amp#27;[36mWhen &amp#27;[0m&amp#27;[36mNguoi dung vao menu nhu "&amp#27;[0m&amp#27;[36m&amp#27;[1m001&amp#27;[0m&amp#27;[36m"&amp#27;[0m                            &amp#27;[90m# CommonDefs.nguoi_dung_vao_menu_nhu(String,String>>)&amp#27;[0m
    &amp#27;[36mGiven &amp#27;[0m&amp#27;[36mNhap T?O M?I ??NG KÝ NGH? nhu "&amp#27;[0m&amp#27;[36m&amp#27;[1m&amp#27;[0m&amp#27;[36m"&amp#27;[0m                        &amp#27;[90m# TaoMoiDangKyNghiDefs.Nhap_TAO_MOI_DANG_KY_NGHI_nhu(String,String>>)&amp#27;[0m
    &amp#27;[36mWhen &amp#27;[0m&amp#27;[36mThuc hien T?O M?I ??NG KÝ NGH? nhu "&amp#27;[0m&amp#27;[36m&amp#27;[1m&amp#27;[0m&amp#27;[36m"&amp#27;[0m                    &amp#27;[90m# TaoMoiDangKyNghiDefs.Thuc_hien_TAO_MOI_DANG_KY_NGHI_nhu(String,String>>)&amp#27;[0m
    &amp#27;[36mThen &amp#27;[0m&amp#27;[36mKiem tra T?O M?I ??NG KÝ NGH? nhu "&amp#27;[0m&amp#27;[36m&amp#27;[1m&amp#27;[0m&amp#27;[36m"&amp#27;[0m                     &amp#27;[90m# TaoMoiDangKyNghiDefs.Kiem_tra_TAO_MOI_DANG_KY_NGHI_nhu(String,String>>)&amp#27;[0m
    &amp#27;[36mWhen &amp#27;[0m&amp#27;[36mThuc hien MAIN PAGE nhu "&amp#27;[0m&amp#27;[36m&amp#27;[1m&amp#27;[0m&amp#27;[36m"&amp#27;[0m                               &amp#27;[90m# MainPageDefs.Thuc_hien_MAIN_PAGE_nhu(String,String>>)&amp#27;[0m
]]></system-out>
    <system-err><![CDATA[[main] INFO net.thucydides.core.steps.ConsoleLoggingListener - Test Suite Started: K?ch b?n ki?m th? ch?c n?ng ??ng ký ngày ngh?
[main] INFO net.thucydides.core.steps.ConsoleLoggingListener - 
 _____ _____ ____ _____   ____ _____  _    ____ _____ _____ ____  
|_   _| ____/ ___|_   _| / ___|_   _|/ \  |  _ \_   _| ____|  _ \ 
  | | |  _| \___ \ | |   \___ \ | | / _ \ | |_) || | |  _| | | | |
  | | | |___ ___) || |    ___) || |/ ___ \|  _ < | | | |___| |_| |
  |_| |_____|____/ |_|   |____/ |_/_/   \_\_| \_\|_| |_____|____/ 
                                                                  

TEST STARTED: K?ch b?n ki?m th? ch?c n?ng ??ng ký ngày ngh?
-------------------------------------------------------------------(k?ch-b?n-ki?m-th?-ch?c-n?ng-??ng-ký-ngày-ngh?;k?ch-b?n-ki?m-th?-ch?c-n?ng-??ng-ký-ngày-ngh?)
[main] ERROR net.thucydides.core.steps.ConsoleLoggingListener - 
           __  _____ _____ ____ _____   _____ _    ___ _     _____ ____  
  _       / / |_   _| ____/ ___|_   _| |  ___/ \  |_ _| |   | ____|  _ \ 
 (_)_____| |    | | |  _| \___ \ | |   | |_ / _ \  | || |   |  _| | | | |
  _|_____| |    | | | |___ ___) || |   |  _/ ___ \ | || |___| |___| |_| |
 (_)     | |    |_| |_____|____/ |_|   |_|/_/   \_\___|_____|_____|____/ 
          \_\                                                            

TEST FAILED WITH ERROR: K?ch b?n ki?m th? ch?c n?ng ??ng ký ngày ngh?
---------------------------------------------------------------------
[main] ERROR net.thucydides.core.steps.ConsoleLoggingListener - TEST FAILED AT STEP Enter email: tranngocanh@vnpt.vn
[main] ERROR net.thucydides.core.steps.ConsoleLoggingListener - no such element: Unable to locate element: {"method":"xpath","selector":"//input[@id='login']"}
]]></system-err>
  </testcase>
  <testcase name="Kịch bản kiểm thử chức năng Đăng ký ngày nghỉ" classname="Kịch bản kiểm thử chức năng Đăng ký ngày nghỉ" time="8.925">
    <error message="Expected condition failed: waiting for presence of element located by: By.xpath: //input[@name=&apos;kinh_gui&apos;] (tried for 5 second(s) with 50 milliseconds interval)" type="org.openqa.selenium.TimeoutException">org.openqa.selenium.TimeoutException: Expected condition failed: waiting for presence of element located by: By.xpath: //input[@name='kinh_gui'] (tried for 5 second(s) with 50 milliseconds interval)
Caused by: org.openqa.selenium.NoSuchElementException: 
no such element: Unable to locate element: {"method":"xpath","selector":"//input[@name='kinh_gui']"}
  (Session info: chrome=78.0.3904.108)
For documentation on this error, please visit: https://www.seleniumhq.org/exceptions/no_such_element.html
Build info: version: '3.141.59', revision: 'e82be7d358', time: '2018-11-14T08:17:03'
System info: host: 'DESKTOP-BJ1JOQA', ip: '192.168.1.12', os.name: 'Windows 10', os.arch: 'amd64', os.version: '10.0', java.version: '1.8.0_111'
Driver info: org.openqa.selenium.chrome.ChromeDriver
Capabilities {acceptInsecureCerts: false, browserName: chrome, browserVersion: 78.0.3904.108, chrome: {chromedriverVersion: 78.0.3904.70 (edb9c9f3de024..., userDataDir: C:\Users\ngocn\AppData\Loca...}, goog:chromeOptions: {debuggerAddress: localhost:61663}, javascriptEnabled: true, networkConnectionEnabled: false, pageLoadStrategy: normal, platform: XP, platformName: XP, proxy: Proxy(), setWindowRect: true, strictFileInteractability: false, timeouts: {implicit: 0, pageLoad: 300000, script: 30000}, unhandledPromptBehavior: dismiss and notify}
Session ID: 4c08000c44b925ec0f40fc054a9e03b5
*** Element info: {Using=xpath, value=//input[@name='kinh_gui']}
</error>
    <system-out><![CDATA[
  @DangKyNghi_CTR
  Scenario Outline: K?ch b?n ki?m th? ch?c n?ng ??ng ký ngày ngh? &amp#27;[90m# src/test/resources/features/2_DangKyNghi_CTR_DATA.feature:62&amp#27;[0m
***** INFO ***** Loading data from Data Table into [SESSION_DATA]
    &amp#27;[32mGiven &amp#27;[0m&amp#27;[32mThiet lap du lieu nhu "&amp#27;[0m&amp#27;[32m&amp#27;[1m&amp#27;[0m&amp#27;[32m"&amp#27;[0m                                &amp#27;[90m# CommonDefs.nguoi_dung_thiet_lap_du_lieu_nhu(String,String>>)&amp#27;[0m
***** INFO ***** Loading data from Data Table into [LOGIN]
    &amp#27;[32mWhen &amp#27;[0m&amp#27;[32mNguoi dung dang nhap vao he thong nhu "&amp#27;[0m&amp#27;[32m&amp#27;[1m&amp#27;[0m&amp#27;[32m"&amp#27;[0m                 &amp#27;[90m# CommonDefs.nguoi_dung_dang_nhap_vao_he_thong_nhu(String,String>>)&amp#27;[0m
***** INFO ***** Loading data from Data Table into [MENU]
    &amp#27;[32mWhen &amp#27;[0m&amp#27;[32mNguoi dung vao menu nhu "&amp#27;[0m&amp#27;[32m&amp#27;[1m&amp#27;[0m&amp#27;[32m"&amp#27;[0m                               &amp#27;[90m# CommonDefs.nguoi_dung_vao_menu_nhu(String,String>>)&amp#27;[0m
***** INFO ***** Loading data from Data Table into [TAO_MOI_DANG_KY_NGHI_NHAP]
***WARNING*** Column [Ng??i liên quan] not found in Data Table [TAO_MOI_DANG_KY_NGHI_NHAP].
***WARNING*** Column [Nhân s? ???c ?y quy?n] not found in Data Table [TAO_MOI_DANG_KY_NGHI_NHAP].
***WARNING*** Column [Ngh? ?i n??c ngoài] not found in Data Table [TAO_MOI_DANG_KY_NGHI_NHAP].
    &amp#27;[31mGiven &amp#27;[0m&amp#27;[31mNhap T?O M?I ??NG KÝ NGH? nhu "&amp#27;[0m&amp#27;[31m&amp#27;[1mTC-003&amp#27;[0m&amp#27;[31m"&amp#27;[0m                  &amp#27;[90m# TaoMoiDangKyNghiDefs.Nhap_TAO_MOI_DANG_KY_NGHI_nhu(String,String>>)&amp#27;[0m
      &amp#27;[31morg.openqa.selenium.TimeoutException: Expected condition failed: waiting for presence of element located by: By.xpath: //input[@name='kinh_gui'] (tried for 5 second(s) with 50 milliseconds interval)
	at org.openqa.selenium.support.ui.FluentWait.timeoutException(FluentWait.java:304)
	at org.openqa.selenium.support.ui.FluentWait.until(FluentWait.java:272)
	at net.serenitybdd.core.pages.RenderedPageObjectView.waitFor(RenderedPageObjectView.java:105)
	at net.serenitybdd.core.pages.PageObject.waitFor(PageObject.java:341)
	at hrm.lib.MyPageObject.waitElementToBePresentThenScrollIntoViewAndHighlight(MyPageObject.java:374)
	at hrm.lib.MyPageObject.XH(MyPageObject.java:382)
	at hrm.lib.MyPageObject.waitClearAndType(MyPageObject.java:557)
	at hrm.pages.DangKyNghi.TaoMoiDangKyNghiPage.enter_kinh_gui(TaoMoiDangKyNghiPage.java:39)
	at hrm.steps.serenity.DangKyNghi.TaoMoiDangKyNghiSteps.enter_kinh_gui(TaoMoiDangKyNghiSteps.java:17)
	at hrm.steps.serenity.DangKyNghi.TaoMoiDangKyNghiSteps$$EnhancerByCGLIB$$4cd1d03d.CGLIB$enter_kinh_gui$63(<generated>)
	at hrm.steps.serenity.DangKyNghi.TaoMoiDangKyNghiSteps$$EnhancerByCGLIB$$4cd1d03d$$FastClassByCGLIB$$38947674.invoke(<generated>)
	at net.sf.cglib.proxy.MethodProxy.invokeSuper(MethodProxy.java:228)
	at net.thucydides.core.steps.StepInterceptor.invokeMethod(StepInterceptor.java:460)
	at net.thucydides.core.steps.StepInterceptor.executeTestStepMethod(StepInterceptor.java:445)
	at net.thucydides.core.steps.StepInterceptor.runTestStep(StepInterceptor.java:420)
	at net.thucydides.core.steps.StepInterceptor.runOrSkipMethod(StepInterceptor.java:175)
	at net.thucydides.core.steps.StepInterceptor.testStepResult(StepInterceptor.java:162)
	at net.thucydides.core.steps.StepInterceptor.intercept(StepInterceptor.java:68)
	at hrm.steps.serenity.DangKyNghi.TaoMoiDangKyNghiSteps$$EnhancerByCGLIB$$4cd1d03d.enter_kinh_gui(<generated>)
	at hrm.steps.defs.TaoMoiDangKyNghiDefs.Nhap_TAO_MOI_DANG_KY_NGHI_nhu(TaoMoiDangKyNghiDefs.java:53)
	at ?.Nhap T?O M?I ??NG KÝ NGH? nhu "TC-003"(src/test/resources/features/2_DangKyNghi_CTR_DATA.feature:15)
Caused by: org.openqa.selenium.NoSuchElementException: no such element: Unable to locate element: {"method":"xpath","selector":"//input[@name='kinh_gui']"}
  (Session info: chrome=78.0.3904.108)
For documentation on this error, please visit: https://www.seleniumhq.org/exceptions/no_such_element.html
Build info: version: '3.141.59', revision: 'e82be7d358', time: '2018-11-14T08:17:03'
System info: host: 'DESKTOP-BJ1JOQA', ip: '192.168.1.12', os.name: 'Windows 10', os.arch: 'amd64', os.version: '10.0', java.version: '1.8.0_111'
Driver info: org.openqa.selenium.chrome.ChromeDriver
Capabilities {acceptInsecureCerts: false, browserName: chrome, browserVersion: 78.0.3904.108, chrome: {chromedriverVersion: 78.0.3904.70 (edb9c9f3de024..., userDataDir: C:\Users\ngocn\AppData\Loca...}, goog:chromeOptions: {debuggerAddress: localhost:61663}, javascriptEnabled: true, networkConnectionEnabled: false, pageLoadStrategy: normal, platform: XP, platformName: XP, proxy: Proxy(), setWindowRect: true, strictFileInteractability: false, timeouts: {implicit: 0, pageLoad: 300000, script: 30000}, unhandledPromptBehavior: dismiss and notify}
Session ID: 4c08000c44b925ec0f40fc054a9e03b5
*** Element info: {Using=xpath, value=//input[@name='kinh_gui']}
	at sun.reflect.NativeConstructorAccessorImpl.newInstance0(Native Method)
	at sun.reflect.NativeConstructorAccessorImpl.newInstance(NativeConstructorAccessorImpl.java:62)
	at sun.reflect.DelegatingConstructorAccessorImpl.newInstance(DelegatingConstructorAccessorImpl.java:45)
	at java.lang.reflect.Constructor.newInstance(Constructor.java:423)
	at org.openqa.selenium.remote.http.W3CHttpResponseCodec.createException(W3CHttpResponseCodec.java:187)
	at org.openqa.selenium.remote.http.W3CHttpResponseCodec.decode(W3CHttpResponseCodec.java:122)
	at org.openqa.selenium.remote.http.W3CHttpResponseCodec.decode(W3CHttpResponseCodec.java:49)
	at org.openqa.selenium.remote.HttpCommandExecutor.execute(HttpCommandExecutor.java:158)
	at org.openqa.selenium.remote.service.DriverCommandExecutor.execute(DriverCommandExecutor.java:83)
	at org.openqa.selenium.remote.RemoteWebDriver.execute(RemoteWebDriver.java:552)
	at org.openqa.selenium.remote.RemoteWebDriver.findElement(RemoteWebDriver.java:323)
	at org.openqa.selenium.remote.RemoteWebDriver.findElementByXPath(RemoteWebDriver.java:428)
	at org.openqa.selenium.By$ByXPath.findElement(By.java:353)
	at org.openqa.selenium.remote.RemoteWebDriver.findElement(RemoteWebDriver.java:315)
	at net.thucydides.core.webdriver.WebDriverFacade.findElement(WebDriverFacade.java:222)
	at org.openqa.selenium.support.ui.ExpectedConditions$6.apply(ExpectedConditions.java:182)
	at org.openqa.selenium.support.ui.ExpectedConditions$6.apply(ExpectedConditions.java:179)
	at org.openqa.selenium.support.ui.FluentWait.until(FluentWait.java:249)
	at net.serenitybdd.core.pages.RenderedPageObjectView.waitFor(RenderedPageObjectView.java:105)
	at net.serenitybdd.core.pages.PageObject.waitFor(PageObject.java:341)
	at hrm.lib.MyPageObject.waitElementToBePresentThenScrollIntoViewAndHighlight(MyPageObject.java:374)
	at hrm.lib.MyPageObject.XH(MyPageObject.java:382)
	at hrm.lib.MyPageObject.waitClearAndType(MyPageObject.java:557)
	at hrm.pages.DangKyNghi.TaoMoiDangKyNghiPage.enter_kinh_gui(TaoMoiDangKyNghiPage.java:39)
	at hrm.steps.serenity.DangKyNghi.TaoMoiDangKyNghiSteps.enter_kinh_gui(TaoMoiDangKyNghiSteps.java:17)
	at hrm.steps.serenity.DangKyNghi.TaoMoiDangKyNghiSteps$$EnhancerByCGLIB$$4cd1d03d.CGLIB$enter_kinh_gui$63(<generated>)
	at hrm.steps.serenity.DangKyNghi.TaoMoiDangKyNghiSteps$$EnhancerByCGLIB$$4cd1d03d$$FastClassByCGLIB$$38947674.invoke(<generated>)
	at net.sf.cglib.proxy.MethodProxy.invokeSuper(MethodProxy.java:228)
	at net.thucydides.core.steps.StepInterceptor.invokeMethod(StepInterceptor.java:460)
	at net.thucydides.core.steps.StepInterceptor.executeTestStepMethod(StepInterceptor.java:445)
	at net.thucydides.core.steps.StepInterceptor.runTestStep(StepInterceptor.java:420)
	at net.thucydides.core.steps.StepInterceptor.runOrSkipMethod(StepInterceptor.java:175)
	at net.thucydides.core.steps.StepInterceptor.testStepResult(StepInterceptor.java:162)
	at net.thucydides.core.steps.StepInterceptor.intercept(StepInterceptor.java:68)
	at hrm.steps.serenity.DangKyNghi.TaoMoiDangKyNghiSteps$$EnhancerByCGLIB$$4cd1d03d.enter_kinh_gui(<generated>)
	at hrm.steps.defs.TaoMoiDangKyNghiDefs.Nhap_TAO_MOI_DANG_KY_NGHI_nhu(TaoMoiDangKyNghiDefs.java:53)
	at sun.reflect.NativeMethodAccessorImpl.invoke0(Native Method)
	at sun.reflect.NativeMethodAccessorImpl.invoke(NativeMethodAccessorImpl.java:62)
	at sun.reflect.DelegatingMethodAccessorImpl.invoke(DelegatingMethodAccessorImpl.java:43)
	at java.lang.reflect.Method.invoke(Method.java:498)
	at cucumber.runtime.Utils$1.call(Utils.java:31)
	at cucumber.runtime.Timeout.timeout(Timeout.java:16)
	at cucumber.runtime.Utils.invoke(Utils.java:25)
	at cucumber.runtime.java.JavaStepDefinition.execute(JavaStepDefinition.java:37)
	at cucumber.runtime.StepDefinitionMatch.runStep(StepDefinitionMatch.java:40)
	at cucumber.api.TestStep.executeStep(TestStep.java:102)
	at cucumber.api.TestStep.run(TestStep.java:83)
	at cucumber.api.TestCase.run(TestCase.java:58)
	at cucumber.runner.Runner.runPickle(Runner.java:80)
	at cucumber.runtime.junit.PickleRunners$NoStepDescriptions.run(PickleRunners.java:140)
	at cucumber.runtime.junit.FeatureRunner.runChild(FeatureRunner.java:68)
	at cucumber.runtime.junit.FeatureRunner.runChild(FeatureRunner.java:23)
	at org.junit.runners.ParentRunner$3.run(ParentRunner.java:290)
	at org.junit.runners.ParentRunner$1.schedule(ParentRunner.java:71)
	at org.junit.runners.ParentRunner.runChildren(ParentRunner.java:288)
	at org.junit.runners.ParentRunner.access$000(ParentRunner.java:58)
	at org.junit.runners.ParentRunner$2.evaluate(ParentRunner.java:268)
	at org.junit.runners.ParentRunner.run(ParentRunner.java:363)
	at cucumber.runtime.junit.FeatureRunner.run(FeatureRunner.java:73)
	at cucumber.api.junit.Cucumber.runChild(Cucumber.java:118)
	at cucumber.api.junit.Cucumber.runChild(Cucumber.java:56)
	at org.junit.runners.ParentRunner$3.run(ParentRunner.java:290)
	at org.junit.runners.ParentRunner$1.schedule(ParentRunner.java:71)
	at org.junit.runners.ParentRunner.runChildren(ParentRunner.java:288)
	at org.junit.runners.ParentRunner.access$000(ParentRunner.java:58)
	at org.junit.runners.ParentRunner$2.evaluate(ParentRunner.java:268)
	at cucumber.api.junit.Cucumber$1.evaluate(Cucumber.java:127)
	at org.junit.runners.ParentRunner.run(ParentRunner.java:363)
	at org.apache.maven.surefire.junit4.JUnit4Provider.execute(JUnit4Provider.java:365)
	at org.apache.maven.surefire.junit4.JUnit4Provider.executeWithRerun(JUnit4Provider.java:273)
	at org.apache.maven.surefire.junit4.JUnit4Provider.executeTestSet(JUnit4Provider.java:238)
	at org.apache.maven.surefire.junit4.JUnit4Provider.invoke(JUnit4Provider.java:159)
	at org.apache.maven.surefire.booter.ForkedBooter.invokeProviderInSameClassLoader(ForkedBooter.java:384)
	at org.apache.maven.surefire.booter.ForkedBooter.runSuitesInProcess(ForkedBooter.java:345)
	at org.apache.maven.surefire.booter.ForkedBooter.execute(ForkedBooter.java:126)
	at org.apache.maven.surefire.booter.ForkedBooter.main(ForkedBooter.java:418)
&amp#27;[0m
    &amp#27;[36mWhen &amp#27;[0m&amp#27;[36mThuc hien T?O M?I ??NG KÝ NGH? nhu "&amp#27;[0m&amp#27;[36m&amp#27;[1mTC-003&amp#27;[0m&amp#27;[36m"&amp#27;[0m              &amp#27;[90m# TaoMoiDangKyNghiDefs.Thuc_hien_TAO_MOI_DANG_KY_NGHI_nhu(String,String>>)&amp#27;[0m
    &amp#27;[36mThen &amp#27;[0m&amp#27;[36mKiem tra T?O M?I ??NG KÝ NGH? nhu "&amp#27;[0m&amp#27;[36m&amp#27;[1mTC-003&amp#27;[0m&amp#27;[36m"&amp#27;[0m               &amp#27;[90m# TaoMoiDangKyNghiDefs.Kiem_tra_TAO_MOI_DANG_KY_NGHI_nhu(String,String>>)&amp#27;[0m
    &amp#27;[36mWhen &amp#27;[0m&amp#27;[36mThuc hien MAIN PAGE nhu "&amp#27;[0m&amp#27;[36m&amp#27;[1m&amp#27;[0m&amp#27;[36m"&amp#27;[0m                               &amp#27;[90m# MainPageDefs.Thuc_hien_MAIN_PAGE_nhu(String,String>>)&amp#27;[0m
]]></system-out>
  </testcase>
  <testcase name="Kịch bản kiểm thử chức năng Đăng ký ngày nghỉ" classname="Kịch bản kiểm thử chức năng Đăng ký ngày nghỉ" time="11.05">
    <error message="Expected condition failed: waiting for presence of element located by: By.xpath: //input[@name=&apos;kinh_gui&apos;] (tried for 5 second(s) with 50 milliseconds interval)" type="org.openqa.selenium.TimeoutException">org.openqa.selenium.TimeoutException: Expected condition failed: waiting for presence of element located by: By.xpath: //input[@name='kinh_gui'] (tried for 5 second(s) with 50 milliseconds interval)
Caused by: org.openqa.selenium.NoSuchElementException: 
no such element: Unable to locate element: {"method":"xpath","selector":"//input[@name='kinh_gui']"}
  (Session info: chrome=78.0.3904.108)
For documentation on this error, please visit: https://www.seleniumhq.org/exceptions/no_such_element.html
Build info: version: '3.141.59', revision: 'e82be7d358', time: '2018-11-14T08:17:03'
System info: host: 'DESKTOP-BJ1JOQA', ip: '192.168.1.12', os.name: 'Windows 10', os.arch: 'amd64', os.version: '10.0', java.version: '1.8.0_111'
Driver info: org.openqa.selenium.chrome.ChromeDriver
Capabilities {acceptInsecureCerts: false, browserName: chrome, browserVersion: 78.0.3904.108, chrome: {chromedriverVersion: 78.0.3904.70 (edb9c9f3de024..., userDataDir: C:\Users\ngocn\AppData\Loca...}, goog:chromeOptions: {debuggerAddress: localhost:61663}, javascriptEnabled: true, networkConnectionEnabled: false, pageLoadStrategy: normal, platform: XP, platformName: XP, proxy: Proxy(), setWindowRect: true, strictFileInteractability: false, timeouts: {implicit: 0, pageLoad: 300000, script: 30000}, unhandledPromptBehavior: dismiss and notify}
Session ID: 4c08000c44b925ec0f40fc054a9e03b5
*** Element info: {Using=xpath, value=//input[@name='kinh_gui']}
</error>
    <system-out><![CDATA[
  @DangKyNghi_CTR
  Scenario Outline: K?ch b?n ki?m th? ch?c n?ng ??ng ký ngày ngh? &amp#27;[90m# src/test/resources/features/2_DangKyNghi_CTR_DATA.feature:63&amp#27;[0m
***** INFO ***** Loading data from Data Table into [SESSION_DATA]
    &amp#27;[32mGiven &amp#27;[0m&amp#27;[32mThiet lap du lieu nhu "&amp#27;[0m&amp#27;[32m&amp#27;[1m&amp#27;[0m&amp#27;[32m"&amp#27;[0m                                &amp#27;[90m# CommonDefs.nguoi_dung_thiet_lap_du_lieu_nhu(String,String>>)&amp#27;[0m
***** INFO ***** Loading data from Data Table into [LOGIN]
    &amp#27;[32mWhen &amp#27;[0m&amp#27;[32mNguoi dung dang nhap vao he thong nhu "&amp#27;[0m&amp#27;[32m&amp#27;[1m&amp#27;[0m&amp#27;[32m"&amp#27;[0m                 &amp#27;[90m# CommonDefs.nguoi_dung_dang_nhap_vao_he_thong_nhu(String,String>>)&amp#27;[0m
***** INFO ***** Loading data from Data Table into [MENU]
    &amp#27;[32mWhen &amp#27;[0m&amp#27;[32mNguoi dung vao menu nhu "&amp#27;[0m&amp#27;[32m&amp#27;[1m&amp#27;[0m&amp#27;[32m"&amp#27;[0m                               &amp#27;[90m# CommonDefs.nguoi_dung_vao_menu_nhu(String,String>>)&amp#27;[0m
***** INFO ***** Loading data from Data Table into [TAO_MOI_DANG_KY_NGHI_NHAP]
***WARNING*** Column [Ng??i liên quan] not found in Data Table [TAO_MOI_DANG_KY_NGHI_NHAP].
***WARNING*** Column [Nhân s? ???c ?y quy?n] not found in Data Table [TAO_MOI_DANG_KY_NGHI_NHAP].
***WARNING*** Column [Ngh? ?i n??c ngoài] not found in Data Table [TAO_MOI_DANG_KY_NGHI_NHAP].
    &amp#27;[31mGiven &amp#27;[0m&amp#27;[31mNhap T?O M?I ??NG KÝ NGH? nhu "&amp#27;[0m&amp#27;[31m&amp#27;[1mTC-005&amp#27;[0m&amp#27;[31m"&amp#27;[0m                  &amp#27;[90m# TaoMoiDangKyNghiDefs.Nhap_TAO_MOI_DANG_KY_NGHI_nhu(String,String>>)&amp#27;[0m
      &amp#27;[31morg.openqa.selenium.TimeoutException: Expected condition failed: waiting for presence of element located by: By.xpath: //input[@name='kinh_gui'] (tried for 5 second(s) with 50 milliseconds interval)
	at org.openqa.selenium.support.ui.FluentWait.timeoutException(FluentWait.java:304)
	at org.openqa.selenium.support.ui.FluentWait.until(FluentWait.java:272)
	at net.serenitybdd.core.pages.RenderedPageObjectView.waitFor(RenderedPageObjectView.java:105)
	at net.serenitybdd.core.pages.PageObject.waitFor(PageObject.java:341)
	at hrm.lib.MyPageObject.waitElementToBePresentThenScrollIntoViewAndHighlight(MyPageObject.java:374)
	at hrm.lib.MyPageObject.XH(MyPageObject.java:382)
	at hrm.lib.MyPageObject.waitClearAndType(MyPageObject.java:557)
	at hrm.pages.DangKyNghi.TaoMoiDangKyNghiPage.enter_kinh_gui(TaoMoiDangKyNghiPage.java:39)
	at hrm.steps.serenity.DangKyNghi.TaoMoiDangKyNghiSteps.enter_kinh_gui(TaoMoiDangKyNghiSteps.java:17)
	at hrm.steps.serenity.DangKyNghi.TaoMoiDangKyNghiSteps$$EnhancerByCGLIB$$4cd1d03d.CGLIB$enter_kinh_gui$63(<generated>)
	at hrm.steps.serenity.DangKyNghi.TaoMoiDangKyNghiSteps$$EnhancerByCGLIB$$4cd1d03d$$FastClassByCGLIB$$38947674.invoke(<generated>)
	at net.sf.cglib.proxy.MethodProxy.invokeSuper(MethodProxy.java:228)
	at net.thucydides.core.steps.StepInterceptor.invokeMethod(StepInterceptor.java:460)
	at net.thucydides.core.steps.StepInterceptor.executeTestStepMethod(StepInterceptor.java:445)
	at net.thucydides.core.steps.StepInterceptor.runTestStep(StepInterceptor.java:420)
	at net.thucydides.core.steps.StepInterceptor.runOrSkipMethod(StepInterceptor.java:175)
	at net.thucydides.core.steps.StepInterceptor.testStepResult(StepInterceptor.java:162)
	at net.thucydides.core.steps.StepInterceptor.intercept(StepInterceptor.java:68)
	at hrm.steps.serenity.DangKyNghi.TaoMoiDangKyNghiSteps$$EnhancerByCGLIB$$4cd1d03d.enter_kinh_gui(<generated>)
	at hrm.steps.defs.TaoMoiDangKyNghiDefs.Nhap_TAO_MOI_DANG_KY_NGHI_nhu(TaoMoiDangKyNghiDefs.java:53)
	at ?.Nhap T?O M?I ??NG KÝ NGH? nhu "TC-005"(src/test/resources/features/2_DangKyNghi_CTR_DATA.feature:15)
Caused by: org.openqa.selenium.NoSuchElementException: no such element: Unable to locate element: {"method":"xpath","selector":"//input[@name='kinh_gui']"}
  (Session info: chrome=78.0.3904.108)
For documentation on this error, please visit: https://www.seleniumhq.org/exceptions/no_such_element.html
Build info: version: '3.141.59', revision: 'e82be7d358', time: '2018-11-14T08:17:03'
System info: host: 'DESKTOP-BJ1JOQA', ip: '192.168.1.12', os.name: 'Windows 10', os.arch: 'amd64', os.version: '10.0', java.version: '1.8.0_111'
Driver info: org.openqa.selenium.chrome.ChromeDriver
Capabilities {acceptInsecureCerts: false, browserName: chrome, browserVersion: 78.0.3904.108, chrome: {chromedriverVersion: 78.0.3904.70 (edb9c9f3de024..., userDataDir: C:\Users\ngocn\AppData\Loca...}, goog:chromeOptions: {debuggerAddress: localhost:61663}, javascriptEnabled: true, networkConnectionEnabled: false, pageLoadStrategy: normal, platform: XP, platformName: XP, proxy: Proxy(), setWindowRect: true, strictFileInteractability: false, timeouts: {implicit: 0, pageLoad: 300000, script: 30000}, unhandledPromptBehavior: dismiss and notify}
Session ID: 4c08000c44b925ec0f40fc054a9e03b5
*** Element info: {Using=xpath, value=//input[@name='kinh_gui']}
	at sun.reflect.NativeConstructorAccessorImpl.newInstance0(Native Method)
	at sun.reflect.NativeConstructorAccessorImpl.newInstance(NativeConstructorAccessorImpl.java:62)
	at sun.reflect.DelegatingConstructorAccessorImpl.newInstance(DelegatingConstructorAccessorImpl.java:45)
	at java.lang.reflect.Constructor.newInstance(Constructor.java:423)
	at org.openqa.selenium.remote.http.W3CHttpResponseCodec.createException(W3CHttpResponseCodec.java:187)
	at org.openqa.selenium.remote.http.W3CHttpResponseCodec.decode(W3CHttpResponseCodec.java:122)
	at org.openqa.selenium.remote.http.W3CHttpResponseCodec.decode(W3CHttpResponseCodec.java:49)
	at org.openqa.selenium.remote.HttpCommandExecutor.execute(HttpCommandExecutor.java:158)
	at org.openqa.selenium.remote.service.DriverCommandExecutor.execute(DriverCommandExecutor.java:83)
	at org.openqa.selenium.remote.RemoteWebDriver.execute(RemoteWebDriver.java:552)
	at org.openqa.selenium.remote.RemoteWebDriver.findElement(RemoteWebDriver.java:323)
	at org.openqa.selenium.remote.RemoteWebDriver.findElementByXPath(RemoteWebDriver.java:428)
	at org.openqa.selenium.By$ByXPath.findElement(By.java:353)
	at org.openqa.selenium.remote.RemoteWebDriver.findElement(RemoteWebDriver.java:315)
	at net.thucydides.core.webdriver.WebDriverFacade.findElement(WebDriverFacade.java:222)
	at org.openqa.selenium.support.ui.ExpectedConditions$6.apply(ExpectedConditions.java:182)
	at org.openqa.selenium.support.ui.ExpectedConditions$6.apply(ExpectedConditions.java:179)
	at org.openqa.selenium.support.ui.FluentWait.until(FluentWait.java:249)
	at net.serenitybdd.core.pages.RenderedPageObjectView.waitFor(RenderedPageObjectView.java:105)
	at net.serenitybdd.core.pages.PageObject.waitFor(PageObject.java:341)
	at hrm.lib.MyPageObject.waitElementToBePresentThenScrollIntoViewAndHighlight(MyPageObject.java:374)
	at hrm.lib.MyPageObject.XH(MyPageObject.java:382)
	at hrm.lib.MyPageObject.waitClearAndType(MyPageObject.java:557)
	at hrm.pages.DangKyNghi.TaoMoiDangKyNghiPage.enter_kinh_gui(TaoMoiDangKyNghiPage.java:39)
	at hrm.steps.serenity.DangKyNghi.TaoMoiDangKyNghiSteps.enter_kinh_gui(TaoMoiDangKyNghiSteps.java:17)
	at hrm.steps.serenity.DangKyNghi.TaoMoiDangKyNghiSteps$$EnhancerByCGLIB$$4cd1d03d.CGLIB$enter_kinh_gui$63(<generated>)
	at hrm.steps.serenity.DangKyNghi.TaoMoiDangKyNghiSteps$$EnhancerByCGLIB$$4cd1d03d$$FastClassByCGLIB$$38947674.invoke(<generated>)
	at net.sf.cglib.proxy.MethodProxy.invokeSuper(MethodProxy.java:228)
	at net.thucydides.core.steps.StepInterceptor.invokeMethod(StepInterceptor.java:460)
	at net.thucydides.core.steps.StepInterceptor.executeTestStepMethod(StepInterceptor.java:445)
	at net.thucydides.core.steps.StepInterceptor.runTestStep(StepInterceptor.java:420)
	at net.thucydides.core.steps.StepInterceptor.runOrSkipMethod(StepInterceptor.java:175)
	at net.thucydides.core.steps.StepInterceptor.testStepResult(StepInterceptor.java:162)
	at net.thucydides.core.steps.StepInterceptor.intercept(StepInterceptor.java:68)
	at hrm.steps.serenity.DangKyNghi.TaoMoiDangKyNghiSteps$$EnhancerByCGLIB$$4cd1d03d.enter_kinh_gui(<generated>)
	at hrm.steps.defs.TaoMoiDangKyNghiDefs.Nhap_TAO_MOI_DANG_KY_NGHI_nhu(TaoMoiDangKyNghiDefs.java:53)
	at sun.reflect.NativeMethodAccessorImpl.invoke0(Native Method)
	at sun.reflect.NativeMethodAccessorImpl.invoke(NativeMethodAccessorImpl.java:62)
	at sun.reflect.DelegatingMethodAccessorImpl.invoke(DelegatingMethodAccessorImpl.java:43)
	at java.lang.reflect.Method.invoke(Method.java:498)
	at cucumber.runtime.Utils$1.call(Utils.java:31)
	at cucumber.runtime.Timeout.timeout(Timeout.java:16)
	at cucumber.runtime.Utils.invoke(Utils.java:25)
	at cucumber.runtime.java.JavaStepDefinition.execute(JavaStepDefinition.java:37)
	at cucumber.runtime.StepDefinitionMatch.runStep(StepDefinitionMatch.java:40)
	at cucumber.api.TestStep.executeStep(TestStep.java:102)
	at cucumber.api.TestStep.run(TestStep.java:83)
	at cucumber.api.TestCase.run(TestCase.java:58)
	at cucumber.runner.Runner.runPickle(Runner.java:80)
	at cucumber.runtime.junit.PickleRunners$NoStepDescriptions.run(PickleRunners.java:140)
	at cucumber.runtime.junit.FeatureRunner.runChild(FeatureRunner.java:68)
	at cucumber.runtime.junit.FeatureRunner.runChild(FeatureRunner.java:23)
	at org.junit.runners.ParentRunner$3.run(ParentRunner.java:290)
	at org.junit.runners.ParentRunner$1.schedule(ParentRunner.java:71)
	at org.junit.runners.ParentRunner.runChildren(ParentRunner.java:288)
	at org.junit.runners.ParentRunner.access$000(ParentRunner.java:58)
	at org.junit.runners.ParentRunner$2.evaluate(ParentRunner.java:268)
	at org.junit.runners.ParentRunner.run(ParentRunner.java:363)
	at cucumber.runtime.junit.FeatureRunner.run(FeatureRunner.java:73)
	at cucumber.api.junit.Cucumber.runChild(Cucumber.java:118)
	at cucumber.api.junit.Cucumber.runChild(Cucumber.java:56)
	at org.junit.runners.ParentRunner$3.run(ParentRunner.java:290)
	at org.junit.runners.ParentRunner$1.schedule(ParentRunner.java:71)
	at org.junit.runners.ParentRunner.runChildren(ParentRunner.java:288)
	at org.junit.runners.ParentRunner.access$000(ParentRunner.java:58)
	at org.junit.runners.ParentRunner$2.evaluate(ParentRunner.java:268)
	at cucumber.api.junit.Cucumber$1.evaluate(Cucumber.java:127)
	at org.junit.runners.ParentRunner.run(ParentRunner.java:363)
	at org.apache.maven.surefire.junit4.JUnit4Provider.execute(JUnit4Provider.java:365)
	at org.apache.maven.surefire.junit4.JUnit4Provider.executeWithRerun(JUnit4Provider.java:273)
	at org.apache.maven.surefire.junit4.JUnit4Provider.executeTestSet(JUnit4Provider.java:238)
	at org.apache.maven.surefire.junit4.JUnit4Provider.invoke(JUnit4Provider.java:159)
	at org.apache.maven.surefire.booter.ForkedBooter.invokeProviderInSameClassLoader(ForkedBooter.java:384)
	at org.apache.maven.surefire.booter.ForkedBooter.runSuitesInProcess(ForkedBooter.java:345)
	at org.apache.maven.surefire.booter.ForkedBooter.execute(ForkedBooter.java:126)
	at org.apache.maven.surefire.booter.ForkedBooter.main(ForkedBooter.java:418)
&amp#27;[0m
    &amp#27;[36mWhen &amp#27;[0m&amp#27;[36mThuc hien T?O M?I ??NG KÝ NGH? nhu "&amp#27;[0m&amp#27;[36m&amp#27;[1mTC-005&amp#27;[0m&amp#27;[36m"&amp#27;[0m              &amp#27;[90m# TaoMoiDangKyNghiDefs.Thuc_hien_TAO_MOI_DANG_KY_NGHI_nhu(String,String>>)&amp#27;[0m
    &amp#27;[36mThen &amp#27;[0m&amp#27;[36mKiem tra T?O M?I ??NG KÝ NGH? nhu "&amp#27;[0m&amp#27;[36m&amp#27;[1mTC-005&amp#27;[0m&amp#27;[36m"&amp#27;[0m               &amp#27;[90m# TaoMoiDangKyNghiDefs.Kiem_tra_TAO_MOI_DANG_KY_NGHI_nhu(String,String>>)&amp#27;[0m
    &amp#27;[36mWhen &amp#27;[0m&amp#27;[36mThuc hien MAIN PAGE nhu "&amp#27;[0m&amp#27;[36m&amp#27;[1m&amp#27;[0m&amp#27;[36m"&amp#27;[0m                               &amp#27;[90m# MainPageDefs.Thuc_hien_MAIN_PAGE_nhu(String,String>>)&amp#27;[0m
]]></system-out>
  </testcase>
  <testcase name="Kịch bản kiểm thử chức năng Đăng ký ngày nghỉ" classname="Kịch bản kiểm thử chức năng Đăng ký ngày nghỉ" time="25.796">
    <error message="Expected condition failed: waiting for presence of element located by: By.xpath: //textarea[@name=&apos;lydo&apos;] (tried for 5 second(s) with 50 milliseconds interval)" type="org.openqa.selenium.TimeoutException">org.openqa.selenium.TimeoutException: Expected condition failed: waiting for presence of element located by: By.xpath: //textarea[@name='lydo'] (tried for 5 second(s) with 50 milliseconds interval)
Caused by: org.openqa.selenium.NoSuchElementException: 
no such element: Unable to locate element: {"method":"xpath","selector":"//textarea[@name='lydo']"}
  (Session info: chrome=78.0.3904.108)
For documentation on this error, please visit: https://www.seleniumhq.org/exceptions/no_such_element.html
Build info: version: '3.141.59', revision: 'e82be7d358', time: '2018-11-14T08:17:03'
System info: host: 'DESKTOP-BJ1JOQA', ip: '192.168.1.12', os.name: 'Windows 10', os.arch: 'amd64', os.version: '10.0', java.version: '1.8.0_111'
Driver info: org.openqa.selenium.chrome.ChromeDriver
Capabilities {acceptInsecureCerts: false, browserName: chrome, browserVersion: 78.0.3904.108, chrome: {chromedriverVersion: 78.0.3904.70 (edb9c9f3de024..., userDataDir: C:\Users\ngocn\AppData\Loca...}, goog:chromeOptions: {debuggerAddress: localhost:61663}, javascriptEnabled: true, networkConnectionEnabled: false, pageLoadStrategy: normal, platform: XP, platformName: XP, proxy: Proxy(), setWindowRect: true, strictFileInteractability: false, timeouts: {implicit: 0, pageLoad: 300000, script: 30000}, unhandledPromptBehavior: dismiss and notify}
Session ID: 4c08000c44b925ec0f40fc054a9e03b5
*** Element info: {Using=xpath, value=//textarea[@name='lydo']}
</error>
    <system-out><![CDATA[
  @DangKyNghi_CTR
  Scenario Outline: K?ch b?n ki?m th? ch?c n?ng ??ng ký ngày ngh? &amp#27;[90m# src/test/resources/features/2_DangKyNghi_CTR_DATA.feature:64&amp#27;[0m
***** INFO ***** Loading data from Data Table into [SESSION_DATA]
    &amp#27;[32mGiven &amp#27;[0m&amp#27;[32mThiet lap du lieu nhu "&amp#27;[0m&amp#27;[32m&amp#27;[1m&amp#27;[0m&amp#27;[32m"&amp#27;[0m                                &amp#27;[90m# CommonDefs.nguoi_dung_thiet_lap_du_lieu_nhu(String,String>>)&amp#27;[0m
***** INFO ***** Loading data from Data Table into [LOGIN]
    &amp#27;[32mWhen &amp#27;[0m&amp#27;[32mNguoi dung dang nhap vao he thong nhu "&amp#27;[0m&amp#27;[32m&amp#27;[1m&amp#27;[0m&amp#27;[32m"&amp#27;[0m                 &amp#27;[90m# CommonDefs.nguoi_dung_dang_nhap_vao_he_thong_nhu(String,String>>)&amp#27;[0m
***** INFO ***** Loading data from Data Table into [MENU]
    &amp#27;[32mWhen &amp#27;[0m&amp#27;[32mNguoi dung vao menu nhu "&amp#27;[0m&amp#27;[32m&amp#27;[1m&amp#27;[0m&amp#27;[32m"&amp#27;[0m                               &amp#27;[90m# CommonDefs.nguoi_dung_vao_menu_nhu(String,String>>)&amp#27;[0m
***** INFO ***** Loading data from Data Table into [TAO_MOI_DANG_KY_NGHI_NHAP]
***WARNING*** Column [Ng??i liên quan] not found in Data Table [TAO_MOI_DANG_KY_NGHI_NHAP].
***WARNING*** Column [Nhân s? ???c ?y quy?n] not found in Data Table [TAO_MOI_DANG_KY_NGHI_NHAP].
***WARNING*** Column [Ngh? ?i n??c ngoài] not found in Data Table [TAO_MOI_DANG_KY_NGHI_NHAP].
    &amp#27;[31mGiven &amp#27;[0m&amp#27;[31mNhap T?O M?I ??NG KÝ NGH? nhu "&amp#27;[0m&amp#27;[31m&amp#27;[1mTC-006&amp#27;[0m&amp#27;[31m"&amp#27;[0m                  &amp#27;[90m# TaoMoiDangKyNghiDefs.Nhap_TAO_MOI_DANG_KY_NGHI_nhu(String,String>>)&amp#27;[0m
      &amp#27;[31morg.openqa.selenium.TimeoutException: Expected condition failed: waiting for presence of element located by: By.xpath: //textarea[@name='lydo'] (tried for 5 second(s) with 50 milliseconds interval)
	at org.openqa.selenium.support.ui.FluentWait.timeoutException(FluentWait.java:304)
	at org.openqa.selenium.support.ui.FluentWait.until(FluentWait.java:272)
	at net.serenitybdd.core.pages.RenderedPageObjectView.waitFor(RenderedPageObjectView.java:105)
	at net.serenitybdd.core.pages.PageObject.waitFor(PageObject.java:341)
	at hrm.lib.MyPageObject.waitElementToBePresentThenScrollIntoViewAndHighlight(MyPageObject.java:374)
	at hrm.lib.MyPageObject.XH(MyPageObject.java:382)
	at hrm.lib.MyPageObject.waitClearAndType(MyPageObject.java:557)
	at hrm.pages.DangKyNghi.TaoMoiDangKyNghiPage.enter_ly_do(TaoMoiDangKyNghiPage.java:81)
	at hrm.steps.serenity.DangKyNghi.TaoMoiDangKyNghiSteps.enter_ly_do(TaoMoiDangKyNghiSteps.java:69)
	at hrm.steps.serenity.DangKyNghi.TaoMoiDangKyNghiSteps$$EnhancerByCGLIB$$4cd1d03d.CGLIB$enter_ly_do$62(<generated>)
	at hrm.steps.serenity.DangKyNghi.TaoMoiDangKyNghiSteps$$EnhancerByCGLIB$$4cd1d03d$$FastClassByCGLIB$$38947674.invoke(<generated>)
	at net.sf.cglib.proxy.MethodProxy.invokeSuper(MethodProxy.java:228)
	at net.thucydides.core.steps.StepInterceptor.invokeMethod(StepInterceptor.java:460)
	at net.thucydides.core.steps.StepInterceptor.executeTestStepMethod(StepInterceptor.java:445)
	at net.thucydides.core.steps.StepInterceptor.runTestStep(StepInterceptor.java:420)
	at net.thucydides.core.steps.StepInterceptor.runOrSkipMethod(StepInterceptor.java:175)
	at net.thucydides.core.steps.StepInterceptor.testStepResult(StepInterceptor.java:162)
	at net.thucydides.core.steps.StepInterceptor.intercept(StepInterceptor.java:68)
	at hrm.steps.serenity.DangKyNghi.TaoMoiDangKyNghiSteps$$EnhancerByCGLIB$$4cd1d03d.enter_ly_do(<generated>)
	at hrm.steps.defs.TaoMoiDangKyNghiDefs.Nhap_TAO_MOI_DANG_KY_NGHI_nhu(TaoMoiDangKyNghiDefs.java:59)
	at ?.Nhap T?O M?I ??NG KÝ NGH? nhu "TC-006"(src/test/resources/features/2_DangKyNghi_CTR_DATA.feature:15)
Caused by: org.openqa.selenium.NoSuchElementException: no such element: Unable to locate element: {"method":"xpath","selector":"//textarea[@name='lydo']"}
  (Session info: chrome=78.0.3904.108)
For documentation on this error, please visit: https://www.seleniumhq.org/exceptions/no_such_element.html
Build info: version: '3.141.59', revision: 'e82be7d358', time: '2018-11-14T08:17:03'
System info: host: 'DESKTOP-BJ1JOQA', ip: '192.168.1.12', os.name: 'Windows 10', os.arch: 'amd64', os.version: '10.0', java.version: '1.8.0_111'
Driver info: org.openqa.selenium.chrome.ChromeDriver
Capabilities {acceptInsecureCerts: false, browserName: chrome, browserVersion: 78.0.3904.108, chrome: {chromedriverVersion: 78.0.3904.70 (edb9c9f3de024..., userDataDir: C:\Users\ngocn\AppData\Loca...}, goog:chromeOptions: {debuggerAddress: localhost:61663}, javascriptEnabled: true, networkConnectionEnabled: false, pageLoadStrategy: normal, platform: XP, platformName: XP, proxy: Proxy(), setWindowRect: true, strictFileInteractability: false, timeouts: {implicit: 0, pageLoad: 300000, script: 30000}, unhandledPromptBehavior: dismiss and notify}
Session ID: 4c08000c44b925ec0f40fc054a9e03b5
*** Element info: {Using=xpath, value=//textarea[@name='lydo']}
	at sun.reflect.GeneratedConstructorAccessor45.newInstance(Unknown Source)
	at sun.reflect.DelegatingConstructorAccessorImpl.newInstance(DelegatingConstructorAccessorImpl.java:45)
	at java.lang.reflect.Constructor.newInstance(Constructor.java:423)
	at org.openqa.selenium.remote.http.W3CHttpResponseCodec.createException(W3CHttpResponseCodec.java:187)
	at org.openqa.selenium.remote.http.W3CHttpResponseCodec.decode(W3CHttpResponseCodec.java:122)
	at org.openqa.selenium.remote.http.W3CHttpResponseCodec.decode(W3CHttpResponseCodec.java:49)
	at org.openqa.selenium.remote.HttpCommandExecutor.execute(HttpCommandExecutor.java:158)
	at org.openqa.selenium.remote.service.DriverCommandExecutor.execute(DriverCommandExecutor.java:83)
	at org.openqa.selenium.remote.RemoteWebDriver.execute(RemoteWebDriver.java:552)
	at org.openqa.selenium.remote.RemoteWebDriver.findElement(RemoteWebDriver.java:323)
	at org.openqa.selenium.remote.RemoteWebDriver.findElementByXPath(RemoteWebDriver.java:428)
	at org.openqa.selenium.By$ByXPath.findElement(By.java:353)
	at org.openqa.selenium.remote.RemoteWebDriver.findElement(RemoteWebDriver.java:315)
	at net.thucydides.core.webdriver.WebDriverFacade.findElement(WebDriverFacade.java:222)
	at org.openqa.selenium.support.ui.ExpectedConditions$6.apply(ExpectedConditions.java:182)
	at org.openqa.selenium.support.ui.ExpectedConditions$6.apply(ExpectedConditions.java:179)
	at org.openqa.selenium.support.ui.FluentWait.until(FluentWait.java:249)
	at net.serenitybdd.core.pages.RenderedPageObjectView.waitFor(RenderedPageObjectView.java:105)
	at net.serenitybdd.core.pages.PageObject.waitFor(PageObject.java:341)
	at hrm.lib.MyPageObject.waitElementToBePresentThenScrollIntoViewAndHighlight(MyPageObject.java:374)
	at hrm.lib.MyPageObject.XH(MyPageObject.java:382)
	at hrm.lib.MyPageObject.waitClearAndType(MyPageObject.java:557)
	at hrm.pages.DangKyNghi.TaoMoiDangKyNghiPage.enter_ly_do(TaoMoiDangKyNghiPage.java:81)
	at hrm.steps.serenity.DangKyNghi.TaoMoiDangKyNghiSteps.enter_ly_do(TaoMoiDangKyNghiSteps.java:69)
	at hrm.steps.serenity.DangKyNghi.TaoMoiDangKyNghiSteps$$EnhancerByCGLIB$$4cd1d03d.CGLIB$enter_ly_do$62(<generated>)
	at hrm.steps.serenity.DangKyNghi.TaoMoiDangKyNghiSteps$$EnhancerByCGLIB$$4cd1d03d$$FastClassByCGLIB$$38947674.invoke(<generated>)
	at net.sf.cglib.proxy.MethodProxy.invokeSuper(MethodProxy.java:228)
	at net.thucydides.core.steps.StepInterceptor.invokeMethod(StepInterceptor.java:460)
	at net.thucydides.core.steps.StepInterceptor.executeTestStepMethod(StepInterceptor.java:445)
	at net.thucydides.core.steps.StepInterceptor.runTestStep(StepInterceptor.java:420)
	at net.thucydides.core.steps.StepInterceptor.runOrSkipMethod(StepInterceptor.java:175)
	at net.thucydides.core.steps.StepInterceptor.testStepResult(StepInterceptor.java:162)
	at net.thucydides.core.steps.StepInterceptor.intercept(StepInterceptor.java:68)
	at hrm.steps.serenity.DangKyNghi.TaoMoiDangKyNghiSteps$$EnhancerByCGLIB$$4cd1d03d.enter_ly_do(<generated>)
	at hrm.steps.defs.TaoMoiDangKyNghiDefs.Nhap_TAO_MOI_DANG_KY_NGHI_nhu(TaoMoiDangKyNghiDefs.java:59)
	at sun.reflect.NativeMethodAccessorImpl.invoke0(Native Method)
	at sun.reflect.NativeMethodAccessorImpl.invoke(NativeMethodAccessorImpl.java:62)
	at sun.reflect.DelegatingMethodAccessorImpl.invoke(DelegatingMethodAccessorImpl.java:43)
	at java.lang.reflect.Method.invoke(Method.java:498)
	at cucumber.runtime.Utils$1.call(Utils.java:31)
	at cucumber.runtime.Timeout.timeout(Timeout.java:16)
	at cucumber.runtime.Utils.invoke(Utils.java:25)
	at cucumber.runtime.java.JavaStepDefinition.execute(JavaStepDefinition.java:37)
	at cucumber.runtime.StepDefinitionMatch.runStep(StepDefinitionMatch.java:40)
	at cucumber.api.TestStep.executeStep(TestStep.java:102)
	at cucumber.api.TestStep.run(TestStep.java:83)
	at cucumber.api.TestCase.run(TestCase.java:58)
	at cucumber.runner.Runner.runPickle(Runner.java:80)
	at cucumber.runtime.junit.PickleRunners$NoStepDescriptions.run(PickleRunners.java:140)
	at cucumber.runtime.junit.FeatureRunner.runChild(FeatureRunner.java:68)
	at cucumber.runtime.junit.FeatureRunner.runChild(FeatureRunner.java:23)
	at org.junit.runners.ParentRunner$3.run(ParentRunner.java:290)
	at org.junit.runners.ParentRunner$1.schedule(ParentRunner.java:71)
	at org.junit.runners.ParentRunner.runChildren(ParentRunner.java:288)
	at org.junit.runners.ParentRunner.access$000(ParentRunner.java:58)
	at org.junit.runners.ParentRunner$2.evaluate(ParentRunner.java:268)
	at org.junit.runners.ParentRunner.run(ParentRunner.java:363)
	at cucumber.runtime.junit.FeatureRunner.run(FeatureRunner.java:73)
	at cucumber.api.junit.Cucumber.runChild(Cucumber.java:118)
	at cucumber.api.junit.Cucumber.runChild(Cucumber.java:56)
	at org.junit.runners.ParentRunner$3.run(ParentRunner.java:290)
	at org.junit.runners.ParentRunner$1.schedule(ParentRunner.java:71)
	at org.junit.runners.ParentRunner.runChildren(ParentRunner.java:288)
	at org.junit.runners.ParentRunner.access$000(ParentRunner.java:58)
	at org.junit.runners.ParentRunner$2.evaluate(ParentRunner.java:268)
	at cucumber.api.junit.Cucumber$1.evaluate(Cucumber.java:127)
	at org.junit.runners.ParentRunner.run(ParentRunner.java:363)
	at org.apache.maven.surefire.junit4.JUnit4Provider.execute(JUnit4Provider.java:365)
	at org.apache.maven.surefire.junit4.JUnit4Provider.executeWithRerun(JUnit4Provider.java:273)
	at org.apache.maven.surefire.junit4.JUnit4Provider.executeTestSet(JUnit4Provider.java:238)
	at org.apache.maven.surefire.junit4.JUnit4Provider.invoke(JUnit4Provider.java:159)
	at org.apache.maven.surefire.booter.ForkedBooter.invokeProviderInSameClassLoader(ForkedBooter.java:384)
	at org.apache.maven.surefire.booter.ForkedBooter.runSuitesInProcess(ForkedBooter.java:345)
	at org.apache.maven.surefire.booter.ForkedBooter.execute(ForkedBooter.java:126)
	at org.apache.maven.surefire.booter.ForkedBooter.main(ForkedBooter.java:418)
&amp#27;[0m
    &amp#27;[36mWhen &amp#27;[0m&amp#27;[36mThuc hien T?O M?I ??NG KÝ NGH? nhu "&amp#27;[0m&amp#27;[36m&amp#27;[1mTC-006&amp#27;[0m&amp#27;[36m"&amp#27;[0m              &amp#27;[90m# TaoMoiDangKyNghiDefs.Thuc_hien_TAO_MOI_DANG_KY_NGHI_nhu(String,String>>)&amp#27;[0m
    &amp#27;[36mThen &amp#27;[0m&amp#27;[36mKiem tra T?O M?I ??NG KÝ NGH? nhu "&amp#27;[0m&amp#27;[36m&amp#27;[1mTC-006&amp#27;[0m&amp#27;[36m"&amp#27;[0m               &amp#27;[90m# TaoMoiDangKyNghiDefs.Kiem_tra_TAO_MOI_DANG_KY_NGHI_nhu(String,String>>)&amp#27;[0m
    &amp#27;[36mWhen &amp#27;[0m&amp#27;[36mThuc hien MAIN PAGE nhu "&amp#27;[0m&amp#27;[36m&amp#27;[1m&amp#27;[0m&amp#27;[36m"&amp#27;[0m                               &amp#27;[90m# MainPageDefs.Thuc_hien_MAIN_PAGE_nhu(String,String>>)&amp#27;[0m
]]></system-out>
    <system-err><![CDATA[[1576087365.925][SEVERE]: Timed out receiving message from renderer: 10.000
[1576087365.925][WARNING]: screenshot failed, retrying
]]></system-err>
  </testcase>
  <testcase name="Kịch bản kiểm thử chức năng Đăng ký ngày nghỉ" classname="Kịch bản kiểm thử chức năng Đăng ký ngày nghỉ" time="23.092">
    <error message="Expected condition failed: waiting for presence of element located by: By.xpath: //div[@name=&apos;holiday_status_id&apos;]//div[@class=&apos;o_input_dropdown&apos;]//input (tried for 5 second(s) with 50 milliseconds interval)" type="org.openqa.selenium.TimeoutException">org.openqa.selenium.TimeoutException: Expected condition failed: waiting for presence of element located by: By.xpath: //div[@name='holiday_status_id']//div[@class='o_input_dropdown']//input (tried for 5 second(s) with 50 milliseconds interval)
Caused by: org.openqa.selenium.NoSuchElementException: 
no such element: Unable to locate element: {"method":"xpath","selector":"//div[@name='holiday_status_id']//div[@class='o_input_dropdown']//input"}
  (Session info: chrome=78.0.3904.108)
For documentation on this error, please visit: https://www.seleniumhq.org/exceptions/no_such_element.html
Build info: version: '3.141.59', revision: 'e82be7d358', time: '2018-11-14T08:17:03'
System info: host: 'DESKTOP-BJ1JOQA', ip: '192.168.1.12', os.name: 'Windows 10', os.arch: 'amd64', os.version: '10.0', java.version: '1.8.0_111'
Driver info: org.openqa.selenium.chrome.ChromeDriver
Capabilities {acceptInsecureCerts: false, browserName: chrome, browserVersion: 78.0.3904.108, chrome: {chromedriverVersion: 78.0.3904.70 (edb9c9f3de024..., userDataDir: C:\Users\ngocn\AppData\Loca...}, goog:chromeOptions: {debuggerAddress: localhost:61663}, javascriptEnabled: true, networkConnectionEnabled: false, pageLoadStrategy: normal, platform: XP, platformName: XP, proxy: Proxy(), setWindowRect: true, strictFileInteractability: false, timeouts: {implicit: 0, pageLoad: 300000, script: 30000}, unhandledPromptBehavior: dismiss and notify}
Session ID: 4c08000c44b925ec0f40fc054a9e03b5
*** Element info: {Using=xpath, value=//div[@name='holiday_status_id']//div[@class='o_input_dropdown']//input}
</error>
    <system-out><![CDATA[
  @DangKyNghi_CTR
  Scenario Outline: K?ch b?n ki?m th? ch?c n?ng ??ng ký ngày ngh? &amp#27;[90m# src/test/resources/features/2_DangKyNghi_CTR_DATA.feature:65&amp#27;[0m
***** INFO ***** Loading data from Data Table into [SESSION_DATA]
    &amp#27;[32mGiven &amp#27;[0m&amp#27;[32mThiet lap du lieu nhu "&amp#27;[0m&amp#27;[32m&amp#27;[1m&amp#27;[0m&amp#27;[32m"&amp#27;[0m                                &amp#27;[90m# CommonDefs.nguoi_dung_thiet_lap_du_lieu_nhu(String,String>>)&amp#27;[0m
***** INFO ***** Loading data from Data Table into [LOGIN]
    &amp#27;[32mWhen &amp#27;[0m&amp#27;[32mNguoi dung dang nhap vao he thong nhu "&amp#27;[0m&amp#27;[32m&amp#27;[1m&amp#27;[0m&amp#27;[32m"&amp#27;[0m                 &amp#27;[90m# CommonDefs.nguoi_dung_dang_nhap_vao_he_thong_nhu(String,String>>)&amp#27;[0m
***** INFO ***** Loading data from Data Table into [MENU]
    &amp#27;[32mWhen &amp#27;[0m&amp#27;[32mNguoi dung vao menu nhu "&amp#27;[0m&amp#27;[32m&amp#27;[1m&amp#27;[0m&amp#27;[32m"&amp#27;[0m                               &amp#27;[90m# CommonDefs.nguoi_dung_vao_menu_nhu(String,String>>)&amp#27;[0m
***** INFO ***** Loading data from Data Table into [TAO_MOI_DANG_KY_NGHI_NHAP]
***WARNING*** Column [Ng??i liên quan] not found in Data Table [TAO_MOI_DANG_KY_NGHI_NHAP].
***WARNING*** Column [Nhân s? ???c ?y quy?n] not found in Data Table [TAO_MOI_DANG_KY_NGHI_NHAP].
***WARNING*** Column [Ngh? ?i n??c ngoài] not found in Data Table [TAO_MOI_DANG_KY_NGHI_NHAP].
    &amp#27;[31mGiven &amp#27;[0m&amp#27;[31mNhap T?O M?I ??NG KÝ NGH? nhu "&amp#27;[0m&amp#27;[31m&amp#27;[1mTC-007&amp#27;[0m&amp#27;[31m"&amp#27;[0m                  &amp#27;[90m# TaoMoiDangKyNghiDefs.Nhap_TAO_MOI_DANG_KY_NGHI_nhu(String,String>>)&amp#27;[0m
      &amp#27;[31morg.openqa.selenium.TimeoutException: Expected condition failed: waiting for presence of element located by: By.xpath: //div[@name='holiday_status_id']//div[@class='o_input_dropdown']//input (tried for 5 second(s) with 50 milliseconds interval)
	at org.openqa.selenium.support.ui.FluentWait.timeoutException(FluentWait.java:304)
	at org.openqa.selenium.support.ui.FluentWait.until(FluentWait.java:272)
	at net.serenitybdd.core.pages.RenderedPageObjectView.waitFor(RenderedPageObjectView.java:105)
	at net.serenitybdd.core.pages.PageObject.waitFor(PageObject.java:341)
	at hrm.lib.MyPageObject.waitElementToBePresentThenScrollIntoViewAndHighlight(MyPageObject.java:374)
	at hrm.lib.MyPageObject.XH(MyPageObject.java:382)
	at hrm.lib.MyPageObject.selectSearchDDL(MyPageObject.java:2694)
	at hrm.pages.DangKyNghi.TaoMoiDangKyNghiPage.select_loai_nghi(TaoMoiDangKyNghiPage.java:188)
	at hrm.steps.serenity.DangKyNghi.TaoMoiDangKyNghiSteps.select_loai_nghi(TaoMoiDangKyNghiSteps.java:199)
	at hrm.steps.serenity.DangKyNghi.TaoMoiDangKyNghiSteps$$EnhancerByCGLIB$$4cd1d03d.CGLIB$select_loai_nghi$65(<generated>)
	at hrm.steps.serenity.DangKyNghi.TaoMoiDangKyNghiSteps$$EnhancerByCGLIB$$4cd1d03d$$FastClassByCGLIB$$38947674.invoke(<generated>)
	at net.sf.cglib.proxy.MethodProxy.invokeSuper(MethodProxy.java:228)
	at net.thucydides.core.steps.StepInterceptor.invokeMethod(StepInterceptor.java:460)
	at net.thucydides.core.steps.StepInterceptor.executeTestStepMethod(StepInterceptor.java:445)
	at net.thucydides.core.steps.StepInterceptor.runTestStep(StepInterceptor.java:420)
	at net.thucydides.core.steps.StepInterceptor.runOrSkipMethod(StepInterceptor.java:175)
	at net.thucydides.core.steps.StepInterceptor.testStepResult(StepInterceptor.java:162)
	at net.thucydides.core.steps.StepInterceptor.intercept(StepInterceptor.java:68)
	at hrm.steps.serenity.DangKyNghi.TaoMoiDangKyNghiSteps$$EnhancerByCGLIB$$4cd1d03d.select_loai_nghi(<generated>)
	at hrm.steps.defs.TaoMoiDangKyNghiDefs.Nhap_TAO_MOI_DANG_KY_NGHI_nhu(TaoMoiDangKyNghiDefs.java:74)
	at ?.Nhap T?O M?I ??NG KÝ NGH? nhu "TC-007"(src/test/resources/features/2_DangKyNghi_CTR_DATA.feature:15)
Caused by: org.openqa.selenium.NoSuchElementException: no such element: Unable to locate element: {"method":"xpath","selector":"//div[@name='holiday_status_id']//div[@class='o_input_dropdown']//input"}
  (Session info: chrome=78.0.3904.108)
For documentation on this error, please visit: https://www.seleniumhq.org/exceptions/no_such_element.html
Build info: version: '3.141.59', revision: 'e82be7d358', time: '2018-11-14T08:17:03'
System info: host: 'DESKTOP-BJ1JOQA', ip: '192.168.1.12', os.name: 'Windows 10', os.arch: 'amd64', os.version: '10.0', java.version: '1.8.0_111'
Driver info: org.openqa.selenium.chrome.ChromeDriver
Capabilities {acceptInsecureCerts: false, browserName: chrome, browserVersion: 78.0.3904.108, chrome: {chromedriverVersion: 78.0.3904.70 (edb9c9f3de024..., userDataDir: C:\Users\ngocn\AppData\Loca...}, goog:chromeOptions: {debuggerAddress: localhost:61663}, javascriptEnabled: true, networkConnectionEnabled: false, pageLoadStrategy: normal, platform: XP, platformName: XP, proxy: Proxy(), setWindowRect: true, strictFileInteractability: false, timeouts: {implicit: 0, pageLoad: 300000, script: 30000}, unhandledPromptBehavior: dismiss and notify}
Session ID: 4c08000c44b925ec0f40fc054a9e03b5
*** Element info: {Using=xpath, value=//div[@name='holiday_status_id']//div[@class='o_input_dropdown']//input}
	at sun.reflect.GeneratedConstructorAccessor45.newInstance(Unknown Source)
	at sun.reflect.DelegatingConstructorAccessorImpl.newInstance(DelegatingConstructorAccessorImpl.java:45)
	at java.lang.reflect.Constructor.newInstance(Constructor.java:423)
	at org.openqa.selenium.remote.http.W3CHttpResponseCodec.createException(W3CHttpResponseCodec.java:187)
	at org.openqa.selenium.remote.http.W3CHttpResponseCodec.decode(W3CHttpResponseCodec.java:122)
	at org.openqa.selenium.remote.http.W3CHttpResponseCodec.decode(W3CHttpResponseCodec.java:49)
	at org.openqa.selenium.remote.HttpCommandExecutor.execute(HttpCommandExecutor.java:158)
	at org.openqa.selenium.remote.service.DriverCommandExecutor.execute(DriverCommandExecutor.java:83)
	at org.openqa.selenium.remote.RemoteWebDriver.execute(RemoteWebDriver.java:552)
	at org.openqa.selenium.remote.RemoteWebDriver.findElement(RemoteWebDriver.java:323)
	at org.openqa.selenium.remote.RemoteWebDriver.findElementByXPath(RemoteWebDriver.java:428)
	at org.openqa.selenium.By$ByXPath.findElement(By.java:353)
	at org.openqa.selenium.remote.RemoteWebDriver.findElement(RemoteWebDriver.java:315)
	at net.thucydides.core.webdriver.WebDriverFacade.findElement(WebDriverFacade.java:222)
	at org.openqa.selenium.support.ui.ExpectedConditions$6.apply(ExpectedConditions.java:182)
	at org.openqa.selenium.support.ui.ExpectedConditions$6.apply(ExpectedConditions.java:179)
	at org.openqa.selenium.support.ui.FluentWait.until(FluentWait.java:249)
	at net.serenitybdd.core.pages.RenderedPageObjectView.waitFor(RenderedPageObjectView.java:105)
	at net.serenitybdd.core.pages.PageObject.waitFor(PageObject.java:341)
	at hrm.lib.MyPageObject.waitElementToBePresentThenScrollIntoViewAndHighlight(MyPageObject.java:374)
	at hrm.lib.MyPageObject.XH(MyPageObject.java:382)
	at hrm.lib.MyPageObject.selectSearchDDL(MyPageObject.java:2694)
	at hrm.pages.DangKyNghi.TaoMoiDangKyNghiPage.select_loai_nghi(TaoMoiDangKyNghiPage.java:188)
	at hrm.steps.serenity.DangKyNghi.TaoMoiDangKyNghiSteps.select_loai_nghi(TaoMoiDangKyNghiSteps.java:199)
	at hrm.steps.serenity.DangKyNghi.TaoMoiDangKyNghiSteps$$EnhancerByCGLIB$$4cd1d03d.CGLIB$select_loai_nghi$65(<generated>)
	at hrm.steps.serenity.DangKyNghi.TaoMoiDangKyNghiSteps$$EnhancerByCGLIB$$4cd1d03d$$FastClassByCGLIB$$38947674.invoke(<generated>)
	at net.sf.cglib.proxy.MethodProxy.invokeSuper(MethodProxy.java:228)
	at net.thucydides.core.steps.StepInterceptor.invokeMethod(StepInterceptor.java:460)
	at net.thucydides.core.steps.StepInterceptor.executeTestStepMethod(StepInterceptor.java:445)
	at net.thucydides.core.steps.StepInterceptor.runTestStep(StepInterceptor.java:420)
	at net.thucydides.core.steps.StepInterceptor.runOrSkipMethod(StepInterceptor.java:175)
	at net.thucydides.core.steps.StepInterceptor.testStepResult(StepInterceptor.java:162)
	at net.thucydides.core.steps.StepInterceptor.intercept(StepInterceptor.java:68)
	at hrm.steps.serenity.DangKyNghi.TaoMoiDangKyNghiSteps$$EnhancerByCGLIB$$4cd1d03d.select_loai_nghi(<generated>)
	at hrm.steps.defs.TaoMoiDangKyNghiDefs.Nhap_TAO_MOI_DANG_KY_NGHI_nhu(TaoMoiDangKyNghiDefs.java:74)
	at sun.reflect.NativeMethodAccessorImpl.invoke0(Native Method)
	at sun.reflect.NativeMethodAccessorImpl.invoke(NativeMethodAccessorImpl.java:62)
	at sun.reflect.DelegatingMethodAccessorImpl.invoke(DelegatingMethodAccessorImpl.java:43)
	at java.lang.reflect.Method.invoke(Method.java:498)
	at cucumber.runtime.Utils$1.call(Utils.java:31)
	at cucumber.runtime.Timeout.timeout(Timeout.java:16)
	at cucumber.runtime.Utils.invoke(Utils.java:25)
	at cucumber.runtime.java.JavaStepDefinition.execute(JavaStepDefinition.java:37)
	at cucumber.runtime.StepDefinitionMatch.runStep(StepDefinitionMatch.java:40)
	at cucumber.api.TestStep.executeStep(TestStep.java:102)
	at cucumber.api.TestStep.run(TestStep.java:83)
	at cucumber.api.TestCase.run(TestCase.java:58)
	at cucumber.runner.Runner.runPickle(Runner.java:80)
	at cucumber.runtime.junit.PickleRunners$NoStepDescriptions.run(PickleRunners.java:140)
	at cucumber.runtime.junit.FeatureRunner.runChild(FeatureRunner.java:68)
	at cucumber.runtime.junit.FeatureRunner.runChild(FeatureRunner.java:23)
	at org.junit.runners.ParentRunner$3.run(ParentRunner.java:290)
	at org.junit.runners.ParentRunner$1.schedule(ParentRunner.java:71)
	at org.junit.runners.ParentRunner.runChildren(ParentRunner.java:288)
	at org.junit.runners.ParentRunner.access$000(ParentRunner.java:58)
	at org.junit.runners.ParentRunner$2.evaluate(ParentRunner.java:268)
	at org.junit.runners.ParentRunner.run(ParentRunner.java:363)
	at cucumber.runtime.junit.FeatureRunner.run(FeatureRunner.java:73)
	at cucumber.api.junit.Cucumber.runChild(Cucumber.java:118)
	at cucumber.api.junit.Cucumber.runChild(Cucumber.java:56)
	at org.junit.runners.ParentRunner$3.run(ParentRunner.java:290)
	at org.junit.runners.ParentRunner$1.schedule(ParentRunner.java:71)
	at org.junit.runners.ParentRunner.runChildren(ParentRunner.java:288)
	at org.junit.runners.ParentRunner.access$000(ParentRunner.java:58)
	at org.junit.runners.ParentRunner$2.evaluate(ParentRunner.java:268)
	at cucumber.api.junit.Cucumber$1.evaluate(Cucumber.java:127)
	at org.junit.runners.ParentRunner.run(ParentRunner.java:363)
	at org.apache.maven.surefire.junit4.JUnit4Provider.execute(JUnit4Provider.java:365)
	at org.apache.maven.surefire.junit4.JUnit4Provider.executeWithRerun(JUnit4Provider.java:273)
	at org.apache.maven.surefire.junit4.JUnit4Provider.executeTestSet(JUnit4Provider.java:238)
	at org.apache.maven.surefire.junit4.JUnit4Provider.invoke(JUnit4Provider.java:159)
	at org.apache.maven.surefire.booter.ForkedBooter.invokeProviderInSameClassLoader(ForkedBooter.java:384)
	at org.apache.maven.surefire.booter.ForkedBooter.runSuitesInProcess(ForkedBooter.java:345)
	at org.apache.maven.surefire.booter.ForkedBooter.execute(ForkedBooter.java:126)
	at org.apache.maven.surefire.booter.ForkedBooter.main(ForkedBooter.java:418)
&amp#27;[0m
    &amp#27;[36mWhen &amp#27;[0m&amp#27;[36mThuc hien T?O M?I ??NG KÝ NGH? nhu "&amp#27;[0m&amp#27;[36m&amp#27;[1mTC-007&amp#27;[0m&amp#27;[36m"&amp#27;[0m              &amp#27;[90m# TaoMoiDangKyNghiDefs.Thuc_hien_TAO_MOI_DANG_KY_NGHI_nhu(String,String>>)&amp#27;[0m
    &amp#27;[36mThen &amp#27;[0m&amp#27;[36mKiem tra T?O M?I ??NG KÝ NGH? nhu "&amp#27;[0m&amp#27;[36m&amp#27;[1mTC-007&amp#27;[0m&amp#27;[36m"&amp#27;[0m               &amp#27;[90m# TaoMoiDangKyNghiDefs.Kiem_tra_TAO_MOI_DANG_KY_NGHI_nhu(String,String>>)&amp#27;[0m
    &amp#27;[36mWhen &amp#27;[0m&amp#27;[36mThuc hien MAIN PAGE nhu "&amp#27;[0m&amp#27;[36m&amp#27;[1m&amp#27;[0m&amp#27;[36m"&amp#27;[0m                               &amp#27;[90m# MainPageDefs.Thuc_hien_MAIN_PAGE_nhu(String,String>>)&amp#27;[0m
]]></system-out>
  </testcase>
  <testcase name="Kịch bản kiểm thử chức năng Đăng ký ngày nghỉ" classname="Kịch bản kiểm thử chức năng Đăng ký ngày nghỉ" time="22.895">
    <error message="Expected condition failed: waiting for presence of element located by: By.xpath: //div[@name=&apos;date_from&apos;]//input[@name=&apos;date_from&apos;] (tried for 5 second(s) with 50 milliseconds interval)" type="org.openqa.selenium.TimeoutException">org.openqa.selenium.TimeoutException: Expected condition failed: waiting for presence of element located by: By.xpath: //div[@name='date_from']//input[@name='date_from'] (tried for 5 second(s) with 50 milliseconds interval)
Caused by: org.openqa.selenium.NoSuchElementException: 
no such element: Unable to locate element: {"method":"xpath","selector":"//div[@name='date_from']//input[@name='date_from']"}
  (Session info: chrome=78.0.3904.108)
For documentation on this error, please visit: https://www.seleniumhq.org/exceptions/no_such_element.html
Build info: version: '3.141.59', revision: 'e82be7d358', time: '2018-11-14T08:17:03'
System info: host: 'DESKTOP-BJ1JOQA', ip: '192.168.1.12', os.name: 'Windows 10', os.arch: 'amd64', os.version: '10.0', java.version: '1.8.0_111'
Driver info: org.openqa.selenium.chrome.ChromeDriver
Capabilities {acceptInsecureCerts: false, browserName: chrome, browserVersion: 78.0.3904.108, chrome: {chromedriverVersion: 78.0.3904.70 (edb9c9f3de024..., userDataDir: C:\Users\ngocn\AppData\Loca...}, goog:chromeOptions: {debuggerAddress: localhost:61663}, javascriptEnabled: true, networkConnectionEnabled: false, pageLoadStrategy: normal, platform: XP, platformName: XP, proxy: Proxy(), setWindowRect: true, strictFileInteractability: false, timeouts: {implicit: 0, pageLoad: 300000, script: 30000}, unhandledPromptBehavior: dismiss and notify}
Session ID: 4c08000c44b925ec0f40fc054a9e03b5
*** Element info: {Using=xpath, value=//div[@name='date_from']//input[@name='date_from']}
</error>
    <system-out><![CDATA[
  @DangKyNghi_CTR
  Scenario Outline: K?ch b?n ki?m th? ch?c n?ng ??ng ký ngày ngh? &amp#27;[90m# src/test/resources/features/2_DangKyNghi_CTR_DATA.feature:66&amp#27;[0m
***** INFO ***** Loading data from Data Table into [SESSION_DATA]
    &amp#27;[32mGiven &amp#27;[0m&amp#27;[32mThiet lap du lieu nhu "&amp#27;[0m&amp#27;[32m&amp#27;[1m&amp#27;[0m&amp#27;[32m"&amp#27;[0m                                &amp#27;[90m# CommonDefs.nguoi_dung_thiet_lap_du_lieu_nhu(String,String>>)&amp#27;[0m
***** INFO ***** Loading data from Data Table into [LOGIN]
    &amp#27;[32mWhen &amp#27;[0m&amp#27;[32mNguoi dung dang nhap vao he thong nhu "&amp#27;[0m&amp#27;[32m&amp#27;[1m&amp#27;[0m&amp#27;[32m"&amp#27;[0m                 &amp#27;[90m# CommonDefs.nguoi_dung_dang_nhap_vao_he_thong_nhu(String,String>>)&amp#27;[0m
***** INFO ***** Loading data from Data Table into [MENU]
    &amp#27;[32mWhen &amp#27;[0m&amp#27;[32mNguoi dung vao menu nhu "&amp#27;[0m&amp#27;[32m&amp#27;[1m&amp#27;[0m&amp#27;[32m"&amp#27;[0m                               &amp#27;[90m# CommonDefs.nguoi_dung_vao_menu_nhu(String,String>>)&amp#27;[0m
***** INFO ***** Loading data from Data Table into [TAO_MOI_DANG_KY_NGHI_NHAP]
***WARNING*** Column [Ng??i liên quan] not found in Data Table [TAO_MOI_DANG_KY_NGHI_NHAP].
***WARNING*** Column [Nhân s? ???c ?y quy?n] not found in Data Table [TAO_MOI_DANG_KY_NGHI_NHAP].
***WARNING*** Column [Ngh? ?i n??c ngoài] not found in Data Table [TAO_MOI_DANG_KY_NGHI_NHAP].
    &amp#27;[31mGiven &amp#27;[0m&amp#27;[31mNhap T?O M?I ??NG KÝ NGH? nhu "&amp#27;[0m&amp#27;[31m&amp#27;[1mTC-008&amp#27;[0m&amp#27;[31m"&amp#27;[0m                  &amp#27;[90m# TaoMoiDangKyNghiDefs.Nhap_TAO_MOI_DANG_KY_NGHI_nhu(String,String>>)&amp#27;[0m
      &amp#27;[31morg.openqa.selenium.TimeoutException: Expected condition failed: waiting for presence of element located by: By.xpath: //div[@name='date_from']//input[@name='date_from'] (tried for 5 second(s) with 50 milliseconds interval)
	at org.openqa.selenium.support.ui.FluentWait.timeoutException(FluentWait.java:304)
	at org.openqa.selenium.support.ui.FluentWait.until(FluentWait.java:272)
	at net.serenitybdd.core.pages.RenderedPageObjectView.waitFor(RenderedPageObjectView.java:105)
	at net.serenitybdd.core.pages.PageObject.waitFor(PageObject.java:341)
	at hrm.lib.MyPageObject.waitElementToBePresentThenScrollIntoViewAndHighlight(MyPageObject.java:374)
	at hrm.lib.MyPageObject.XH(MyPageObject.java:382)
	at hrm.lib.MyPageObject.waitClearAndTypeThenTab(MyPageObject.java:571)
	at hrm.pages.DangKyNghi.TaoMoiDangKyNghiPage.enter_tu_ngay(TaoMoiDangKyNghiPage.java:209)
	at hrm.steps.serenity.DangKyNghi.TaoMoiDangKyNghiSteps.enter_tu_ngay(TaoMoiDangKyNghiSteps.java:225)
	at hrm.steps.serenity.DangKyNghi.TaoMoiDangKyNghiSteps$$EnhancerByCGLIB$$4cd1d03d.CGLIB$enter_tu_ngay$79(<generated>)
	at hrm.steps.serenity.DangKyNghi.TaoMoiDangKyNghiSteps$$EnhancerByCGLIB$$4cd1d03d$$FastClassByCGLIB$$38947674.invoke(<generated>)
	at net.sf.cglib.proxy.MethodProxy.invokeSuper(MethodProxy.java:228)
	at net.thucydides.core.steps.StepInterceptor.invokeMethod(StepInterceptor.java:460)
	at net.thucydides.core.steps.StepInterceptor.executeTestStepMethod(StepInterceptor.java:445)
	at net.thucydides.core.steps.StepInterceptor.runTestStep(StepInterceptor.java:420)
	at net.thucydides.core.steps.StepInterceptor.runOrSkipMethod(StepInterceptor.java:175)
	at net.thucydides.core.steps.StepInterceptor.testStepResult(StepInterceptor.java:162)
	at net.thucydides.core.steps.StepInterceptor.intercept(StepInterceptor.java:68)
	at hrm.steps.serenity.DangKyNghi.TaoMoiDangKyNghiSteps$$EnhancerByCGLIB$$4cd1d03d.enter_tu_ngay(<generated>)
	at hrm.steps.defs.TaoMoiDangKyNghiDefs.Nhap_TAO_MOI_DANG_KY_NGHI_nhu(TaoMoiDangKyNghiDefs.java:80)
	at ?.Nhap T?O M?I ??NG KÝ NGH? nhu "TC-008"(src/test/resources/features/2_DangKyNghi_CTR_DATA.feature:15)
Caused by: org.openqa.selenium.NoSuchElementException: no such element: Unable to locate element: {"method":"xpath","selector":"//div[@name='date_from']//input[@name='date_from']"}
  (Session info: chrome=78.0.3904.108)
For documentation on this error, please visit: https://www.seleniumhq.org/exceptions/no_such_element.html
Build info: version: '3.141.59', revision: 'e82be7d358', time: '2018-11-14T08:17:03'
System info: host: 'DESKTOP-BJ1JOQA', ip: '192.168.1.12', os.name: 'Windows 10', os.arch: 'amd64', os.version: '10.0', java.version: '1.8.0_111'
Driver info: org.openqa.selenium.chrome.ChromeDriver
Capabilities {acceptInsecureCerts: false, browserName: chrome, browserVersion: 78.0.3904.108, chrome: {chromedriverVersion: 78.0.3904.70 (edb9c9f3de024..., userDataDir: C:\Users\ngocn\AppData\Loca...}, goog:chromeOptions: {debuggerAddress: localhost:61663}, javascriptEnabled: true, networkConnectionEnabled: false, pageLoadStrategy: normal, platform: XP, platformName: XP, proxy: Proxy(), setWindowRect: true, strictFileInteractability: false, timeouts: {implicit: 0, pageLoad: 300000, script: 30000}, unhandledPromptBehavior: dismiss and notify}
Session ID: 4c08000c44b925ec0f40fc054a9e03b5
*** Element info: {Using=xpath, value=//div[@name='date_from']//input[@name='date_from']}
	at sun.reflect.GeneratedConstructorAccessor45.newInstance(Unknown Source)
	at sun.reflect.DelegatingConstructorAccessorImpl.newInstance(DelegatingConstructorAccessorImpl.java:45)
	at java.lang.reflect.Constructor.newInstance(Constructor.java:423)
	at org.openqa.selenium.remote.http.W3CHttpResponseCodec.createException(W3CHttpResponseCodec.java:187)
	at org.openqa.selenium.remote.http.W3CHttpResponseCodec.decode(W3CHttpResponseCodec.java:122)
	at org.openqa.selenium.remote.http.W3CHttpResponseCodec.decode(W3CHttpResponseCodec.java:49)
	at org.openqa.selenium.remote.HttpCommandExecutor.execute(HttpCommandExecutor.java:158)
	at org.openqa.selenium.remote.service.DriverCommandExecutor.execute(DriverCommandExecutor.java:83)
	at org.openqa.selenium.remote.RemoteWebDriver.execute(RemoteWebDriver.java:552)
	at org.openqa.selenium.remote.RemoteWebDriver.findElement(RemoteWebDriver.java:323)
	at org.openqa.selenium.remote.RemoteWebDriver.findElementByXPath(RemoteWebDriver.java:428)
	at org.openqa.selenium.By$ByXPath.findElement(By.java:353)
	at org.openqa.selenium.remote.RemoteWebDriver.findElement(RemoteWebDriver.java:315)
	at net.thucydides.core.webdriver.WebDriverFacade.findElement(WebDriverFacade.java:222)
	at org.openqa.selenium.support.ui.ExpectedConditions$6.apply(ExpectedConditions.java:182)
	at org.openqa.selenium.support.ui.ExpectedConditions$6.apply(ExpectedConditions.java:179)
	at org.openqa.selenium.support.ui.FluentWait.until(FluentWait.java:249)
	at net.serenitybdd.core.pages.RenderedPageObjectView.waitFor(RenderedPageObjectView.java:105)
	at net.serenitybdd.core.pages.PageObject.waitFor(PageObject.java:341)
	at hrm.lib.MyPageObject.waitElementToBePresentThenScrollIntoViewAndHighlight(MyPageObject.java:374)
	at hrm.lib.MyPageObject.XH(MyPageObject.java:382)
	at hrm.lib.MyPageObject.waitClearAndTypeThenTab(MyPageObject.java:571)
	at hrm.pages.DangKyNghi.TaoMoiDangKyNghiPage.enter_tu_ngay(TaoMoiDangKyNghiPage.java:209)
	at hrm.steps.serenity.DangKyNghi.TaoMoiDangKyNghiSteps.enter_tu_ngay(TaoMoiDangKyNghiSteps.java:225)
	at hrm.steps.serenity.DangKyNghi.TaoMoiDangKyNghiSteps$$EnhancerByCGLIB$$4cd1d03d.CGLIB$enter_tu_ngay$79(<generated>)
	at hrm.steps.serenity.DangKyNghi.TaoMoiDangKyNghiSteps$$EnhancerByCGLIB$$4cd1d03d$$FastClassByCGLIB$$38947674.invoke(<generated>)
	at net.sf.cglib.proxy.MethodProxy.invokeSuper(MethodProxy.java:228)
	at net.thucydides.core.steps.StepInterceptor.invokeMethod(StepInterceptor.java:460)
	at net.thucydides.core.steps.StepInterceptor.executeTestStepMethod(StepInterceptor.java:445)
	at net.thucydides.core.steps.StepInterceptor.runTestStep(StepInterceptor.java:420)
	at net.thucydides.core.steps.StepInterceptor.runOrSkipMethod(StepInterceptor.java:175)
	at net.thucydides.core.steps.StepInterceptor.testStepResult(StepInterceptor.java:162)
	at net.thucydides.core.steps.StepInterceptor.intercept(StepInterceptor.java:68)
	at hrm.steps.serenity.DangKyNghi.TaoMoiDangKyNghiSteps$$EnhancerByCGLIB$$4cd1d03d.enter_tu_ngay(<generated>)
	at hrm.steps.defs.TaoMoiDangKyNghiDefs.Nhap_TAO_MOI_DANG_KY_NGHI_nhu(TaoMoiDangKyNghiDefs.java:80)
	at sun.reflect.GeneratedMethodAccessor49.invoke(Unknown Source)
	at sun.reflect.DelegatingMethodAccessorImpl.invoke(DelegatingMethodAccessorImpl.java:43)
	at java.lang.reflect.Method.invoke(Method.java:498)
	at cucumber.runtime.Utils$1.call(Utils.java:31)
	at cucumber.runtime.Timeout.timeout(Timeout.java:16)
	at cucumber.runtime.Utils.invoke(Utils.java:25)
	at cucumber.runtime.java.JavaStepDefinition.execute(JavaStepDefinition.java:37)
	at cucumber.runtime.StepDefinitionMatch.runStep(StepDefinitionMatch.java:40)
	at cucumber.api.TestStep.executeStep(TestStep.java:102)
	at cucumber.api.TestStep.run(TestStep.java:83)
	at cucumber.api.TestCase.run(TestCase.java:58)
	at cucumber.runner.Runner.runPickle(Runner.java:80)
	at cucumber.runtime.junit.PickleRunners$NoStepDescriptions.run(PickleRunners.java:140)
	at cucumber.runtime.junit.FeatureRunner.runChild(FeatureRunner.java:68)
	at cucumber.runtime.junit.FeatureRunner.runChild(FeatureRunner.java:23)
	at org.junit.runners.ParentRunner$3.run(ParentRunner.java:290)
	at org.junit.runners.ParentRunner$1.schedule(ParentRunner.java:71)
	at org.junit.runners.ParentRunner.runChildren(ParentRunner.java:288)
	at org.junit.runners.ParentRunner.access$000(ParentRunner.java:58)
	at org.junit.runners.ParentRunner$2.evaluate(ParentRunner.java:268)
	at org.junit.runners.ParentRunner.run(ParentRunner.java:363)
	at cucumber.runtime.junit.FeatureRunner.run(FeatureRunner.java:73)
	at cucumber.api.junit.Cucumber.runChild(Cucumber.java:118)
	at cucumber.api.junit.Cucumber.runChild(Cucumber.java:56)
	at org.junit.runners.ParentRunner$3.run(ParentRunner.java:290)
	at org.junit.runners.ParentRunner$1.schedule(ParentRunner.java:71)
	at org.junit.runners.ParentRunner.runChildren(ParentRunner.java:288)
	at org.junit.runners.ParentRunner.access$000(ParentRunner.java:58)
	at org.junit.runners.ParentRunner$2.evaluate(ParentRunner.java:268)
	at cucumber.api.junit.Cucumber$1.evaluate(Cucumber.java:127)
	at org.junit.runners.ParentRunner.run(ParentRunner.java:363)
	at org.apache.maven.surefire.junit4.JUnit4Provider.execute(JUnit4Provider.java:365)
	at org.apache.maven.surefire.junit4.JUnit4Provider.executeWithRerun(JUnit4Provider.java:273)
	at org.apache.maven.surefire.junit4.JUnit4Provider.executeTestSet(JUnit4Provider.java:238)
	at org.apache.maven.surefire.junit4.JUnit4Provider.invoke(JUnit4Provider.java:159)
	at org.apache.maven.surefire.booter.ForkedBooter.invokeProviderInSameClassLoader(ForkedBooter.java:384)
	at org.apache.maven.surefire.booter.ForkedBooter.runSuitesInProcess(ForkedBooter.java:345)
	at org.apache.maven.surefire.booter.ForkedBooter.execute(ForkedBooter.java:126)
	at org.apache.maven.surefire.booter.ForkedBooter.main(ForkedBooter.java:418)
&amp#27;[0m
    &amp#27;[36mWhen &amp#27;[0m&amp#27;[36mThuc hien T?O M?I ??NG KÝ NGH? nhu "&amp#27;[0m&amp#27;[36m&amp#27;[1mTC-008&amp#27;[0m&amp#27;[36m"&amp#27;[0m              &amp#27;[90m# TaoMoiDangKyNghiDefs.Thuc_hien_TAO_MOI_DANG_KY_NGHI_nhu(String,String>>)&amp#27;[0m
    &amp#27;[36mThen &amp#27;[0m&amp#27;[36mKiem tra T?O M?I ??NG KÝ NGH? nhu "&amp#27;[0m&amp#27;[36m&amp#27;[1mTC-008&amp#27;[0m&amp#27;[36m"&amp#27;[0m               &amp#27;[90m# TaoMoiDangKyNghiDefs.Kiem_tra_TAO_MOI_DANG_KY_NGHI_nhu(String,String>>)&amp#27;[0m
    &amp#27;[36mWhen &amp#27;[0m&amp#27;[36mThuc hien MAIN PAGE nhu "&amp#27;[0m&amp#27;[36m&amp#27;[1m&amp#27;[0m&amp#27;[36m"&amp#27;[0m                               &amp#27;[90m# MainPageDefs.Thuc_hien_MAIN_PAGE_nhu(String,String>>)&amp#27;[0m
]]></system-out>
  </testcase>
  <testcase name="Kịch bản kiểm thử chức năng Đăng ký ngày nghỉ" classname="Kịch bản kiểm thử chức năng Đăng ký ngày nghỉ" time="14.725">
    <error message="Expected condition failed: waiting for presence of element located by: By.xpath: //div[@name=&apos;date_from&apos;]//input[@name=&apos;date_from&apos;] (tried for 5 second(s) with 50 milliseconds interval)" type="org.openqa.selenium.TimeoutException">org.openqa.selenium.TimeoutException: Expected condition failed: waiting for presence of element located by: By.xpath: //div[@name='date_from']//input[@name='date_from'] (tried for 5 second(s) with 50 milliseconds interval)
Caused by: org.openqa.selenium.NoSuchElementException: 
no such element: Unable to locate element: {"method":"xpath","selector":"//div[@name='date_from']//input[@name='date_from']"}
  (Session info: chrome=78.0.3904.108)
For documentation on this error, please visit: https://www.seleniumhq.org/exceptions/no_such_element.html
Build info: version: '3.141.59', revision: 'e82be7d358', time: '2018-11-14T08:17:03'
System info: host: 'DESKTOP-BJ1JOQA', ip: '192.168.1.12', os.name: 'Windows 10', os.arch: 'amd64', os.version: '10.0', java.version: '1.8.0_111'
Driver info: org.openqa.selenium.chrome.ChromeDriver
Capabilities {acceptInsecureCerts: false, browserName: chrome, browserVersion: 78.0.3904.108, chrome: {chromedriverVersion: 78.0.3904.70 (edb9c9f3de024..., userDataDir: C:\Users\ngocn\AppData\Loca...}, goog:chromeOptions: {debuggerAddress: localhost:61663}, javascriptEnabled: true, networkConnectionEnabled: false, pageLoadStrategy: normal, platform: XP, platformName: XP, proxy: Proxy(), setWindowRect: true, strictFileInteractability: false, timeouts: {implicit: 0, pageLoad: 300000, script: 30000}, unhandledPromptBehavior: dismiss and notify}
Session ID: 4c08000c44b925ec0f40fc054a9e03b5
*** Element info: {Using=xpath, value=//div[@name='date_from']//input[@name='date_from']}
</error>
    <system-out><![CDATA[
  @DangKyNghi_CTR
  Scenario Outline: K?ch b?n ki?m th? ch?c n?ng ??ng ký ngày ngh? &amp#27;[90m# src/test/resources/features/2_DangKyNghi_CTR_DATA.feature:67&amp#27;[0m
***** INFO ***** Loading data from Data Table into [SESSION_DATA]
    &amp#27;[32mGiven &amp#27;[0m&amp#27;[32mThiet lap du lieu nhu "&amp#27;[0m&amp#27;[32m&amp#27;[1m&amp#27;[0m&amp#27;[32m"&amp#27;[0m                                &amp#27;[90m# CommonDefs.nguoi_dung_thiet_lap_du_lieu_nhu(String,String>>)&amp#27;[0m
***** INFO ***** Loading data from Data Table into [LOGIN]
    &amp#27;[32mWhen &amp#27;[0m&amp#27;[32mNguoi dung dang nhap vao he thong nhu "&amp#27;[0m&amp#27;[32m&amp#27;[1m&amp#27;[0m&amp#27;[32m"&amp#27;[0m                 &amp#27;[90m# CommonDefs.nguoi_dung_dang_nhap_vao_he_thong_nhu(String,String>>)&amp#27;[0m
***** INFO ***** Loading data from Data Table into [MENU]
    &amp#27;[32mWhen &amp#27;[0m&amp#27;[32mNguoi dung vao menu nhu "&amp#27;[0m&amp#27;[32m&amp#27;[1m&amp#27;[0m&amp#27;[32m"&amp#27;[0m                               &amp#27;[90m# CommonDefs.nguoi_dung_vao_menu_nhu(String,String>>)&amp#27;[0m
***** INFO ***** Loading data from Data Table into [TAO_MOI_DANG_KY_NGHI_NHAP]
***WARNING*** Column [Ng??i liên quan] not found in Data Table [TAO_MOI_DANG_KY_NGHI_NHAP].
***WARNING*** Column [Nhân s? ???c ?y quy?n] not found in Data Table [TAO_MOI_DANG_KY_NGHI_NHAP].
***WARNING*** Column [Ngh? ?i n??c ngoài] not found in Data Table [TAO_MOI_DANG_KY_NGHI_NHAP].
    &amp#27;[31mGiven &amp#27;[0m&amp#27;[31mNhap T?O M?I ??NG KÝ NGH? nhu "&amp#27;[0m&amp#27;[31m&amp#27;[1mTC-009&amp#27;[0m&amp#27;[31m"&amp#27;[0m                  &amp#27;[90m# TaoMoiDangKyNghiDefs.Nhap_TAO_MOI_DANG_KY_NGHI_nhu(String,String>>)&amp#27;[0m
      &amp#27;[31morg.openqa.selenium.TimeoutException: Expected condition failed: waiting for presence of element located by: By.xpath: //div[@name='date_from']//input[@name='date_from'] (tried for 5 second(s) with 50 milliseconds interval)
	at org.openqa.selenium.support.ui.FluentWait.timeoutException(FluentWait.java:304)
	at org.openqa.selenium.support.ui.FluentWait.until(FluentWait.java:272)
	at net.serenitybdd.core.pages.RenderedPageObjectView.waitFor(RenderedPageObjectView.java:105)
	at net.serenitybdd.core.pages.PageObject.waitFor(PageObject.java:341)
	at hrm.lib.MyPageObject.waitElementToBePresentThenScrollIntoViewAndHighlight(MyPageObject.java:374)
	at hrm.lib.MyPageObject.XH(MyPageObject.java:382)
	at hrm.lib.MyPageObject.waitClearAndTypeThenTab(MyPageObject.java:571)
	at hrm.pages.DangKyNghi.TaoMoiDangKyNghiPage.enter_tu_ngay(TaoMoiDangKyNghiPage.java:209)
	at hrm.steps.serenity.DangKyNghi.TaoMoiDangKyNghiSteps.enter_tu_ngay(TaoMoiDangKyNghiSteps.java:225)
	at hrm.steps.serenity.DangKyNghi.TaoMoiDangKyNghiSteps$$EnhancerByCGLIB$$4cd1d03d.CGLIB$enter_tu_ngay$79(<generated>)
	at hrm.steps.serenity.DangKyNghi.TaoMoiDangKyNghiSteps$$EnhancerByCGLIB$$4cd1d03d$$FastClassByCGLIB$$38947674.invoke(<generated>)
	at net.sf.cglib.proxy.MethodProxy.invokeSuper(MethodProxy.java:228)
	at net.thucydides.core.steps.StepInterceptor.invokeMethod(StepInterceptor.java:460)
	at net.thucydides.core.steps.StepInterceptor.executeTestStepMethod(StepInterceptor.java:445)
	at net.thucydides.core.steps.StepInterceptor.runTestStep(StepInterceptor.java:420)
	at net.thucydides.core.steps.StepInterceptor.runOrSkipMethod(StepInterceptor.java:175)
	at net.thucydides.core.steps.StepInterceptor.testStepResult(StepInterceptor.java:162)
	at net.thucydides.core.steps.StepInterceptor.intercept(StepInterceptor.java:68)
	at hrm.steps.serenity.DangKyNghi.TaoMoiDangKyNghiSteps$$EnhancerByCGLIB$$4cd1d03d.enter_tu_ngay(<generated>)
	at hrm.steps.defs.TaoMoiDangKyNghiDefs.Nhap_TAO_MOI_DANG_KY_NGHI_nhu(TaoMoiDangKyNghiDefs.java:80)
	at ?.Nhap T?O M?I ??NG KÝ NGH? nhu "TC-009"(src/test/resources/features/2_DangKyNghi_CTR_DATA.feature:15)
Caused by: org.openqa.selenium.NoSuchElementException: no such element: Unable to locate element: {"method":"xpath","selector":"//div[@name='date_from']//input[@name='date_from']"}
  (Session info: chrome=78.0.3904.108)
For documentation on this error, please visit: https://www.seleniumhq.org/exceptions/no_such_element.html
Build info: version: '3.141.59', revision: 'e82be7d358', time: '2018-11-14T08:17:03'
System info: host: 'DESKTOP-BJ1JOQA', ip: '192.168.1.12', os.name: 'Windows 10', os.arch: 'amd64', os.version: '10.0', java.version: '1.8.0_111'
Driver info: org.openqa.selenium.chrome.ChromeDriver
Capabilities {acceptInsecureCerts: false, browserName: chrome, browserVersion: 78.0.3904.108, chrome: {chromedriverVersion: 78.0.3904.70 (edb9c9f3de024..., userDataDir: C:\Users\ngocn\AppData\Loca...}, goog:chromeOptions: {debuggerAddress: localhost:61663}, javascriptEnabled: true, networkConnectionEnabled: false, pageLoadStrategy: normal, platform: XP, platformName: XP, proxy: Proxy(), setWindowRect: true, strictFileInteractability: false, timeouts: {implicit: 0, pageLoad: 300000, script: 30000}, unhandledPromptBehavior: dismiss and notify}
Session ID: 4c08000c44b925ec0f40fc054a9e03b5
*** Element info: {Using=xpath, value=//div[@name='date_from']//input[@name='date_from']}
	at sun.reflect.GeneratedConstructorAccessor45.newInstance(Unknown Source)
	at sun.reflect.DelegatingConstructorAccessorImpl.newInstance(DelegatingConstructorAccessorImpl.java:45)
	at java.lang.reflect.Constructor.newInstance(Constructor.java:423)
	at org.openqa.selenium.remote.http.W3CHttpResponseCodec.createException(W3CHttpResponseCodec.java:187)
	at org.openqa.selenium.remote.http.W3CHttpResponseCodec.decode(W3CHttpResponseCodec.java:122)
	at org.openqa.selenium.remote.http.W3CHttpResponseCodec.decode(W3CHttpResponseCodec.java:49)
	at org.openqa.selenium.remote.HttpCommandExecutor.execute(HttpCommandExecutor.java:158)
	at org.openqa.selenium.remote.service.DriverCommandExecutor.execute(DriverCommandExecutor.java:83)
	at org.openqa.selenium.remote.RemoteWebDriver.execute(RemoteWebDriver.java:552)
	at org.openqa.selenium.remote.RemoteWebDriver.findElement(RemoteWebDriver.java:323)
	at org.openqa.selenium.remote.RemoteWebDriver.findElementByXPath(RemoteWebDriver.java:428)
	at org.openqa.selenium.By$ByXPath.findElement(By.java:353)
	at org.openqa.selenium.remote.RemoteWebDriver.findElement(RemoteWebDriver.java:315)
	at net.thucydides.core.webdriver.WebDriverFacade.findElement(WebDriverFacade.java:222)
	at org.openqa.selenium.support.ui.ExpectedConditions$6.apply(ExpectedConditions.java:182)
	at org.openqa.selenium.support.ui.ExpectedConditions$6.apply(ExpectedConditions.java:179)
	at org.openqa.selenium.support.ui.FluentWait.until(FluentWait.java:249)
	at net.serenitybdd.core.pages.RenderedPageObjectView.waitFor(RenderedPageObjectView.java:105)
	at net.serenitybdd.core.pages.PageObject.waitFor(PageObject.java:341)
	at hrm.lib.MyPageObject.waitElementToBePresentThenScrollIntoViewAndHighlight(MyPageObject.java:374)
	at hrm.lib.MyPageObject.XH(MyPageObject.java:382)
	at hrm.lib.MyPageObject.waitClearAndTypeThenTab(MyPageObject.java:571)
	at hrm.pages.DangKyNghi.TaoMoiDangKyNghiPage.enter_tu_ngay(TaoMoiDangKyNghiPage.java:209)
	at hrm.steps.serenity.DangKyNghi.TaoMoiDangKyNghiSteps.enter_tu_ngay(TaoMoiDangKyNghiSteps.java:225)
	at hrm.steps.serenity.DangKyNghi.TaoMoiDangKyNghiSteps$$EnhancerByCGLIB$$4cd1d03d.CGLIB$enter_tu_ngay$79(<generated>)
	at hrm.steps.serenity.DangKyNghi.TaoMoiDangKyNghiSteps$$EnhancerByCGLIB$$4cd1d03d$$FastClassByCGLIB$$38947674.invoke(<generated>)
	at net.sf.cglib.proxy.MethodProxy.invokeSuper(MethodProxy.java:228)
	at net.thucydides.core.steps.StepInterceptor.invokeMethod(StepInterceptor.java:460)
	at net.thucydides.core.steps.StepInterceptor.executeTestStepMethod(StepInterceptor.java:445)
	at net.thucydides.core.steps.StepInterceptor.runTestStep(StepInterceptor.java:420)
	at net.thucydides.core.steps.StepInterceptor.runOrSkipMethod(StepInterceptor.java:175)
	at net.thucydides.core.steps.StepInterceptor.testStepResult(StepInterceptor.java:162)
	at net.thucydides.core.steps.StepInterceptor.intercept(StepInterceptor.java:68)
	at hrm.steps.serenity.DangKyNghi.TaoMoiDangKyNghiSteps$$EnhancerByCGLIB$$4cd1d03d.enter_tu_ngay(<generated>)
	at hrm.steps.defs.TaoMoiDangKyNghiDefs.Nhap_TAO_MOI_DANG_KY_NGHI_nhu(TaoMoiDangKyNghiDefs.java:80)
	at sun.reflect.GeneratedMethodAccessor49.invoke(Unknown Source)
	at sun.reflect.DelegatingMethodAccessorImpl.invoke(DelegatingMethodAccessorImpl.java:43)
	at java.lang.reflect.Method.invoke(Method.java:498)
	at cucumber.runtime.Utils$1.call(Utils.java:31)
	at cucumber.runtime.Timeout.timeout(Timeout.java:16)
	at cucumber.runtime.Utils.invoke(Utils.java:25)
	at cucumber.runtime.java.JavaStepDefinition.execute(JavaStepDefinition.java:37)
	at cucumber.runtime.StepDefinitionMatch.runStep(StepDefinitionMatch.java:40)
	at cucumber.api.TestStep.executeStep(TestStep.java:102)
	at cucumber.api.TestStep.run(TestStep.java:83)
	at cucumber.api.TestCase.run(TestCase.java:58)
	at cucumber.runner.Runner.runPickle(Runner.java:80)
	at cucumber.runtime.junit.PickleRunners$NoStepDescriptions.run(PickleRunners.java:140)
	at cucumber.runtime.junit.FeatureRunner.runChild(FeatureRunner.java:68)
	at cucumber.runtime.junit.FeatureRunner.runChild(FeatureRunner.java:23)
	at org.junit.runners.ParentRunner$3.run(ParentRunner.java:290)
	at org.junit.runners.ParentRunner$1.schedule(ParentRunner.java:71)
	at org.junit.runners.ParentRunner.runChildren(ParentRunner.java:288)
	at org.junit.runners.ParentRunner.access$000(ParentRunner.java:58)
	at org.junit.runners.ParentRunner$2.evaluate(ParentRunner.java:268)
	at org.junit.runners.ParentRunner.run(ParentRunner.java:363)
	at cucumber.runtime.junit.FeatureRunner.run(FeatureRunner.java:73)
	at cucumber.api.junit.Cucumber.runChild(Cucumber.java:118)
	at cucumber.api.junit.Cucumber.runChild(Cucumber.java:56)
	at org.junit.runners.ParentRunner$3.run(ParentRunner.java:290)
	at org.junit.runners.ParentRunner$1.schedule(ParentRunner.java:71)
	at org.junit.runners.ParentRunner.runChildren(ParentRunner.java:288)
	at org.junit.runners.ParentRunner.access$000(ParentRunner.java:58)
	at org.junit.runners.ParentRunner$2.evaluate(ParentRunner.java:268)
	at cucumber.api.junit.Cucumber$1.evaluate(Cucumber.java:127)
	at org.junit.runners.ParentRunner.run(ParentRunner.java:363)
	at org.apache.maven.surefire.junit4.JUnit4Provider.execute(JUnit4Provider.java:365)
	at org.apache.maven.surefire.junit4.JUnit4Provider.executeWithRerun(JUnit4Provider.java:273)
	at org.apache.maven.surefire.junit4.JUnit4Provider.executeTestSet(JUnit4Provider.java:238)
	at org.apache.maven.surefire.junit4.JUnit4Provider.invoke(JUnit4Provider.java:159)
	at org.apache.maven.surefire.booter.ForkedBooter.invokeProviderInSameClassLoader(ForkedBooter.java:384)
	at org.apache.maven.surefire.booter.ForkedBooter.runSuitesInProcess(ForkedBooter.java:345)
	at org.apache.maven.surefire.booter.ForkedBooter.execute(ForkedBooter.java:126)
	at org.apache.maven.surefire.booter.ForkedBooter.main(ForkedBooter.java:418)
&amp#27;[0m
    &amp#27;[36mWhen &amp#27;[0m&amp#27;[36mThuc hien T?O M?I ??NG KÝ NGH? nhu "&amp#27;[0m&amp#27;[36m&amp#27;[1mTC-009&amp#27;[0m&amp#27;[36m"&amp#27;[0m              &amp#27;[90m# TaoMoiDangKyNghiDefs.Thuc_hien_TAO_MOI_DANG_KY_NGHI_nhu(String,String>>)&amp#27;[0m
    &amp#27;[36mThen &amp#27;[0m&amp#27;[36mKiem tra T?O M?I ??NG KÝ NGH? nhu "&amp#27;[0m&amp#27;[36m&amp#27;[1mTC-009&amp#27;[0m&amp#27;[36m"&amp#27;[0m               &amp#27;[90m# TaoMoiDangKyNghiDefs.Kiem_tra_TAO_MOI_DANG_KY_NGHI_nhu(String,String>>)&amp#27;[0m
    &amp#27;[36mWhen &amp#27;[0m&amp#27;[36mThuc hien MAIN PAGE nhu "&amp#27;[0m&amp#27;[36m&amp#27;[1m&amp#27;[0m&amp#27;[36m"&amp#27;[0m                               &amp#27;[90m# MainPageDefs.Thuc_hien_MAIN_PAGE_nhu(String,String>>)&amp#27;[0m
]]></system-out>
  </testcase>
  <testcase name="Kịch bản kiểm thử chức năng Đăng ký ngày nghỉ" classname="Kịch bản kiểm thử chức năng Đăng ký ngày nghỉ" time="23.015">
    <error message="Expected condition failed: waiting for presence of element located by: By.xpath: //input[@name=&apos;kinh_gui&apos;] (tried for 5 second(s) with 50 milliseconds interval)" type="org.openqa.selenium.TimeoutException">org.openqa.selenium.TimeoutException: Expected condition failed: waiting for presence of element located by: By.xpath: //input[@name='kinh_gui'] (tried for 5 second(s) with 50 milliseconds interval)
Caused by: org.openqa.selenium.NoSuchElementException: 
no such element: Unable to locate element: {"method":"xpath","selector":"//input[@name='kinh_gui']"}
  (Session info: chrome=78.0.3904.108)
For documentation on this error, please visit: https://www.seleniumhq.org/exceptions/no_such_element.html
Build info: version: '3.141.59', revision: 'e82be7d358', time: '2018-11-14T08:17:03'
System info: host: 'DESKTOP-BJ1JOQA', ip: '192.168.1.12', os.name: 'Windows 10', os.arch: 'amd64', os.version: '10.0', java.version: '1.8.0_111'
Driver info: org.openqa.selenium.chrome.ChromeDriver
Capabilities {acceptInsecureCerts: false, browserName: chrome, browserVersion: 78.0.3904.108, chrome: {chromedriverVersion: 78.0.3904.70 (edb9c9f3de024..., userDataDir: C:\Users\ngocn\AppData\Loca...}, goog:chromeOptions: {debuggerAddress: localhost:61663}, javascriptEnabled: true, networkConnectionEnabled: false, pageLoadStrategy: normal, platform: XP, platformName: XP, proxy: Proxy(), setWindowRect: true, strictFileInteractability: false, timeouts: {implicit: 0, pageLoad: 300000, script: 30000}, unhandledPromptBehavior: dismiss and notify}
Session ID: 4c08000c44b925ec0f40fc054a9e03b5
*** Element info: {Using=xpath, value=//input[@name='kinh_gui']}
</error>
    <system-out><![CDATA[
  @DangKyNghi_CTR
  Scenario Outline: K?ch b?n ki?m th? ch?c n?ng ??ng ký ngày ngh? &amp#27;[90m# src/test/resources/features/2_DangKyNghi_CTR_DATA.feature:70&amp#27;[0m
***** INFO ***** Loading data from Data Table into [SESSION_DATA]
    &amp#27;[32mGiven &amp#27;[0m&amp#27;[32mThiet lap du lieu nhu "&amp#27;[0m&amp#27;[32m&amp#27;[1m&amp#27;[0m&amp#27;[32m"&amp#27;[0m                                &amp#27;[90m# CommonDefs.nguoi_dung_thiet_lap_du_lieu_nhu(String,String>>)&amp#27;[0m
***** INFO ***** Loading data from Data Table into [LOGIN]
    &amp#27;[32mWhen &amp#27;[0m&amp#27;[32mNguoi dung dang nhap vao he thong nhu "&amp#27;[0m&amp#27;[32m&amp#27;[1m&amp#27;[0m&amp#27;[32m"&amp#27;[0m                 &amp#27;[90m# CommonDefs.nguoi_dung_dang_nhap_vao_he_thong_nhu(String,String>>)&amp#27;[0m
***** INFO ***** Loading data from Data Table into [MENU]
    &amp#27;[32mWhen &amp#27;[0m&amp#27;[32mNguoi dung vao menu nhu "&amp#27;[0m&amp#27;[32m&amp#27;[1m&amp#27;[0m&amp#27;[32m"&amp#27;[0m                               &amp#27;[90m# CommonDefs.nguoi_dung_vao_menu_nhu(String,String>>)&amp#27;[0m
***** INFO ***** Loading data from Data Table into [TAO_MOI_DANG_KY_NGHI_NHAP]
***WARNING*** Column [Ng??i liên quan] not found in Data Table [TAO_MOI_DANG_KY_NGHI_NHAP].
***WARNING*** Column [Nhân s? ???c ?y quy?n] not found in Data Table [TAO_MOI_DANG_KY_NGHI_NHAP].
***WARNING*** Column [Ngh? ?i n??c ngoài] not found in Data Table [TAO_MOI_DANG_KY_NGHI_NHAP].
    &amp#27;[31mGiven &amp#27;[0m&amp#27;[31mNhap T?O M?I ??NG KÝ NGH? nhu "&amp#27;[0m&amp#27;[31m&amp#27;[1mTC-011&amp#27;[0m&amp#27;[31m"&amp#27;[0m                  &amp#27;[90m# TaoMoiDangKyNghiDefs.Nhap_TAO_MOI_DANG_KY_NGHI_nhu(String,String>>)&amp#27;[0m
      &amp#27;[31morg.openqa.selenium.TimeoutException: Expected condition failed: waiting for presence of element located by: By.xpath: //input[@name='kinh_gui'] (tried for 5 second(s) with 50 milliseconds interval)
	at org.openqa.selenium.support.ui.FluentWait.timeoutException(FluentWait.java:304)
	at org.openqa.selenium.support.ui.FluentWait.until(FluentWait.java:272)
	at net.serenitybdd.core.pages.RenderedPageObjectView.waitFor(RenderedPageObjectView.java:105)
	at net.serenitybdd.core.pages.PageObject.waitFor(PageObject.java:341)
	at hrm.lib.MyPageObject.waitElementToBePresentThenScrollIntoViewAndHighlight(MyPageObject.java:374)
	at hrm.lib.MyPageObject.XH(MyPageObject.java:382)
	at hrm.lib.MyPageObject.waitClearAndType(MyPageObject.java:557)
	at hrm.pages.DangKyNghi.TaoMoiDangKyNghiPage.enter_kinh_gui(TaoMoiDangKyNghiPage.java:39)
	at hrm.steps.serenity.DangKyNghi.TaoMoiDangKyNghiSteps.enter_kinh_gui(TaoMoiDangKyNghiSteps.java:17)
	at hrm.steps.serenity.DangKyNghi.TaoMoiDangKyNghiSteps$$EnhancerByCGLIB$$4cd1d03d.CGLIB$enter_kinh_gui$63(<generated>)
	at hrm.steps.serenity.DangKyNghi.TaoMoiDangKyNghiSteps$$EnhancerByCGLIB$$4cd1d03d$$FastClassByCGLIB$$38947674.invoke(<generated>)
	at net.sf.cglib.proxy.MethodProxy.invokeSuper(MethodProxy.java:228)
	at net.thucydides.core.steps.StepInterceptor.invokeMethod(StepInterceptor.java:460)
	at net.thucydides.core.steps.StepInterceptor.executeTestStepMethod(StepInterceptor.java:445)
	at net.thucydides.core.steps.StepInterceptor.runTestStep(StepInterceptor.java:420)
	at net.thucydides.core.steps.StepInterceptor.runOrSkipMethod(StepInterceptor.java:175)
	at net.thucydides.core.steps.StepInterceptor.testStepResult(StepInterceptor.java:162)
	at net.thucydides.core.steps.StepInterceptor.intercept(StepInterceptor.java:68)
	at hrm.steps.serenity.DangKyNghi.TaoMoiDangKyNghiSteps$$EnhancerByCGLIB$$4cd1d03d.enter_kinh_gui(<generated>)
	at hrm.steps.defs.TaoMoiDangKyNghiDefs.Nhap_TAO_MOI_DANG_KY_NGHI_nhu(TaoMoiDangKyNghiDefs.java:53)
	at ?.Nhap T?O M?I ??NG KÝ NGH? nhu "TC-011"(src/test/resources/features/2_DangKyNghi_CTR_DATA.feature:15)
Caused by: org.openqa.selenium.NoSuchElementException: no such element: Unable to locate element: {"method":"xpath","selector":"//input[@name='kinh_gui']"}
  (Session info: chrome=78.0.3904.108)
For documentation on this error, please visit: https://www.seleniumhq.org/exceptions/no_such_element.html
Build info: version: '3.141.59', revision: 'e82be7d358', time: '2018-11-14T08:17:03'
System info: host: 'DESKTOP-BJ1JOQA', ip: '192.168.1.12', os.name: 'Windows 10', os.arch: 'amd64', os.version: '10.0', java.version: '1.8.0_111'
Driver info: org.openqa.selenium.chrome.ChromeDriver
Capabilities {acceptInsecureCerts: false, browserName: chrome, browserVersion: 78.0.3904.108, chrome: {chromedriverVersion: 78.0.3904.70 (edb9c9f3de024..., userDataDir: C:\Users\ngocn\AppData\Loca...}, goog:chromeOptions: {debuggerAddress: localhost:61663}, javascriptEnabled: true, networkConnectionEnabled: false, pageLoadStrategy: normal, platform: XP, platformName: XP, proxy: Proxy(), setWindowRect: true, strictFileInteractability: false, timeouts: {implicit: 0, pageLoad: 300000, script: 30000}, unhandledPromptBehavior: dismiss and notify}
Session ID: 4c08000c44b925ec0f40fc054a9e03b5
*** Element info: {Using=xpath, value=//input[@name='kinh_gui']}
	at sun.reflect.GeneratedConstructorAccessor45.newInstance(Unknown Source)
	at sun.reflect.DelegatingConstructorAccessorImpl.newInstance(DelegatingConstructorAccessorImpl.java:45)
	at java.lang.reflect.Constructor.newInstance(Constructor.java:423)
	at org.openqa.selenium.remote.http.W3CHttpResponseCodec.createException(W3CHttpResponseCodec.java:187)
	at org.openqa.selenium.remote.http.W3CHttpResponseCodec.decode(W3CHttpResponseCodec.java:122)
	at org.openqa.selenium.remote.http.W3CHttpResponseCodec.decode(W3CHttpResponseCodec.java:49)
	at org.openqa.selenium.remote.HttpCommandExecutor.execute(HttpCommandExecutor.java:158)
	at org.openqa.selenium.remote.service.DriverCommandExecutor.execute(DriverCommandExecutor.java:83)
	at org.openqa.selenium.remote.RemoteWebDriver.execute(RemoteWebDriver.java:552)
	at org.openqa.selenium.remote.RemoteWebDriver.findElement(RemoteWebDriver.java:323)
	at org.openqa.selenium.remote.RemoteWebDriver.findElementByXPath(RemoteWebDriver.java:428)
	at org.openqa.selenium.By$ByXPath.findElement(By.java:353)
	at org.openqa.selenium.remote.RemoteWebDriver.findElement(RemoteWebDriver.java:315)
	at net.thucydides.core.webdriver.WebDriverFacade.findElement(WebDriverFacade.java:222)
	at org.openqa.selenium.support.ui.ExpectedConditions$6.apply(ExpectedConditions.java:182)
	at org.openqa.selenium.support.ui.ExpectedConditions$6.apply(ExpectedConditions.java:179)
	at org.openqa.selenium.support.ui.FluentWait.until(FluentWait.java:249)
	at net.serenitybdd.core.pages.RenderedPageObjectView.waitFor(RenderedPageObjectView.java:105)
	at net.serenitybdd.core.pages.PageObject.waitFor(PageObject.java:341)
	at hrm.lib.MyPageObject.waitElementToBePresentThenScrollIntoViewAndHighlight(MyPageObject.java:374)
	at hrm.lib.MyPageObject.XH(MyPageObject.java:382)
	at hrm.lib.MyPageObject.waitClearAndType(MyPageObject.java:557)
	at hrm.pages.DangKyNghi.TaoMoiDangKyNghiPage.enter_kinh_gui(TaoMoiDangKyNghiPage.java:39)
	at hrm.steps.serenity.DangKyNghi.TaoMoiDangKyNghiSteps.enter_kinh_gui(TaoMoiDangKyNghiSteps.java:17)
	at hrm.steps.serenity.DangKyNghi.TaoMoiDangKyNghiSteps$$EnhancerByCGLIB$$4cd1d03d.CGLIB$enter_kinh_gui$63(<generated>)
	at hrm.steps.serenity.DangKyNghi.TaoMoiDangKyNghiSteps$$EnhancerByCGLIB$$4cd1d03d$$FastClassByCGLIB$$38947674.invoke(<generated>)
	at net.sf.cglib.proxy.MethodProxy.invokeSuper(MethodProxy.java:228)
	at net.thucydides.core.steps.StepInterceptor.invokeMethod(StepInterceptor.java:460)
	at net.thucydides.core.steps.StepInterceptor.executeTestStepMethod(StepInterceptor.java:445)
	at net.thucydides.core.steps.StepInterceptor.runTestStep(StepInterceptor.java:420)
	at net.thucydides.core.steps.StepInterceptor.runOrSkipMethod(StepInterceptor.java:175)
	at net.thucydides.core.steps.StepInterceptor.testStepResult(StepInterceptor.java:162)
	at net.thucydides.core.steps.StepInterceptor.intercept(StepInterceptor.java:68)
	at hrm.steps.serenity.DangKyNghi.TaoMoiDangKyNghiSteps$$EnhancerByCGLIB$$4cd1d03d.enter_kinh_gui(<generated>)
	at hrm.steps.defs.TaoMoiDangKyNghiDefs.Nhap_TAO_MOI_DANG_KY_NGHI_nhu(TaoMoiDangKyNghiDefs.java:53)
	at sun.reflect.GeneratedMethodAccessor49.invoke(Unknown Source)
	at sun.reflect.DelegatingMethodAccessorImpl.invoke(DelegatingMethodAccessorImpl.java:43)
	at java.lang.reflect.Method.invoke(Method.java:498)
	at cucumber.runtime.Utils$1.call(Utils.java:31)
	at cucumber.runtime.Timeout.timeout(Timeout.java:16)
	at cucumber.runtime.Utils.invoke(Utils.java:25)
	at cucumber.runtime.java.JavaStepDefinition.execute(JavaStepDefinition.java:37)
	at cucumber.runtime.StepDefinitionMatch.runStep(StepDefinitionMatch.java:40)
	at cucumber.api.TestStep.executeStep(TestStep.java:102)
	at cucumber.api.TestStep.run(TestStep.java:83)
	at cucumber.api.TestCase.run(TestCase.java:58)
	at cucumber.runner.Runner.runPickle(Runner.java:80)
	at cucumber.runtime.junit.PickleRunners$NoStepDescriptions.run(PickleRunners.java:140)
	at cucumber.runtime.junit.FeatureRunner.runChild(FeatureRunner.java:68)
	at cucumber.runtime.junit.FeatureRunner.runChild(FeatureRunner.java:23)
	at org.junit.runners.ParentRunner$3.run(ParentRunner.java:290)
	at org.junit.runners.ParentRunner$1.schedule(ParentRunner.java:71)
	at org.junit.runners.ParentRunner.runChildren(ParentRunner.java:288)
	at org.junit.runners.ParentRunner.access$000(ParentRunner.java:58)
	at org.junit.runners.ParentRunner$2.evaluate(ParentRunner.java:268)
	at org.junit.runners.ParentRunner.run(ParentRunner.java:363)
	at cucumber.runtime.junit.FeatureRunner.run(FeatureRunner.java:73)
	at cucumber.api.junit.Cucumber.runChild(Cucumber.java:118)
	at cucumber.api.junit.Cucumber.runChild(Cucumber.java:56)
	at org.junit.runners.ParentRunner$3.run(ParentRunner.java:290)
	at org.junit.runners.ParentRunner$1.schedule(ParentRunner.java:71)
	at org.junit.runners.ParentRunner.runChildren(ParentRunner.java:288)
	at org.junit.runners.ParentRunner.access$000(ParentRunner.java:58)
	at org.junit.runners.ParentRunner$2.evaluate(ParentRunner.java:268)
	at cucumber.api.junit.Cucumber$1.evaluate(Cucumber.java:127)
	at org.junit.runners.ParentRunner.run(ParentRunner.java:363)
	at org.apache.maven.surefire.junit4.JUnit4Provider.execute(JUnit4Provider.java:365)
	at org.apache.maven.surefire.junit4.JUnit4Provider.executeWithRerun(JUnit4Provider.java:273)
	at org.apache.maven.surefire.junit4.JUnit4Provider.executeTestSet(JUnit4Provider.java:238)
	at org.apache.maven.surefire.junit4.JUnit4Provider.invoke(JUnit4Provider.java:159)
	at org.apache.maven.surefire.booter.ForkedBooter.invokeProviderInSameClassLoader(ForkedBooter.java:384)
	at org.apache.maven.surefire.booter.ForkedBooter.runSuitesInProcess(ForkedBooter.java:345)
	at org.apache.maven.surefire.booter.ForkedBooter.execute(ForkedBooter.java:126)
	at org.apache.maven.surefire.booter.ForkedBooter.main(ForkedBooter.java:418)
&amp#27;[0m
    &amp#27;[36mWhen &amp#27;[0m&amp#27;[36mThuc hien T?O M?I ??NG KÝ NGH? nhu "&amp#27;[0m&amp#27;[36m&amp#27;[1mTC-011&amp#27;[0m&amp#27;[36m"&amp#27;[0m              &amp#27;[90m# TaoMoiDangKyNghiDefs.Thuc_hien_TAO_MOI_DANG_KY_NGHI_nhu(String,String>>)&amp#27;[0m
    &amp#27;[36mThen &amp#27;[0m&amp#27;[36mKiem tra T?O M?I ??NG KÝ NGH? nhu "&amp#27;[0m&amp#27;[36m&amp#27;[1mTC-011&amp#27;[0m&amp#27;[36m"&amp#27;[0m               &amp#27;[90m# TaoMoiDangKyNghiDefs.Kiem_tra_TAO_MOI_DANG_KY_NGHI_nhu(String,String>>)&amp#27;[0m
    &amp#27;[36mWhen &amp#27;[0m&amp#27;[36mThuc hien MAIN PAGE nhu "&amp#27;[0m&amp#27;[36m&amp#27;[1m&amp#27;[0m&amp#27;[36m"&amp#27;[0m                               &amp#27;[90m# MainPageDefs.Thuc_hien_MAIN_PAGE_nhu(String,String>>)&amp#27;[0m
]]></system-out>
  </testcase>
  <testcase name="Kịch bản kiểm thử chức năng Đăng ký ngày nghỉ" classname="Kịch bản kiểm thử chức năng Đăng ký ngày nghỉ" time="22.745">
    <error message="Expected condition failed: waiting for presence of element located by: By.xpath: //textarea[@name=&apos;lydo&apos;] (tried for 5 second(s) with 50 milliseconds interval)" type="org.openqa.selenium.TimeoutException">org.openqa.selenium.TimeoutException: Expected condition failed: waiting for presence of element located by: By.xpath: //textarea[@name='lydo'] (tried for 5 second(s) with 50 milliseconds interval)
Caused by: org.openqa.selenium.NoSuchElementException: 
no such element: Unable to locate element: {"method":"xpath","selector":"//textarea[@name='lydo']"}
  (Session info: chrome=78.0.3904.108)
For documentation on this error, please visit: https://www.seleniumhq.org/exceptions/no_such_element.html
Build info: version: '3.141.59', revision: 'e82be7d358', time: '2018-11-14T08:17:03'
System info: host: 'DESKTOP-BJ1JOQA', ip: '192.168.1.12', os.name: 'Windows 10', os.arch: 'amd64', os.version: '10.0', java.version: '1.8.0_111'
Driver info: org.openqa.selenium.chrome.ChromeDriver
Capabilities {acceptInsecureCerts: false, browserName: chrome, browserVersion: 78.0.3904.108, chrome: {chromedriverVersion: 78.0.3904.70 (edb9c9f3de024..., userDataDir: C:\Users\ngocn\AppData\Loca...}, goog:chromeOptions: {debuggerAddress: localhost:61663}, javascriptEnabled: true, networkConnectionEnabled: false, pageLoadStrategy: normal, platform: XP, platformName: XP, proxy: Proxy(), setWindowRect: true, strictFileInteractability: false, timeouts: {implicit: 0, pageLoad: 300000, script: 30000}, unhandledPromptBehavior: dismiss and notify}
Session ID: 4c08000c44b925ec0f40fc054a9e03b5
*** Element info: {Using=xpath, value=//textarea[@name='lydo']}
</error>
    <system-out><![CDATA[
  @DangKyNghi_CTR
  Scenario Outline: K?ch b?n ki?m th? ch?c n?ng ??ng ký ngày ngh? &amp#27;[90m# src/test/resources/features/2_DangKyNghi_CTR_DATA.feature:71&amp#27;[0m
***** INFO ***** Loading data from Data Table into [SESSION_DATA]
    &amp#27;[32mGiven &amp#27;[0m&amp#27;[32mThiet lap du lieu nhu "&amp#27;[0m&amp#27;[32m&amp#27;[1m&amp#27;[0m&amp#27;[32m"&amp#27;[0m                                &amp#27;[90m# CommonDefs.nguoi_dung_thiet_lap_du_lieu_nhu(String,String>>)&amp#27;[0m
***** INFO ***** Loading data from Data Table into [LOGIN]
    &amp#27;[32mWhen &amp#27;[0m&amp#27;[32mNguoi dung dang nhap vao he thong nhu "&amp#27;[0m&amp#27;[32m&amp#27;[1m&amp#27;[0m&amp#27;[32m"&amp#27;[0m                 &amp#27;[90m# CommonDefs.nguoi_dung_dang_nhap_vao_he_thong_nhu(String,String>>)&amp#27;[0m
***** INFO ***** Loading data from Data Table into [MENU]
    &amp#27;[32mWhen &amp#27;[0m&amp#27;[32mNguoi dung vao menu nhu "&amp#27;[0m&amp#27;[32m&amp#27;[1m&amp#27;[0m&amp#27;[32m"&amp#27;[0m                               &amp#27;[90m# CommonDefs.nguoi_dung_vao_menu_nhu(String,String>>)&amp#27;[0m
***** INFO ***** Loading data from Data Table into [TAO_MOI_DANG_KY_NGHI_NHAP]
***WARNING*** Column [Ng??i liên quan] not found in Data Table [TAO_MOI_DANG_KY_NGHI_NHAP].
***WARNING*** Column [Nhân s? ???c ?y quy?n] not found in Data Table [TAO_MOI_DANG_KY_NGHI_NHAP].
***WARNING*** Column [Ngh? ?i n??c ngoài] not found in Data Table [TAO_MOI_DANG_KY_NGHI_NHAP].
    &amp#27;[31mGiven &amp#27;[0m&amp#27;[31mNhap T?O M?I ??NG KÝ NGH? nhu "&amp#27;[0m&amp#27;[31m&amp#27;[1mTC-012&amp#27;[0m&amp#27;[31m"&amp#27;[0m                  &amp#27;[90m# TaoMoiDangKyNghiDefs.Nhap_TAO_MOI_DANG_KY_NGHI_nhu(String,String>>)&amp#27;[0m
      &amp#27;[31morg.openqa.selenium.TimeoutException: Expected condition failed: waiting for presence of element located by: By.xpath: //textarea[@name='lydo'] (tried for 5 second(s) with 50 milliseconds interval)
	at org.openqa.selenium.support.ui.FluentWait.timeoutException(FluentWait.java:304)
	at org.openqa.selenium.support.ui.FluentWait.until(FluentWait.java:272)
	at net.serenitybdd.core.pages.RenderedPageObjectView.waitFor(RenderedPageObjectView.java:105)
	at net.serenitybdd.core.pages.PageObject.waitFor(PageObject.java:341)
	at hrm.lib.MyPageObject.waitElementToBePresentThenScrollIntoViewAndHighlight(MyPageObject.java:374)
	at hrm.lib.MyPageObject.XH(MyPageObject.java:382)
	at hrm.lib.MyPageObject.waitClearAndType(MyPageObject.java:557)
	at hrm.pages.DangKyNghi.TaoMoiDangKyNghiPage.enter_ly_do(TaoMoiDangKyNghiPage.java:81)
	at hrm.steps.serenity.DangKyNghi.TaoMoiDangKyNghiSteps.enter_ly_do(TaoMoiDangKyNghiSteps.java:69)
	at hrm.steps.serenity.DangKyNghi.TaoMoiDangKyNghiSteps$$EnhancerByCGLIB$$4cd1d03d.CGLIB$enter_ly_do$62(<generated>)
	at hrm.steps.serenity.DangKyNghi.TaoMoiDangKyNghiSteps$$EnhancerByCGLIB$$4cd1d03d$$FastClassByCGLIB$$38947674.invoke(<generated>)
	at net.sf.cglib.proxy.MethodProxy.invokeSuper(MethodProxy.java:228)
	at net.thucydides.core.steps.StepInterceptor.invokeMethod(StepInterceptor.java:460)
	at net.thucydides.core.steps.StepInterceptor.executeTestStepMethod(StepInterceptor.java:445)
	at net.thucydides.core.steps.StepInterceptor.runTestStep(StepInterceptor.java:420)
	at net.thucydides.core.steps.StepInterceptor.runOrSkipMethod(StepInterceptor.java:175)
	at net.thucydides.core.steps.StepInterceptor.testStepResult(StepInterceptor.java:162)
	at net.thucydides.core.steps.StepInterceptor.intercept(StepInterceptor.java:68)
	at hrm.steps.serenity.DangKyNghi.TaoMoiDangKyNghiSteps$$EnhancerByCGLIB$$4cd1d03d.enter_ly_do(<generated>)
	at hrm.steps.defs.TaoMoiDangKyNghiDefs.Nhap_TAO_MOI_DANG_KY_NGHI_nhu(TaoMoiDangKyNghiDefs.java:59)
	at ?.Nhap T?O M?I ??NG KÝ NGH? nhu "TC-012"(src/test/resources/features/2_DangKyNghi_CTR_DATA.feature:15)
Caused by: org.openqa.selenium.NoSuchElementException: no such element: Unable to locate element: {"method":"xpath","selector":"//textarea[@name='lydo']"}
  (Session info: chrome=78.0.3904.108)
For documentation on this error, please visit: https://www.seleniumhq.org/exceptions/no_such_element.html
Build info: version: '3.141.59', revision: 'e82be7d358', time: '2018-11-14T08:17:03'
System info: host: 'DESKTOP-BJ1JOQA', ip: '192.168.1.12', os.name: 'Windows 10', os.arch: 'amd64', os.version: '10.0', java.version: '1.8.0_111'
Driver info: org.openqa.selenium.chrome.ChromeDriver
Capabilities {acceptInsecureCerts: false, browserName: chrome, browserVersion: 78.0.3904.108, chrome: {chromedriverVersion: 78.0.3904.70 (edb9c9f3de024..., userDataDir: C:\Users\ngocn\AppData\Loca...}, goog:chromeOptions: {debuggerAddress: localhost:61663}, javascriptEnabled: true, networkConnectionEnabled: false, pageLoadStrategy: normal, platform: XP, platformName: XP, proxy: Proxy(), setWindowRect: true, strictFileInteractability: false, timeouts: {implicit: 0, pageLoad: 300000, script: 30000}, unhandledPromptBehavior: dismiss and notify}
Session ID: 4c08000c44b925ec0f40fc054a9e03b5
*** Element info: {Using=xpath, value=//textarea[@name='lydo']}
	at sun.reflect.GeneratedConstructorAccessor45.newInstance(Unknown Source)
	at sun.reflect.DelegatingConstructorAccessorImpl.newInstance(DelegatingConstructorAccessorImpl.java:45)
	at java.lang.reflect.Constructor.newInstance(Constructor.java:423)
	at org.openqa.selenium.remote.http.W3CHttpResponseCodec.createException(W3CHttpResponseCodec.java:187)
	at org.openqa.selenium.remote.http.W3CHttpResponseCodec.decode(W3CHttpResponseCodec.java:122)
	at org.openqa.selenium.remote.http.W3CHttpResponseCodec.decode(W3CHttpResponseCodec.java:49)
	at org.openqa.selenium.remote.HttpCommandExecutor.execute(HttpCommandExecutor.java:158)
	at org.openqa.selenium.remote.service.DriverCommandExecutor.execute(DriverCommandExecutor.java:83)
	at org.openqa.selenium.remote.RemoteWebDriver.execute(RemoteWebDriver.java:552)
	at org.openqa.selenium.remote.RemoteWebDriver.findElement(RemoteWebDriver.java:323)
	at org.openqa.selenium.remote.RemoteWebDriver.findElementByXPath(RemoteWebDriver.java:428)
	at org.openqa.selenium.By$ByXPath.findElement(By.java:353)
	at org.openqa.selenium.remote.RemoteWebDriver.findElement(RemoteWebDriver.java:315)
	at net.thucydides.core.webdriver.WebDriverFacade.findElement(WebDriverFacade.java:222)
	at org.openqa.selenium.support.ui.ExpectedConditions$6.apply(ExpectedConditions.java:182)
	at org.openqa.selenium.support.ui.ExpectedConditions$6.apply(ExpectedConditions.java:179)
	at org.openqa.selenium.support.ui.FluentWait.until(FluentWait.java:249)
	at net.serenitybdd.core.pages.RenderedPageObjectView.waitFor(RenderedPageObjectView.java:105)
	at net.serenitybdd.core.pages.PageObject.waitFor(PageObject.java:341)
	at hrm.lib.MyPageObject.waitElementToBePresentThenScrollIntoViewAndHighlight(MyPageObject.java:374)
	at hrm.lib.MyPageObject.XH(MyPageObject.java:382)
	at hrm.lib.MyPageObject.waitClearAndType(MyPageObject.java:557)
	at hrm.pages.DangKyNghi.TaoMoiDangKyNghiPage.enter_ly_do(TaoMoiDangKyNghiPage.java:81)
	at hrm.steps.serenity.DangKyNghi.TaoMoiDangKyNghiSteps.enter_ly_do(TaoMoiDangKyNghiSteps.java:69)
	at hrm.steps.serenity.DangKyNghi.TaoMoiDangKyNghiSteps$$EnhancerByCGLIB$$4cd1d03d.CGLIB$enter_ly_do$62(<generated>)
	at hrm.steps.serenity.DangKyNghi.TaoMoiDangKyNghiSteps$$EnhancerByCGLIB$$4cd1d03d$$FastClassByCGLIB$$38947674.invoke(<generated>)
	at net.sf.cglib.proxy.MethodProxy.invokeSuper(MethodProxy.java:228)
	at net.thucydides.core.steps.StepInterceptor.invokeMethod(StepInterceptor.java:460)
	at net.thucydides.core.steps.StepInterceptor.executeTestStepMethod(StepInterceptor.java:445)
	at net.thucydides.core.steps.StepInterceptor.runTestStep(StepInterceptor.java:420)
	at net.thucydides.core.steps.StepInterceptor.runOrSkipMethod(StepInterceptor.java:175)
	at net.thucydides.core.steps.StepInterceptor.testStepResult(StepInterceptor.java:162)
	at net.thucydides.core.steps.StepInterceptor.intercept(StepInterceptor.java:68)
	at hrm.steps.serenity.DangKyNghi.TaoMoiDangKyNghiSteps$$EnhancerByCGLIB$$4cd1d03d.enter_ly_do(<generated>)
	at hrm.steps.defs.TaoMoiDangKyNghiDefs.Nhap_TAO_MOI_DANG_KY_NGHI_nhu(TaoMoiDangKyNghiDefs.java:59)
	at sun.reflect.GeneratedMethodAccessor49.invoke(Unknown Source)
	at sun.reflect.DelegatingMethodAccessorImpl.invoke(DelegatingMethodAccessorImpl.java:43)
	at java.lang.reflect.Method.invoke(Method.java:498)
	at cucumber.runtime.Utils$1.call(Utils.java:31)
	at cucumber.runtime.Timeout.timeout(Timeout.java:16)
	at cucumber.runtime.Utils.invoke(Utils.java:25)
	at cucumber.runtime.java.JavaStepDefinition.execute(JavaStepDefinition.java:37)
	at cucumber.runtime.StepDefinitionMatch.runStep(StepDefinitionMatch.java:40)
	at cucumber.api.TestStep.executeStep(TestStep.java:102)
	at cucumber.api.TestStep.run(TestStep.java:83)
	at cucumber.api.TestCase.run(TestCase.java:58)
	at cucumber.runner.Runner.runPickle(Runner.java:80)
	at cucumber.runtime.junit.PickleRunners$NoStepDescriptions.run(PickleRunners.java:140)
	at cucumber.runtime.junit.FeatureRunner.runChild(FeatureRunner.java:68)
	at cucumber.runtime.junit.FeatureRunner.runChild(FeatureRunner.java:23)
	at org.junit.runners.ParentRunner$3.run(ParentRunner.java:290)
	at org.junit.runners.ParentRunner$1.schedule(ParentRunner.java:71)
	at org.junit.runners.ParentRunner.runChildren(ParentRunner.java:288)
	at org.junit.runners.ParentRunner.access$000(ParentRunner.java:58)
	at org.junit.runners.ParentRunner$2.evaluate(ParentRunner.java:268)
	at org.junit.runners.ParentRunner.run(ParentRunner.java:363)
	at cucumber.runtime.junit.FeatureRunner.run(FeatureRunner.java:73)
	at cucumber.api.junit.Cucumber.runChild(Cucumber.java:118)
	at cucumber.api.junit.Cucumber.runChild(Cucumber.java:56)
	at org.junit.runners.ParentRunner$3.run(ParentRunner.java:290)
	at org.junit.runners.ParentRunner$1.schedule(ParentRunner.java:71)
	at org.junit.runners.ParentRunner.runChildren(ParentRunner.java:288)
	at org.junit.runners.ParentRunner.access$000(ParentRunner.java:58)
	at org.junit.runners.ParentRunner$2.evaluate(ParentRunner.java:268)
	at cucumber.api.junit.Cucumber$1.evaluate(Cucumber.java:127)
	at org.junit.runners.ParentRunner.run(ParentRunner.java:363)
	at org.apache.maven.surefire.junit4.JUnit4Provider.execute(JUnit4Provider.java:365)
	at org.apache.maven.surefire.junit4.JUnit4Provider.executeWithRerun(JUnit4Provider.java:273)
	at org.apache.maven.surefire.junit4.JUnit4Provider.executeTestSet(JUnit4Provider.java:238)
	at org.apache.maven.surefire.junit4.JUnit4Provider.invoke(JUnit4Provider.java:159)
	at org.apache.maven.surefire.booter.ForkedBooter.invokeProviderInSameClassLoader(ForkedBooter.java:384)
	at org.apache.maven.surefire.booter.ForkedBooter.runSuitesInProcess(ForkedBooter.java:345)
	at org.apache.maven.surefire.booter.ForkedBooter.execute(ForkedBooter.java:126)
	at org.apache.maven.surefire.booter.ForkedBooter.main(ForkedBooter.java:418)
&amp#27;[0m
    &amp#27;[36mWhen &amp#27;[0m&amp#27;[36mThuc hien T?O M?I ??NG KÝ NGH? nhu "&amp#27;[0m&amp#27;[36m&amp#27;[1mTC-012&amp#27;[0m&amp#27;[36m"&amp#27;[0m              &amp#27;[90m# TaoMoiDangKyNghiDefs.Thuc_hien_TAO_MOI_DANG_KY_NGHI_nhu(String,String>>)&amp#27;[0m
    &amp#27;[36mThen &amp#27;[0m&amp#27;[36mKiem tra T?O M?I ??NG KÝ NGH? nhu "&amp#27;[0m&amp#27;[36m&amp#27;[1mTC-012&amp#27;[0m&amp#27;[36m"&amp#27;[0m               &amp#27;[90m# TaoMoiDangKyNghiDefs.Kiem_tra_TAO_MOI_DANG_KY_NGHI_nhu(String,String>>)&amp#27;[0m
    &amp#27;[36mWhen &amp#27;[0m&amp#27;[36mThuc hien MAIN PAGE nhu "&amp#27;[0m&amp#27;[36m&amp#27;[1m&amp#27;[0m&amp#27;[36m"&amp#27;[0m                               &amp#27;[90m# MainPageDefs.Thuc_hien_MAIN_PAGE_nhu(String,String>>)&amp#27;[0m
]]></system-out>
  </testcase>
  <testcase name="Kịch bản kiểm thử chức năng Đăng ký ngày nghỉ" classname="Kịch bản kiểm thử chức năng Đăng ký ngày nghỉ" time="22.879">
    <error message="Expected condition failed: waiting for presence of element located by: By.xpath: //button[@class=&apos;btn btn-secondary o_form_button_create&apos;] (tried for 5 second(s) with 50 milliseconds interval)" type="org.openqa.selenium.TimeoutException">org.openqa.selenium.TimeoutException: Expected condition failed: waiting for presence of element located by: By.xpath: //button[@class='btn btn-secondary o_form_button_create'] (tried for 5 second(s) with 50 milliseconds interval)
Caused by: org.openqa.selenium.NoSuchElementException: 
no such element: Unable to locate element: {"method":"xpath","selector":"//button[@class='btn btn-secondary o_form_button_create']"}
  (Session info: chrome=78.0.3904.108)
For documentation on this error, please visit: https://www.seleniumhq.org/exceptions/no_such_element.html
Build info: version: '3.141.59', revision: 'e82be7d358', time: '2018-11-14T08:17:03'
System info: host: 'DESKTOP-BJ1JOQA', ip: '192.168.1.12', os.name: 'Windows 10', os.arch: 'amd64', os.version: '10.0', java.version: '1.8.0_111'
Driver info: org.openqa.selenium.chrome.ChromeDriver
Capabilities {acceptInsecureCerts: false, browserName: chrome, browserVersion: 78.0.3904.108, chrome: {chromedriverVersion: 78.0.3904.70 (edb9c9f3de024..., userDataDir: C:\Users\ngocn\AppData\Loca...}, goog:chromeOptions: {debuggerAddress: localhost:61663}, javascriptEnabled: true, networkConnectionEnabled: false, pageLoadStrategy: normal, platform: XP, platformName: XP, proxy: Proxy(), setWindowRect: true, strictFileInteractability: false, timeouts: {implicit: 0, pageLoad: 300000, script: 30000}, unhandledPromptBehavior: dismiss and notify}
Session ID: 4c08000c44b925ec0f40fc054a9e03b5
*** Element info: {Using=xpath, value=//button[@class='btn btn-secondary o_form_button_create']}
</error>
    <system-out><![CDATA[
  @DangKyNghi_CTR
  Scenario Outline: K?ch b?n ki?m th? ch?c n?ng ??ng ký ngày ngh? &amp#27;[90m# src/test/resources/features/2_DangKyNghi_CTR_DATA.feature:73&amp#27;[0m
***** INFO ***** Loading data from Data Table into [SESSION_DATA]
    &amp#27;[32mGiven &amp#27;[0m&amp#27;[32mThiet lap du lieu nhu "&amp#27;[0m&amp#27;[32m&amp#27;[1m&amp#27;[0m&amp#27;[32m"&amp#27;[0m                                &amp#27;[90m# CommonDefs.nguoi_dung_thiet_lap_du_lieu_nhu(String,String>>)&amp#27;[0m
***** INFO ***** Loading data from Data Table into [LOGIN]
    &amp#27;[32mWhen &amp#27;[0m&amp#27;[32mNguoi dung dang nhap vao he thong nhu "&amp#27;[0m&amp#27;[32m&amp#27;[1m&amp#27;[0m&amp#27;[32m"&amp#27;[0m                 &amp#27;[90m# CommonDefs.nguoi_dung_dang_nhap_vao_he_thong_nhu(String,String>>)&amp#27;[0m
***** INFO ***** Loading data from Data Table into [MENU]
    &amp#27;[32mWhen &amp#27;[0m&amp#27;[32mNguoi dung vao menu nhu "&amp#27;[0m&amp#27;[32m&amp#27;[1m&amp#27;[0m&amp#27;[32m"&amp#27;[0m                               &amp#27;[90m# CommonDefs.nguoi_dung_vao_menu_nhu(String,String>>)&amp#27;[0m
***** INFO ***** Loading data from Data Table into [TAO_MOI_DANG_KY_NGHI_NHAP]
    &amp#27;[32mGiven &amp#27;[0m&amp#27;[32mNhap T?O M?I ??NG KÝ NGH? nhu "&amp#27;[0m&amp#27;[32m&amp#27;[1m&amp#27;[0m&amp#27;[32m"&amp#27;[0m                        &amp#27;[90m# TaoMoiDangKyNghiDefs.Nhap_TAO_MOI_DANG_KY_NGHI_nhu(String,String>>)&amp#27;[0m
***** INFO ***** Loading data from Data Table into [TAO_MOI_DANG_KY_NGHI_THUC_HIEN]
CLICK TAO
    &amp#27;[31mWhen &amp#27;[0m&amp#27;[31mThuc hien T?O M?I ??NG KÝ NGH? nhu "&amp#27;[0m&amp#27;[31m&amp#27;[1mTAO&amp#27;[0m&amp#27;[31m"&amp#27;[0m                 &amp#27;[90m# TaoMoiDangKyNghiDefs.Thuc_hien_TAO_MOI_DANG_KY_NGHI_nhu(String,String>>)&amp#27;[0m
      &amp#27;[31morg.openqa.selenium.TimeoutException: Expected condition failed: waiting for presence of element located by: By.xpath: //button[@class='btn btn-secondary o_form_button_create'] (tried for 5 second(s) with 50 milliseconds interval)
	at org.openqa.selenium.support.ui.FluentWait.timeoutException(FluentWait.java:304)
	at org.openqa.selenium.support.ui.FluentWait.until(FluentWait.java:272)
	at net.serenitybdd.core.pages.RenderedPageObjectView.waitFor(RenderedPageObjectView.java:105)
	at net.serenitybdd.core.pages.PageObject.waitFor(PageObject.java:341)
	at hrm.lib.MyPageObject.waitElementToBePresentThenScrollIntoViewAndHighlight(MyPageObject.java:374)
	at hrm.lib.MyPageObject.XH(MyPageObject.java:382)
	at hrm.lib.MyPageObject.clickOnElement(MyPageObject.java:450)
	at hrm.pages.DangKyNghi.TaoMoiDangKyNghiPage.click_tao(TaoMoiDangKyNghiPage.java:381)
	at hrm.steps.serenity.DangKyNghi.TaoMoiDangKyNghiSteps.click_tao(TaoMoiDangKyNghiSteps.java:437)
	at hrm.steps.serenity.DangKyNghi.TaoMoiDangKyNghiSteps$$EnhancerByCGLIB$$4cd1d03d.CGLIB$click_tao$45(<generated>)
	at hrm.steps.serenity.DangKyNghi.TaoMoiDangKyNghiSteps$$EnhancerByCGLIB$$4cd1d03d$$FastClassByCGLIB$$38947674.invoke(<generated>)
	at net.sf.cglib.proxy.MethodProxy.invokeSuper(MethodProxy.java:228)
	at net.thucydides.core.steps.StepInterceptor.invokeMethod(StepInterceptor.java:460)
	at net.thucydides.core.steps.StepInterceptor.executeTestStepMethod(StepInterceptor.java:445)
	at net.thucydides.core.steps.StepInterceptor.runTestStep(StepInterceptor.java:420)
	at net.thucydides.core.steps.StepInterceptor.runOrSkipMethod(StepInterceptor.java:175)
	at net.thucydides.core.steps.StepInterceptor.testStepResult(StepInterceptor.java:162)
	at net.thucydides.core.steps.StepInterceptor.intercept(StepInterceptor.java:68)
	at hrm.steps.serenity.DangKyNghi.TaoMoiDangKyNghiSteps$$EnhancerByCGLIB$$4cd1d03d.click_tao(<generated>)
	at hrm.steps.defs.TaoMoiDangKyNghiDefs.Thuc_hien_TAO_MOI_DANG_KY_NGHI_nhu(TaoMoiDangKyNghiDefs.java:299)
	at ?.Thuc hien T?O M?I ??NG KÝ NGH? nhu "TAO"(src/test/resources/features/2_DangKyNghi_CTR_DATA.feature:27)
Caused by: org.openqa.selenium.NoSuchElementException: no such element: Unable to locate element: {"method":"xpath","selector":"//button[@class='btn btn-secondary o_form_button_create']"}
  (Session info: chrome=78.0.3904.108)
For documentation on this error, please visit: https://www.seleniumhq.org/exceptions/no_such_element.html
Build info: version: '3.141.59', revision: 'e82be7d358', time: '2018-11-14T08:17:03'
System info: host: 'DESKTOP-BJ1JOQA', ip: '192.168.1.12', os.name: 'Windows 10', os.arch: 'amd64', os.version: '10.0', java.version: '1.8.0_111'
Driver info: org.openqa.selenium.chrome.ChromeDriver
Capabilities {acceptInsecureCerts: false, browserName: chrome, browserVersion: 78.0.3904.108, chrome: {chromedriverVersion: 78.0.3904.70 (edb9c9f3de024..., userDataDir: C:\Users\ngocn\AppData\Loca...}, goog:chromeOptions: {debuggerAddress: localhost:61663}, javascriptEnabled: true, networkConnectionEnabled: false, pageLoadStrategy: normal, platform: XP, platformName: XP, proxy: Proxy(), setWindowRect: true, strictFileInteractability: false, timeouts: {implicit: 0, pageLoad: 300000, script: 30000}, unhandledPromptBehavior: dismiss and notify}
Session ID: 4c08000c44b925ec0f40fc054a9e03b5
*** Element info: {Using=xpath, value=//button[@class='btn btn-secondary o_form_button_create']}
	at sun.reflect.GeneratedConstructorAccessor45.newInstance(Unknown Source)
	at sun.reflect.DelegatingConstructorAccessorImpl.newInstance(DelegatingConstructorAccessorImpl.java:45)
	at java.lang.reflect.Constructor.newInstance(Constructor.java:423)
	at org.openqa.selenium.remote.http.W3CHttpResponseCodec.createException(W3CHttpResponseCodec.java:187)
	at org.openqa.selenium.remote.http.W3CHttpResponseCodec.decode(W3CHttpResponseCodec.java:122)
	at org.openqa.selenium.remote.http.W3CHttpResponseCodec.decode(W3CHttpResponseCodec.java:49)
	at org.openqa.selenium.remote.HttpCommandExecutor.execute(HttpCommandExecutor.java:158)
	at org.openqa.selenium.remote.service.DriverCommandExecutor.execute(DriverCommandExecutor.java:83)
	at org.openqa.selenium.remote.RemoteWebDriver.execute(RemoteWebDriver.java:552)
	at org.openqa.selenium.remote.RemoteWebDriver.findElement(RemoteWebDriver.java:323)
	at org.openqa.selenium.remote.RemoteWebDriver.findElementByXPath(RemoteWebDriver.java:428)
	at org.openqa.selenium.By$ByXPath.findElement(By.java:353)
	at org.openqa.selenium.remote.RemoteWebDriver.findElement(RemoteWebDriver.java:315)
	at net.thucydides.core.webdriver.WebDriverFacade.findElement(WebDriverFacade.java:222)
	at org.openqa.selenium.support.ui.ExpectedConditions$6.apply(ExpectedConditions.java:182)
	at org.openqa.selenium.support.ui.ExpectedConditions$6.apply(ExpectedConditions.java:179)
	at org.openqa.selenium.support.ui.FluentWait.until(FluentWait.java:249)
	at net.serenitybdd.core.pages.RenderedPageObjectView.waitFor(RenderedPageObjectView.java:105)
	at net.serenitybdd.core.pages.PageObject.waitFor(PageObject.java:341)
	at hrm.lib.MyPageObject.waitElementToBePresentThenScrollIntoViewAndHighlight(MyPageObject.java:374)
	at hrm.lib.MyPageObject.XH(MyPageObject.java:382)
	at hrm.lib.MyPageObject.clickOnElement(MyPageObject.java:450)
	at hrm.pages.DangKyNghi.TaoMoiDangKyNghiPage.click_tao(TaoMoiDangKyNghiPage.java:381)
	at hrm.steps.serenity.DangKyNghi.TaoMoiDangKyNghiSteps.click_tao(TaoMoiDangKyNghiSteps.java:437)
	at hrm.steps.serenity.DangKyNghi.TaoMoiDangKyNghiSteps$$EnhancerByCGLIB$$4cd1d03d.CGLIB$click_tao$45(<generated>)
	at hrm.steps.serenity.DangKyNghi.TaoMoiDangKyNghiSteps$$EnhancerByCGLIB$$4cd1d03d$$FastClassByCGLIB$$38947674.invoke(<generated>)
	at net.sf.cglib.proxy.MethodProxy.invokeSuper(MethodProxy.java:228)
	at net.thucydides.core.steps.StepInterceptor.invokeMethod(StepInterceptor.java:460)
	at net.thucydides.core.steps.StepInterceptor.executeTestStepMethod(StepInterceptor.java:445)
	at net.thucydides.core.steps.StepInterceptor.runTestStep(StepInterceptor.java:420)
	at net.thucydides.core.steps.StepInterceptor.runOrSkipMethod(StepInterceptor.java:175)
	at net.thucydides.core.steps.StepInterceptor.testStepResult(StepInterceptor.java:162)
	at net.thucydides.core.steps.StepInterceptor.intercept(StepInterceptor.java:68)
	at hrm.steps.serenity.DangKyNghi.TaoMoiDangKyNghiSteps$$EnhancerByCGLIB$$4cd1d03d.click_tao(<generated>)
	at hrm.steps.defs.TaoMoiDangKyNghiDefs.Thuc_hien_TAO_MOI_DANG_KY_NGHI_nhu(TaoMoiDangKyNghiDefs.java:299)
	at sun.reflect.NativeMethodAccessorImpl.invoke0(Native Method)
	at sun.reflect.NativeMethodAccessorImpl.invoke(NativeMethodAccessorImpl.java:62)
	at sun.reflect.DelegatingMethodAccessorImpl.invoke(DelegatingMethodAccessorImpl.java:43)
	at java.lang.reflect.Method.invoke(Method.java:498)
	at cucumber.runtime.Utils$1.call(Utils.java:31)
	at cucumber.runtime.Timeout.timeout(Timeout.java:16)
	at cucumber.runtime.Utils.invoke(Utils.java:25)
	at cucumber.runtime.java.JavaStepDefinition.execute(JavaStepDefinition.java:37)
	at cucumber.runtime.StepDefinitionMatch.runStep(StepDefinitionMatch.java:40)
	at cucumber.api.TestStep.executeStep(TestStep.java:102)
	at cucumber.api.TestStep.run(TestStep.java:83)
	at cucumber.api.TestCase.run(TestCase.java:58)
	at cucumber.runner.Runner.runPickle(Runner.java:80)
	at cucumber.runtime.junit.PickleRunners$NoStepDescriptions.run(PickleRunners.java:140)
	at cucumber.runtime.junit.FeatureRunner.runChild(FeatureRunner.java:68)
	at cucumber.runtime.junit.FeatureRunner.runChild(FeatureRunner.java:23)
	at org.junit.runners.ParentRunner$3.run(ParentRunner.java:290)
	at org.junit.runners.ParentRunner$1.schedule(ParentRunner.java:71)
	at org.junit.runners.ParentRunner.runChildren(ParentRunner.java:288)
	at org.junit.runners.ParentRunner.access$000(ParentRunner.java:58)
	at org.junit.runners.ParentRunner$2.evaluate(ParentRunner.java:268)
	at org.junit.runners.ParentRunner.run(ParentRunner.java:363)
	at cucumber.runtime.junit.FeatureRunner.run(FeatureRunner.java:73)
	at cucumber.api.junit.Cucumber.runChild(Cucumber.java:118)
	at cucumber.api.junit.Cucumber.runChild(Cucumber.java:56)
	at org.junit.runners.ParentRunner$3.run(ParentRunner.java:290)
	at org.junit.runners.ParentRunner$1.schedule(ParentRunner.java:71)
	at org.junit.runners.ParentRunner.runChildren(ParentRunner.java:288)
	at org.junit.runners.ParentRunner.access$000(ParentRunner.java:58)
	at org.junit.runners.ParentRunner$2.evaluate(ParentRunner.java:268)
	at cucumber.api.junit.Cucumber$1.evaluate(Cucumber.java:127)
	at org.junit.runners.ParentRunner.run(ParentRunner.java:363)
	at org.apache.maven.surefire.junit4.JUnit4Provider.execute(JUnit4Provider.java:365)
	at org.apache.maven.surefire.junit4.JUnit4Provider.executeWithRerun(JUnit4Provider.java:273)
	at org.apache.maven.surefire.junit4.JUnit4Provider.executeTestSet(JUnit4Provider.java:238)
	at org.apache.maven.surefire.junit4.JUnit4Provider.invoke(JUnit4Provider.java:159)
	at org.apache.maven.surefire.booter.ForkedBooter.invokeProviderInSameClassLoader(ForkedBooter.java:384)
	at org.apache.maven.surefire.booter.ForkedBooter.runSuitesInProcess(ForkedBooter.java:345)
	at org.apache.maven.surefire.booter.ForkedBooter.execute(ForkedBooter.java:126)
	at org.apache.maven.surefire.booter.ForkedBooter.main(ForkedBooter.java:418)
&amp#27;[0m
    &amp#27;[36mThen &amp#27;[0m&amp#27;[36mKiem tra T?O M?I ??NG KÝ NGH? nhu "&amp#27;[0m&amp#27;[36m&amp#27;[1m&amp#27;[0m&amp#27;[36m"&amp#27;[0m                     &amp#27;[90m# TaoMoiDangKyNghiDefs.Kiem_tra_TAO_MOI_DANG_KY_NGHI_nhu(String,String>>)&amp#27;[0m
    &amp#27;[36mWhen &amp#27;[0m&amp#27;[36mThuc hien MAIN PAGE nhu "&amp#27;[0m&amp#27;[36m&amp#27;[1m&amp#27;[0m&amp#27;[36m"&amp#27;[0m                               &amp#27;[90m# MainPageDefs.Thuc_hien_MAIN_PAGE_nhu(String,String>>)&amp#27;[0m
]]></system-out>
  </testcase>
  <testcase name="Kịch bản kiểm thử chức năng Đăng ký ngày nghỉ" classname="Kịch bản kiểm thử chức năng Đăng ký ngày nghỉ" time="22.925">
    <error message="Expected condition failed: waiting for presence of element located by: By.xpath: //input[@name=&apos;kinh_gui&apos;] (tried for 5 second(s) with 50 milliseconds interval)" type="org.openqa.selenium.TimeoutException">org.openqa.selenium.TimeoutException: Expected condition failed: waiting for presence of element located by: By.xpath: //input[@name='kinh_gui'] (tried for 5 second(s) with 50 milliseconds interval)
Caused by: org.openqa.selenium.NoSuchElementException: 
no such element: Unable to locate element: {"method":"xpath","selector":"//input[@name='kinh_gui']"}
  (Session info: chrome=78.0.3904.108)
For documentation on this error, please visit: https://www.seleniumhq.org/exceptions/no_such_element.html
Build info: version: '3.141.59', revision: 'e82be7d358', time: '2018-11-14T08:17:03'
System info: host: 'DESKTOP-BJ1JOQA', ip: '192.168.1.12', os.name: 'Windows 10', os.arch: 'amd64', os.version: '10.0', java.version: '1.8.0_111'
Driver info: org.openqa.selenium.chrome.ChromeDriver
Capabilities {acceptInsecureCerts: false, browserName: chrome, browserVersion: 78.0.3904.108, chrome: {chromedriverVersion: 78.0.3904.70 (edb9c9f3de024..., userDataDir: C:\Users\ngocn\AppData\Loca...}, goog:chromeOptions: {debuggerAddress: localhost:61663}, javascriptEnabled: true, networkConnectionEnabled: false, pageLoadStrategy: normal, platform: XP, platformName: XP, proxy: Proxy(), setWindowRect: true, strictFileInteractability: false, timeouts: {implicit: 0, pageLoad: 300000, script: 30000}, unhandledPromptBehavior: dismiss and notify}
Session ID: 4c08000c44b925ec0f40fc054a9e03b5
*** Element info: {Using=xpath, value=//input[@name='kinh_gui']}
</error>
    <system-out><![CDATA[
  @DangKyNghi_CTR
  Scenario Outline: K?ch b?n ki?m th? ch?c n?ng ??ng ký ngày ngh? &amp#27;[90m# src/test/resources/features/2_DangKyNghi_CTR_DATA.feature:74&amp#27;[0m
***** INFO ***** Loading data from Data Table into [SESSION_DATA]
    &amp#27;[32mGiven &amp#27;[0m&amp#27;[32mThiet lap du lieu nhu "&amp#27;[0m&amp#27;[32m&amp#27;[1m&amp#27;[0m&amp#27;[32m"&amp#27;[0m                                &amp#27;[90m# CommonDefs.nguoi_dung_thiet_lap_du_lieu_nhu(String,String>>)&amp#27;[0m
***** INFO ***** Loading data from Data Table into [LOGIN]
    &amp#27;[32mWhen &amp#27;[0m&amp#27;[32mNguoi dung dang nhap vao he thong nhu "&amp#27;[0m&amp#27;[32m&amp#27;[1m&amp#27;[0m&amp#27;[32m"&amp#27;[0m                 &amp#27;[90m# CommonDefs.nguoi_dung_dang_nhap_vao_he_thong_nhu(String,String>>)&amp#27;[0m
***** INFO ***** Loading data from Data Table into [MENU]
    &amp#27;[32mWhen &amp#27;[0m&amp#27;[32mNguoi dung vao menu nhu "&amp#27;[0m&amp#27;[32m&amp#27;[1m&amp#27;[0m&amp#27;[32m"&amp#27;[0m                               &amp#27;[90m# CommonDefs.nguoi_dung_vao_menu_nhu(String,String>>)&amp#27;[0m
***** INFO ***** Loading data from Data Table into [TAO_MOI_DANG_KY_NGHI_NHAP]
***WARNING*** Column [Ng??i liên quan] not found in Data Table [TAO_MOI_DANG_KY_NGHI_NHAP].
***WARNING*** Column [Nhân s? ???c ?y quy?n] not found in Data Table [TAO_MOI_DANG_KY_NGHI_NHAP].
***WARNING*** Column [Ngh? ?i n??c ngoài] not found in Data Table [TAO_MOI_DANG_KY_NGHI_NHAP].
    &amp#27;[31mGiven &amp#27;[0m&amp#27;[31mNhap T?O M?I ??NG KÝ NGH? nhu "&amp#27;[0m&amp#27;[31m&amp#27;[1mTC-013&amp#27;[0m&amp#27;[31m"&amp#27;[0m                  &amp#27;[90m# TaoMoiDangKyNghiDefs.Nhap_TAO_MOI_DANG_KY_NGHI_nhu(String,String>>)&amp#27;[0m
      &amp#27;[31morg.openqa.selenium.TimeoutException: Expected condition failed: waiting for presence of element located by: By.xpath: //input[@name='kinh_gui'] (tried for 5 second(s) with 50 milliseconds interval)
	at org.openqa.selenium.support.ui.FluentWait.timeoutException(FluentWait.java:304)
	at org.openqa.selenium.support.ui.FluentWait.until(FluentWait.java:272)
	at net.serenitybdd.core.pages.RenderedPageObjectView.waitFor(RenderedPageObjectView.java:105)
	at net.serenitybdd.core.pages.PageObject.waitFor(PageObject.java:341)
	at hrm.lib.MyPageObject.waitElementToBePresentThenScrollIntoViewAndHighlight(MyPageObject.java:374)
	at hrm.lib.MyPageObject.XH(MyPageObject.java:382)
	at hrm.lib.MyPageObject.waitClearAndType(MyPageObject.java:557)
	at hrm.pages.DangKyNghi.TaoMoiDangKyNghiPage.enter_kinh_gui(TaoMoiDangKyNghiPage.java:39)
	at hrm.steps.serenity.DangKyNghi.TaoMoiDangKyNghiSteps.enter_kinh_gui(TaoMoiDangKyNghiSteps.java:17)
	at hrm.steps.serenity.DangKyNghi.TaoMoiDangKyNghiSteps$$EnhancerByCGLIB$$4cd1d03d.CGLIB$enter_kinh_gui$63(<generated>)
	at hrm.steps.serenity.DangKyNghi.TaoMoiDangKyNghiSteps$$EnhancerByCGLIB$$4cd1d03d$$FastClassByCGLIB$$38947674.invoke(<generated>)
	at net.sf.cglib.proxy.MethodProxy.invokeSuper(MethodProxy.java:228)
	at net.thucydides.core.steps.StepInterceptor.invokeMethod(StepInterceptor.java:460)
	at net.thucydides.core.steps.StepInterceptor.executeTestStepMethod(StepInterceptor.java:445)
	at net.thucydides.core.steps.StepInterceptor.runTestStep(StepInterceptor.java:420)
	at net.thucydides.core.steps.StepInterceptor.runOrSkipMethod(StepInterceptor.java:175)
	at net.thucydides.core.steps.StepInterceptor.testStepResult(StepInterceptor.java:162)
	at net.thucydides.core.steps.StepInterceptor.intercept(StepInterceptor.java:68)
	at hrm.steps.serenity.DangKyNghi.TaoMoiDangKyNghiSteps$$EnhancerByCGLIB$$4cd1d03d.enter_kinh_gui(<generated>)
	at hrm.steps.defs.TaoMoiDangKyNghiDefs.Nhap_TAO_MOI_DANG_KY_NGHI_nhu(TaoMoiDangKyNghiDefs.java:53)
	at ?.Nhap T?O M?I ??NG KÝ NGH? nhu "TC-013"(src/test/resources/features/2_DangKyNghi_CTR_DATA.feature:15)
Caused by: org.openqa.selenium.NoSuchElementException: no such element: Unable to locate element: {"method":"xpath","selector":"//input[@name='kinh_gui']"}
  (Session info: chrome=78.0.3904.108)
For documentation on this error, please visit: https://www.seleniumhq.org/exceptions/no_such_element.html
Build info: version: '3.141.59', revision: 'e82be7d358', time: '2018-11-14T08:17:03'
System info: host: 'DESKTOP-BJ1JOQA', ip: '192.168.1.12', os.name: 'Windows 10', os.arch: 'amd64', os.version: '10.0', java.version: '1.8.0_111'
Driver info: org.openqa.selenium.chrome.ChromeDriver
Capabilities {acceptInsecureCerts: false, browserName: chrome, browserVersion: 78.0.3904.108, chrome: {chromedriverVersion: 78.0.3904.70 (edb9c9f3de024..., userDataDir: C:\Users\ngocn\AppData\Loca...}, goog:chromeOptions: {debuggerAddress: localhost:61663}, javascriptEnabled: true, networkConnectionEnabled: false, pageLoadStrategy: normal, platform: XP, platformName: XP, proxy: Proxy(), setWindowRect: true, strictFileInteractability: false, timeouts: {implicit: 0, pageLoad: 300000, script: 30000}, unhandledPromptBehavior: dismiss and notify}
Session ID: 4c08000c44b925ec0f40fc054a9e03b5
*** Element info: {Using=xpath, value=//input[@name='kinh_gui']}
	at sun.reflect.GeneratedConstructorAccessor45.newInstance(Unknown Source)
	at sun.reflect.DelegatingConstructorAccessorImpl.newInstance(DelegatingConstructorAccessorImpl.java:45)
	at java.lang.reflect.Constructor.newInstance(Constructor.java:423)
	at org.openqa.selenium.remote.http.W3CHttpResponseCodec.createException(W3CHttpResponseCodec.java:187)
	at org.openqa.selenium.remote.http.W3CHttpResponseCodec.decode(W3CHttpResponseCodec.java:122)
	at org.openqa.selenium.remote.http.W3CHttpResponseCodec.decode(W3CHttpResponseCodec.java:49)
	at org.openqa.selenium.remote.HttpCommandExecutor.execute(HttpCommandExecutor.java:158)
	at org.openqa.selenium.remote.service.DriverCommandExecutor.execute(DriverCommandExecutor.java:83)
	at org.openqa.selenium.remote.RemoteWebDriver.execute(RemoteWebDriver.java:552)
	at org.openqa.selenium.remote.RemoteWebDriver.findElement(RemoteWebDriver.java:323)
	at org.openqa.selenium.remote.RemoteWebDriver.findElementByXPath(RemoteWebDriver.java:428)
	at org.openqa.selenium.By$ByXPath.findElement(By.java:353)
	at org.openqa.selenium.remote.RemoteWebDriver.findElement(RemoteWebDriver.java:315)
	at net.thucydides.core.webdriver.WebDriverFacade.findElement(WebDriverFacade.java:222)
	at org.openqa.selenium.support.ui.ExpectedConditions$6.apply(ExpectedConditions.java:182)
	at org.openqa.selenium.support.ui.ExpectedConditions$6.apply(ExpectedConditions.java:179)
	at org.openqa.selenium.support.ui.FluentWait.until(FluentWait.java:249)
	at net.serenitybdd.core.pages.RenderedPageObjectView.waitFor(RenderedPageObjectView.java:105)
	at net.serenitybdd.core.pages.PageObject.waitFor(PageObject.java:341)
	at hrm.lib.MyPageObject.waitElementToBePresentThenScrollIntoViewAndHighlight(MyPageObject.java:374)
	at hrm.lib.MyPageObject.XH(MyPageObject.java:382)
	at hrm.lib.MyPageObject.waitClearAndType(MyPageObject.java:557)
	at hrm.pages.DangKyNghi.TaoMoiDangKyNghiPage.enter_kinh_gui(TaoMoiDangKyNghiPage.java:39)
	at hrm.steps.serenity.DangKyNghi.TaoMoiDangKyNghiSteps.enter_kinh_gui(TaoMoiDangKyNghiSteps.java:17)
	at hrm.steps.serenity.DangKyNghi.TaoMoiDangKyNghiSteps$$EnhancerByCGLIB$$4cd1d03d.CGLIB$enter_kinh_gui$63(<generated>)
	at hrm.steps.serenity.DangKyNghi.TaoMoiDangKyNghiSteps$$EnhancerByCGLIB$$4cd1d03d$$FastClassByCGLIB$$38947674.invoke(<generated>)
	at net.sf.cglib.proxy.MethodProxy.invokeSuper(MethodProxy.java:228)
	at net.thucydides.core.steps.StepInterceptor.invokeMethod(StepInterceptor.java:460)
	at net.thucydides.core.steps.StepInterceptor.executeTestStepMethod(StepInterceptor.java:445)
	at net.thucydides.core.steps.StepInterceptor.runTestStep(StepInterceptor.java:420)
	at net.thucydides.core.steps.StepInterceptor.runOrSkipMethod(StepInterceptor.java:175)
	at net.thucydides.core.steps.StepInterceptor.testStepResult(StepInterceptor.java:162)
	at net.thucydides.core.steps.StepInterceptor.intercept(StepInterceptor.java:68)
	at hrm.steps.serenity.DangKyNghi.TaoMoiDangKyNghiSteps$$EnhancerByCGLIB$$4cd1d03d.enter_kinh_gui(<generated>)
	at hrm.steps.defs.TaoMoiDangKyNghiDefs.Nhap_TAO_MOI_DANG_KY_NGHI_nhu(TaoMoiDangKyNghiDefs.java:53)
	at sun.reflect.GeneratedMethodAccessor49.invoke(Unknown Source)
	at sun.reflect.DelegatingMethodAccessorImpl.invoke(DelegatingMethodAccessorImpl.java:43)
	at java.lang.reflect.Method.invoke(Method.java:498)
	at cucumber.runtime.Utils$1.call(Utils.java:31)
	at cucumber.runtime.Timeout.timeout(Timeout.java:16)
	at cucumber.runtime.Utils.invoke(Utils.java:25)
	at cucumber.runtime.java.JavaStepDefinition.execute(JavaStepDefinition.java:37)
	at cucumber.runtime.StepDefinitionMatch.runStep(StepDefinitionMatch.java:40)
	at cucumber.api.TestStep.executeStep(TestStep.java:102)
	at cucumber.api.TestStep.run(TestStep.java:83)
	at cucumber.api.TestCase.run(TestCase.java:58)
	at cucumber.runner.Runner.runPickle(Runner.java:80)
	at cucumber.runtime.junit.PickleRunners$NoStepDescriptions.run(PickleRunners.java:140)
	at cucumber.runtime.junit.FeatureRunner.runChild(FeatureRunner.java:68)
	at cucumber.runtime.junit.FeatureRunner.runChild(FeatureRunner.java:23)
	at org.junit.runners.ParentRunner$3.run(ParentRunner.java:290)
	at org.junit.runners.ParentRunner$1.schedule(ParentRunner.java:71)
	at org.junit.runners.ParentRunner.runChildren(ParentRunner.java:288)
	at org.junit.runners.ParentRunner.access$000(ParentRunner.java:58)
	at org.junit.runners.ParentRunner$2.evaluate(ParentRunner.java:268)
	at org.junit.runners.ParentRunner.run(ParentRunner.java:363)
	at cucumber.runtime.junit.FeatureRunner.run(FeatureRunner.java:73)
	at cucumber.api.junit.Cucumber.runChild(Cucumber.java:118)
	at cucumber.api.junit.Cucumber.runChild(Cucumber.java:56)
	at org.junit.runners.ParentRunner$3.run(ParentRunner.java:290)
	at org.junit.runners.ParentRunner$1.schedule(ParentRunner.java:71)
	at org.junit.runners.ParentRunner.runChildren(ParentRunner.java:288)
	at org.junit.runners.ParentRunner.access$000(ParentRunner.java:58)
	at org.junit.runners.ParentRunner$2.evaluate(ParentRunner.java:268)
	at cucumber.api.junit.Cucumber$1.evaluate(Cucumber.java:127)
	at org.junit.runners.ParentRunner.run(ParentRunner.java:363)
	at org.apache.maven.surefire.junit4.JUnit4Provider.execute(JUnit4Provider.java:365)
	at org.apache.maven.surefire.junit4.JUnit4Provider.executeWithRerun(JUnit4Provider.java:273)
	at org.apache.maven.surefire.junit4.JUnit4Provider.executeTestSet(JUnit4Provider.java:238)
	at org.apache.maven.surefire.junit4.JUnit4Provider.invoke(JUnit4Provider.java:159)
	at org.apache.maven.surefire.booter.ForkedBooter.invokeProviderInSameClassLoader(ForkedBooter.java:384)
	at org.apache.maven.surefire.booter.ForkedBooter.runSuitesInProcess(ForkedBooter.java:345)
	at org.apache.maven.surefire.booter.ForkedBooter.execute(ForkedBooter.java:126)
	at org.apache.maven.surefire.booter.ForkedBooter.main(ForkedBooter.java:418)
&amp#27;[0m
    &amp#27;[36mWhen &amp#27;[0m&amp#27;[36mThuc hien T?O M?I ??NG KÝ NGH? nhu "&amp#27;[0m&amp#27;[36m&amp#27;[1mTC-013&amp#27;[0m&amp#27;[36m"&amp#27;[0m              &amp#27;[90m# TaoMoiDangKyNghiDefs.Thuc_hien_TAO_MOI_DANG_KY_NGHI_nhu(String,String>>)&amp#27;[0m
    &amp#27;[36mThen &amp#27;[0m&amp#27;[36mKiem tra T?O M?I ??NG KÝ NGH? nhu "&amp#27;[0m&amp#27;[36m&amp#27;[1mTC-013&amp#27;[0m&amp#27;[36m"&amp#27;[0m               &amp#27;[90m# TaoMoiDangKyNghiDefs.Kiem_tra_TAO_MOI_DANG_KY_NGHI_nhu(String,String>>)&amp#27;[0m
    &amp#27;[36mWhen &amp#27;[0m&amp#27;[36mThuc hien MAIN PAGE nhu "&amp#27;[0m&amp#27;[36m&amp#27;[1m&amp#27;[0m&amp#27;[36m"&amp#27;[0m                               &amp#27;[90m# MainPageDefs.Thuc_hien_MAIN_PAGE_nhu(String,String>>)&amp#27;[0m
]]></system-out>
  </testcase>
  <testcase name="Kịch bản kiểm thử chức năng Đăng ký ngày nghỉ" classname="Kịch bản kiểm thử chức năng Đăng ký ngày nghỉ" time="17.702">
    <error message="Expected enabled element was not enabled" type="net.thucydides.core.webdriver.exceptions.ElementShouldBeEnabledException">net.thucydides.core.webdriver.exceptions.ElementShouldBeEnabledException: Expected enabled element was not enabled
Caused by: org.openqa.selenium.TimeoutException: 
Expected condition failed: waiting for By.xpath: //button[@class='btn btn-secondary o_form_button_cancel'] to be clickable (tried for 5 second(s) with 100 milliseconds interval)
Build info: version: '3.141.59', revision: 'e82be7d358', time: '2018-11-14T08:17:03'
System info: host: 'DESKTOP-BJ1JOQA', ip: '192.168.1.12', os.name: 'Windows 10', os.arch: 'amd64', os.version: '10.0', java.version: '1.8.0_111'
Driver info: driver.version: unknown
</error>
    <system-out><![CDATA[
  @DangKyNghi_CTR
  Scenario Outline: K?ch b?n ki?m th? ch?c n?ng ??ng ký ngày ngh? &amp#27;[90m# src/test/resources/features/2_DangKyNghi_CTR_DATA.feature:75&amp#27;[0m
***** INFO ***** Loading data from Data Table into [SESSION_DATA]
    &amp#27;[32mGiven &amp#27;[0m&amp#27;[32mThiet lap du lieu nhu "&amp#27;[0m&amp#27;[32m&amp#27;[1m&amp#27;[0m&amp#27;[32m"&amp#27;[0m                                &amp#27;[90m# CommonDefs.nguoi_dung_thiet_lap_du_lieu_nhu(String,String>>)&amp#27;[0m
***** INFO ***** Loading data from Data Table into [LOGIN]
    &amp#27;[32mWhen &amp#27;[0m&amp#27;[32mNguoi dung dang nhap vao he thong nhu "&amp#27;[0m&amp#27;[32m&amp#27;[1m&amp#27;[0m&amp#27;[32m"&amp#27;[0m                 &amp#27;[90m# CommonDefs.nguoi_dung_dang_nhap_vao_he_thong_nhu(String,String>>)&amp#27;[0m
***** INFO ***** Loading data from Data Table into [MENU]
    &amp#27;[32mWhen &amp#27;[0m&amp#27;[32mNguoi dung vao menu nhu "&amp#27;[0m&amp#27;[32m&amp#27;[1m&amp#27;[0m&amp#27;[32m"&amp#27;[0m                               &amp#27;[90m# CommonDefs.nguoi_dung_vao_menu_nhu(String,String>>)&amp#27;[0m
***** INFO ***** Loading data from Data Table into [TAO_MOI_DANG_KY_NGHI_NHAP]
    &amp#27;[32mGiven &amp#27;[0m&amp#27;[32mNhap T?O M?I ??NG KÝ NGH? nhu "&amp#27;[0m&amp#27;[32m&amp#27;[1m&amp#27;[0m&amp#27;[32m"&amp#27;[0m                        &amp#27;[90m# TaoMoiDangKyNghiDefs.Nhap_TAO_MOI_DANG_KY_NGHI_nhu(String,String>>)&amp#27;[0m
***** INFO ***** Loading data from Data Table into [TAO_MOI_DANG_KY_NGHI_THUC_HIEN]
    &amp#27;[31mWhen &amp#27;[0m&amp#27;[31mThuc hien T?O M?I ??NG KÝ NGH? nhu "&amp#27;[0m&amp#27;[31m&amp#27;[1mHUY&amp#27;[0m&amp#27;[31m"&amp#27;[0m                 &amp#27;[90m# TaoMoiDangKyNghiDefs.Thuc_hien_TAO_MOI_DANG_KY_NGHI_nhu(String,String>>)&amp#27;[0m
      &amp#27;[31mnet.thucydides.core.webdriver.exceptions.ElementShouldBeEnabledException: Expected enabled element was not enabled
	at net.serenitybdd.core.pages.WebElementFacadeImpl.waitUntilClickable(WebElementFacadeImpl.java:1161)
	at hrm.lib.MyPageObject.clickOnElement(MyPageObject.java:450)
	at hrm.pages.DangKyNghi.TaoMoiDangKyNghiPage.click_huy_bo(TaoMoiDangKyNghiPage.java:330)
	at hrm.steps.serenity.DangKyNghi.TaoMoiDangKyNghiSteps.click_huy_bo(TaoMoiDangKyNghiSteps.java:374)
	at hrm.steps.serenity.DangKyNghi.TaoMoiDangKyNghiSteps$$EnhancerByCGLIB$$4cd1d03d.CGLIB$click_huy_bo$50(<generated>)
	at hrm.steps.serenity.DangKyNghi.TaoMoiDangKyNghiSteps$$EnhancerByCGLIB$$4cd1d03d$$FastClassByCGLIB$$38947674.invoke(<generated>)
	at net.sf.cglib.proxy.MethodProxy.invokeSuper(MethodProxy.java:228)
	at net.thucydides.core.steps.StepInterceptor.invokeMethod(StepInterceptor.java:460)
	at net.thucydides.core.steps.StepInterceptor.executeTestStepMethod(StepInterceptor.java:445)
	at net.thucydides.core.steps.StepInterceptor.runTestStep(StepInterceptor.java:420)
	at net.thucydides.core.steps.StepInterceptor.runOrSkipMethod(StepInterceptor.java:175)
	at net.thucydides.core.steps.StepInterceptor.testStepResult(StepInterceptor.java:162)
	at net.thucydides.core.steps.StepInterceptor.intercept(StepInterceptor.java:68)
	at hrm.steps.serenity.DangKyNghi.TaoMoiDangKyNghiSteps$$EnhancerByCGLIB$$4cd1d03d.click_huy_bo(<generated>)
	at hrm.steps.defs.TaoMoiDangKyNghiDefs.Thuc_hien_TAO_MOI_DANG_KY_NGHI_nhu(TaoMoiDangKyNghiDefs.java:215)
	at ?.Thuc hien T?O M?I ??NG KÝ NGH? nhu "HUY"(src/test/resources/features/2_DangKyNghi_CTR_DATA.feature:27)
Caused by: org.openqa.selenium.TimeoutException: Expected condition failed: waiting for By.xpath: //button[@class='btn btn-secondary o_form_button_cancel'] to be clickable (tried for 5 second(s) with 100 milliseconds interval)
Build info: version: '3.141.59', revision: 'e82be7d358', time: '2018-11-14T08:17:03'
System info: host: 'DESKTOP-BJ1JOQA', ip: '192.168.1.12', os.name: 'Windows 10', os.arch: 'amd64', os.version: '10.0', java.version: '1.8.0_111'
Driver info: driver.version: unknown
	at org.openqa.selenium.support.ui.FluentWait.timeoutException(FluentWait.java:304)
	at org.openqa.selenium.support.ui.FluentWait.until(FluentWait.java:272)
	at net.serenitybdd.core.pages.WebElementFacadeImpl.waitUntilClickable(WebElementFacadeImpl.java:1158)
	at hrm.lib.MyPageObject.clickOnElement(MyPageObject.java:450)
	at hrm.pages.DangKyNghi.TaoMoiDangKyNghiPage.click_huy_bo(TaoMoiDangKyNghiPage.java:330)
	at hrm.steps.serenity.DangKyNghi.TaoMoiDangKyNghiSteps.click_huy_bo(TaoMoiDangKyNghiSteps.java:374)
	at hrm.steps.serenity.DangKyNghi.TaoMoiDangKyNghiSteps$$EnhancerByCGLIB$$4cd1d03d.CGLIB$click_huy_bo$50(<generated>)
	at hrm.steps.serenity.DangKyNghi.TaoMoiDangKyNghiSteps$$EnhancerByCGLIB$$4cd1d03d$$FastClassByCGLIB$$38947674.invoke(<generated>)
	at net.sf.cglib.proxy.MethodProxy.invokeSuper(MethodProxy.java:228)
	at net.thucydides.core.steps.StepInterceptor.invokeMethod(StepInterceptor.java:460)
	at net.thucydides.core.steps.StepInterceptor.executeTestStepMethod(StepInterceptor.java:445)
	at net.thucydides.core.steps.StepInterceptor.runTestStep(StepInterceptor.java:420)
	at net.thucydides.core.steps.StepInterceptor.runOrSkipMethod(StepInterceptor.java:175)
	at net.thucydides.core.steps.StepInterceptor.testStepResult(StepInterceptor.java:162)
	at net.thucydides.core.steps.StepInterceptor.intercept(StepInterceptor.java:68)
	at hrm.steps.serenity.DangKyNghi.TaoMoiDangKyNghiSteps$$EnhancerByCGLIB$$4cd1d03d.click_huy_bo(<generated>)
	at hrm.steps.defs.TaoMoiDangKyNghiDefs.Thuc_hien_TAO_MOI_DANG_KY_NGHI_nhu(TaoMoiDangKyNghiDefs.java:215)
	at sun.reflect.NativeMethodAccessorImpl.invoke0(Native Method)
	at sun.reflect.NativeMethodAccessorImpl.invoke(NativeMethodAccessorImpl.java:62)
	at sun.reflect.DelegatingMethodAccessorImpl.invoke(DelegatingMethodAccessorImpl.java:43)
	at java.lang.reflect.Method.invoke(Method.java:498)
	at cucumber.runtime.Utils$1.call(Utils.java:31)
	at cucumber.runtime.Timeout.timeout(Timeout.java:16)
	at cucumber.runtime.Utils.invoke(Utils.java:25)
	at cucumber.runtime.java.JavaStepDefinition.execute(JavaStepDefinition.java:37)
	at cucumber.runtime.StepDefinitionMatch.runStep(StepDefinitionMatch.java:40)
	at cucumber.api.TestStep.executeStep(TestStep.java:102)
	at cucumber.api.TestStep.run(TestStep.java:83)
	at cucumber.api.TestCase.run(TestCase.java:58)
	at cucumber.runner.Runner.runPickle(Runner.java:80)
	at cucumber.runtime.junit.PickleRunners$NoStepDescriptions.run(PickleRunners.java:140)
	at cucumber.runtime.junit.FeatureRunner.runChild(FeatureRunner.java:68)
	at cucumber.runtime.junit.FeatureRunner.runChild(FeatureRunner.java:23)
	at org.junit.runners.ParentRunner$3.run(ParentRunner.java:290)
	at org.junit.runners.ParentRunner$1.schedule(ParentRunner.java:71)
	at org.junit.runners.ParentRunner.runChildren(ParentRunner.java:288)
	at org.junit.runners.ParentRunner.access$000(ParentRunner.java:58)
	at org.junit.runners.ParentRunner$2.evaluate(ParentRunner.java:268)
	at org.junit.runners.ParentRunner.run(ParentRunner.java:363)
	at cucumber.runtime.junit.FeatureRunner.run(FeatureRunner.java:73)
	at cucumber.api.junit.Cucumber.runChild(Cucumber.java:118)
	at cucumber.api.junit.Cucumber.runChild(Cucumber.java:56)
	at org.junit.runners.ParentRunner$3.run(ParentRunner.java:290)
	at org.junit.runners.ParentRunner$1.schedule(ParentRunner.java:71)
	at org.junit.runners.ParentRunner.runChildren(ParentRunner.java:288)
	at org.junit.runners.ParentRunner.access$000(ParentRunner.java:58)
	at org.junit.runners.ParentRunner$2.evaluate(ParentRunner.java:268)
	at cucumber.api.junit.Cucumber$1.evaluate(Cucumber.java:127)
	at org.junit.runners.ParentRunner.run(ParentRunner.java:363)
	at org.apache.maven.surefire.junit4.JUnit4Provider.execute(JUnit4Provider.java:365)
	at org.apache.maven.surefire.junit4.JUnit4Provider.executeWithRerun(JUnit4Provider.java:273)
	at org.apache.maven.surefire.junit4.JUnit4Provider.executeTestSet(JUnit4Provider.java:238)
	at org.apache.maven.surefire.junit4.JUnit4Provider.invoke(JUnit4Provider.java:159)
	at org.apache.maven.surefire.booter.ForkedBooter.invokeProviderInSameClassLoader(ForkedBooter.java:384)
	at org.apache.maven.surefire.booter.ForkedBooter.runSuitesInProcess(ForkedBooter.java:345)
	at org.apache.maven.surefire.booter.ForkedBooter.execute(ForkedBooter.java:126)
	at org.apache.maven.surefire.booter.ForkedBooter.main(ForkedBooter.java:418)
&amp#27;[0m
    &amp#27;[36mThen &amp#27;[0m&amp#27;[36mKiem tra T?O M?I ??NG KÝ NGH? nhu "&amp#27;[0m&amp#27;[36m&amp#27;[1m&amp#27;[0m&amp#27;[36m"&amp#27;[0m                     &amp#27;[90m# TaoMoiDangKyNghiDefs.Kiem_tra_TAO_MOI_DANG_KY_NGHI_nhu(String,String>>)&amp#27;[0m
    &amp#27;[36mWhen &amp#27;[0m&amp#27;[36mThuc hien MAIN PAGE nhu "&amp#27;[0m&amp#27;[36m&amp#27;[1m&amp#27;[0m&amp#27;[36m"&amp#27;[0m                               &amp#27;[90m# MainPageDefs.Thuc_hien_MAIN_PAGE_nhu(String,String>>)&amp#27;[0m
]]></system-out>
  </testcase>
  <testcase name="Log to excel" classname="Kịch bản kiểm thử chức năng Đăng ký ngày nghỉ" time="4.96"/>
</testsuite>